This is LuaTeX, Version 1.07.0 (MiKTeX 2.9.6600 64-bit)  (format=lualatex 2018.4.20)  20 APR 2018 09:38
 restricted system commands enabled.
**4e.tex
(./4e.tex
LaTeX2e <2017-04-15>
Lua module: luaotfload-main 2017/01/29 2.80001 OpenType layout system.
Lua module: lualibs 2017-02-01 2.5 ConTeXt Lua standard libraries.
Lua module: lualibs-extended 2017-02-01 2.5 ConTeXt Lua libraries -- extended co
llection.(using cache: C:/Users/carle/AppData/Local/MiKTeX/2.9/luatex-cache/gene
ric)
luaotfload | conf : Root cache directory is C:/Users/carle/AppData/Local/MiKTeX/
2.9/luatex-cache/generic/names.
luaotfload | init : Loading fontloader “fontloader-2017-02-11.lua” from kpse
-resolved path “C:/Program Files/MiKTeX 2.9/tex/luatex/luaotfload/fontloader-2
017-02-11.lua”.
Lua-only attribute luaotfload@state = 1
Lua-only attribute luaotfload@noligature = 2
Lua-only attribute luaotfload@syllabe = 3
luaotfload | init : Context OpenType loader version “3.027”
Inserting `luaotfload.node_processor' at position 1 in `pre_linebreak_filter'.
Inserting `luaotfload.node_processor' at position 1 in `hpack_filter'.
Inserting `luaotfload.define_font' at position 1 in `define_font'.
Lua-only attribute luaotfload_color_attribute = 4
luaotfload | conf : Root cache directory is C:/Users/carle/AppData/Local/MiKTeX/
2.9/luatex-cache/generic/names.
Inserting `luaotfload.aux.set_sscale_dimens' at position 1 in `luaotfload.patch_
font'.
Inserting `luaotfload.aux.patch_cambria_domh' at position 2 in `luaotfload.patch
_font'.
Inserting `luaotfload.aux.fixup_fontdata' at position 1 in `luaotfload.patch_fon
t_unsafe'.
Inserting `luaotfload.aux.set_capheight' at position 3 in `luaotfload.patch_font
'.
Inserting `luaotfload.rewrite_fontname' at position 4 in `luaotfload.patch_font'
.
luaotfload | main : initialization completed in 0.795 seconds
Babel <3.18> and hyphenation patterns for 1 language(s) loaded.
("C:/Program Files/MiKTeX 2.9/tex/latex/base/article.cls"
Document Class: article 2014/09/29 v1.4h Standard LaTeX document class
("C:/Program Files/MiKTeX 2.9/tex/latex/base/size10.clo"
File: size10.clo 2014/09/29 v1.4h Standard LaTeX file (size option)
luaotfload | db : Font names database not found, generating new one.
luaotfload | db : This can take several minutes; please be patient.(save: C:/Use
rs/carle/AppData/Local/MiKTeX/2.9/luatex-cache/generic/fonts/otl/lmroman10-regul
ar.lua)(save: C:/Users/carle/AppData/Local/MiKTeX/2.9/luatex-cache/generic/fonts
/otl/lmroman10-regular.luc))
\c@part=\count79
\c@section=\count80
\c@subsection=\count81
\c@subsubsection=\count82
\c@paragraph=\count83
\c@subparagraph=\count84
\c@figure=\count85
\c@table=\count86
\abovecaptionskip=\skip41
\belowcaptionskip=\skip42
\bibindent=\dimen102
)
("C:/Program Files/MiKTeX 2.9/tex/latex/geometry/geometry.sty"
Package: geometry 2010/09/12 v5.6 Page Geometry

("C:/Program Files/MiKTeX 2.9/tex/latex/graphics/keyval.sty"
Package: keyval 2014/10/28 v1.15 key=value parser (DPC)
\KV@toks@=\toks14
)
("C:/Program Files/MiKTeX 2.9/tex/generic/oberdiek/ifpdf.sty"
Package: ifpdf 2017/03/15 v3.2 Provides the ifpdf switch
)
("C:/Program Files/MiKTeX 2.9/tex/generic/oberdiek/ifvtex.sty"
Package: ifvtex 2016/05/16 v1.6 Detect VTeX and its facilities (HO)
Package ifvtex Info: VTeX not detected.
)
("C:/Program Files/MiKTeX 2.9/tex/generic/ifxetex/ifxetex.sty"
Package: ifxetex 2010/09/12 v0.6 Provides ifxetex conditional
)
\Gm@cnth=\count87
\Gm@cntv=\count88
\c@Gm@tempcnt=\count89
\Gm@bindingoffset=\dimen103
\Gm@wd@mp=\dimen104
\Gm@odd@mp=\dimen105
\Gm@even@mp=\dimen106
\Gm@layoutwidth=\dimen107
\Gm@layoutheight=\dimen108
\Gm@layouthoffset=\dimen109
\Gm@layoutvoffset=\dimen110
\Gm@dimlist=\toks15

("C:/Program Files/MiKTeX 2.9/tex/latex/geometry/geometry.cfg"))
("C:/Program Files/MiKTeX 2.9/tex/latex/tools/array.sty"
Package: array 2016/10/06 v2.4d Tabular extension package (FMi)
\col@sep=\dimen111
\extrarowheight=\dimen112
\NC@list=\toks16
\extratabsurround=\skip43
\backup@length=\skip44
)
("C:/Program Files/MiKTeX 2.9/tex/latex/graphics/graphicx.sty"
Package: graphicx 2017/06/01 v1.1a Enhanced LaTeX Graphics (DPC,SPQR)

("C:/Program Files/MiKTeX 2.9/tex/latex/graphics/graphics.sty"
Package: graphics 2017/06/25 v1.2c Standard LaTeX Graphics (DPC,SPQR)

("C:/Program Files/MiKTeX 2.9/tex/latex/graphics/trig.sty"
Package: trig 2016/01/03 v1.10 sin cos tan (DPC)
)
("C:/Program Files/MiKTeX 2.9/tex/latex/graphics-cfg/graphics.cfg"
File: graphics.cfg 2016/06/04 v1.11 sample graphics configuration
)
Package graphics Info: Driver file: luatex.def on input line 99.

("C:/Program Files/MiKTeX 2.9/tex/latex/graphics-def/luatex.def"
File: luatex.def 2018/01/08 v1.0l Graphics/color driver for luatex
))
\Gin@req@height=\dimen113
\Gin@req@width=\dimen114
)
(C:/Users/carle/AppData/Roaming/MiKTeX/2.9/tex/latex/natbib/natbib.sty
Package: natbib 2010/09/13 8.31b (PWD, AO)
\bibhang=\skip45
\bibsep=\skip46
LaTeX Info: Redefining \cite on input line 694.
\c@NAT@ctr=\count90
)
("C:/Program Files/MiKTeX 2.9/tex/latex/amsmath/amsmath.sty"
Package: amsmath 2017/09/02 v2.17a AMS math features
\@mathmargin=\skip47

For additional information on amsmath, use the `?' option.
("C:/Program Files/MiKTeX 2.9/tex/latex/amsmath/amstext.sty"
Package: amstext 2000/06/29 v2.01 AMS text

("C:/Program Files/MiKTeX 2.9/tex/latex/amsmath/amsgen.sty"
File: amsgen.sty 1999/11/30 v2.0 generic functions
\@emptytoks=\toks17
\ex@=\dimen115
))
("C:/Program Files/MiKTeX 2.9/tex/latex/amsmath/amsbsy.sty"
Package: amsbsy 1999/11/29 v1.2d Bold Symbols
\pmbraise@=\dimen116
)
("C:/Program Files/MiKTeX 2.9/tex/latex/amsmath/amsopn.sty"
Package: amsopn 2016/03/08 v2.02 operator names
)
\inf@bad=\count91
LaTeX Info: Redefining \frac on input line 213.
\uproot@=\count92
\leftroot@=\count93
LaTeX Info: Redefining \overline on input line 375.
\classnum@=\count94
\DOTSCASE@=\count95
LaTeX Info: Redefining \ldots on input line 472.
LaTeX Info: Redefining \dots on input line 475.
LaTeX Info: Redefining \cdots on input line 596.
\Mathstrutbox@=\box26
\strutbox@=\box27
\big@size=\dimen117
LaTeX Font Info:    Redeclaring font encoding OML on input line 712.
LaTeX Font Info:    Redeclaring font encoding OMS on input line 713.
\macc@depth=\count96
\c@MaxMatrixCols=\count97
\dotsspace@=\muskip10
\c@parentequation=\count98
\dspbrk@lvl=\count99
\tag@help=\toks18
\row@=\count100
\column@=\count101
\maxfields@=\count102
\andhelp@=\toks19
\eqnshift@=\dimen118
\alignsep@=\dimen119
\tagshift@=\dimen120
\tagwidth@=\dimen121
\totwidth@=\dimen122
\lineht@=\dimen123
\@envbody=\toks20
\multlinegap=\skip48
\multlinetaggap=\skip49
\mathdisplay@stack=\toks21
LaTeX Info: Redefining \[ on input line 2817.
LaTeX Info: Redefining \] on input line 2818.
)
("C:/Program Files/MiKTeX 2.9/tex/latex/amsfonts/amssymb.sty"
Package: amssymb 2013/01/14 v3.01 AMS font symbols

("C:/Program Files/MiKTeX 2.9/tex/latex/amsfonts/amsfonts.sty"
Package: amsfonts 2013/01/14 v3.01 Basic AMSFonts support
\symAMSa=\mathgroup4
\symAMSb=\mathgroup5
LaTeX Font Info:    Overwriting math alphabet `\mathfrak' in version `bold'
(Font)                  U/euf/m/n --> U/euf/b/n on input line 106.
))
No file 4e.aux.

\openout1 = 4e.aux
LaTeX Font Info:    Checking defaults for OML/cmm/m/it on input line 11.
LaTeX Font Info:    ... okay on input line 11.
LaTeX Font Info:    Checking defaults for T1/cmr/m/n on input line 11.
LaTeX Font Info:    ... okay on input line 11.
LaTeX Font Info:    Checking defaults for OT1/cmr/m/n on input line 11.
LaTeX Font Info:    ... okay on input line 11.
LaTeX Font Info:    Checking defaults for OMS/cmsy/m/n on input line 11.
LaTeX Font Info:    ... okay on input line 11.
LaTeX Font Info:    Checking defaults for TU/lmr/m/n on input line 11.
LaTeX Font Info:    ... okay on input line 11.
LaTeX Font Info:    Checking defaults for OMX/cmex/m/n on input line 11.
LaTeX Font Info:    ... okay on input line 11.
LaTeX Font Info:    Checking defaults for U/cmr/m/n on input line 11.
LaTeX Font Info:    ... okay on input line 11.
*geometry* driver: auto-detecting
*geometry* detected driver: pdftex
*geometry* verbose mode - [ preamble ] result:
* driver: pdftex
* paper: <default>
* layout: <same size as paper>
* layoutoffset:(h,v)=(0.0pt,0.0pt)
* modes: 
* h-part:(L,W,R)=(72.26999pt, 469.75502pt, 72.26999pt)
* v-part:(T,H,B)=(72.26999pt, 650.43001pt, 72.26999pt)
* \paperwidth=614.295pt
* \paperheight=794.96999pt
* \textwidth=469.75502pt
* \textheight=650.43001pt
* \oddsidemargin=0.0pt
* \evensidemargin=0.0pt
* \topmargin=-37.0pt
* \headheight=12.0pt
* \headsep=25.0pt
* \topskip=10.0pt
* \footskip=30.0pt
* \marginparwidth=65.0pt
* \marginparsep=11.0pt
* \columnsep=10.0pt
* \skip\footins=9.0pt plus 4.0pt minus 2.0pt
* \hoffset=0.0pt
* \voffset=0.0pt
* \mag=1000
* \@twocolumnfalse
* \@twosidefalse
* \@mparswitchfalse
* \@reversemarginfalse
* (1in=72.27pt=25.4mm, 1cm=28.453pt)

(C:/Users/carle/AppData/Roaming/MiKTeX/2.9/tex/context/base/supp-pdf.mkii
[Loading MPS to PDF converter (version 2006.09.02).]
\scratchcounter=\count103
\scratchdimen=\dimen124
\scratchbox=\box28
\nofMPsegments=\count104
\nofMParguments=\count105
\everyMPshowfont=\toks22
\MPscratchCnt=\count106
\MPscratchDim=\dimen125
\MPnumerator=\count107
\makeMPintoPDFobject=\count108
\everyMPtoPDFconversion=\toks23
) ("C:/Program Files/MiKTeX 2.9/tex/latex/oberdiek/epstopdf-base.sty"
Package: epstopdf-base 2016/05/15 v2.6 Base part for package epstopdf

("C:/Program Files/MiKTeX 2.9/tex/generic/oberdiek/infwarerr.sty"
Package: infwarerr 2016/05/16 v1.4 Providing info/warning/error messages (HO)
)
("C:/Program Files/MiKTeX 2.9/tex/latex/oberdiek/grfext.sty"
Package: grfext 2016/05/16 v1.2 Manage graphics extensions (HO)

("C:/Program Files/MiKTeX 2.9/tex/generic/oberdiek/kvdefinekeys.sty"
Package: kvdefinekeys 2016/05/16 v1.4 Define keys (HO)

("C:/Program Files/MiKTeX 2.9/tex/generic/oberdiek/ltxcmds.sty"
Package: ltxcmds 2016/05/16 v1.23 LaTeX kernel commands for general use (HO)
)))
("C:/Program Files/MiKTeX 2.9/tex/latex/oberdiek/kvoptions.sty"
Package: kvoptions 2016/05/16 v3.12 Key value format for package options (HO)

("C:/Program Files/MiKTeX 2.9/tex/generic/oberdiek/kvsetkeys.sty"
Package: kvsetkeys 2016/05/16 v1.17 Key value parser (HO)

("C:/Program Files/MiKTeX 2.9/tex/generic/oberdiek/etexcmds.sty"
Package: etexcmds 2016/05/16 v1.6 Avoid name clashes with e-TeX commands (HO)

("C:/Program Files/MiKTeX 2.9/tex/generic/oberdiek/ifluatex.sty"
Package: ifluatex 2016/05/16 v1.4 Provides the ifluatex switch (HO)
Package ifluatex Info: LuaTeX detected.
))))
("C:/Program Files/MiKTeX 2.9/tex/generic/oberdiek/pdftexcmds.sty"
Package: pdftexcmds 2018/01/21 v0.26 Utility functions of pdfTeX for LuaTeX (HO)

Package pdftexcmds Info: \pdf@primitive is available.
Package pdftexcmds Info: \pdf@ifprimitive is available.
Package pdftexcmds Info: \pdfdraftmode found.
\pdftexcmds@toks=\toks24
)
Package epstopdf-base Info: Redefining graphics rule for `.eps' on input line 43
8.
Package grfext Info: Graphics extension search list:
(grfext)             [.pdf,.png,.jpg,.mps,.jpeg,.jbig2,.jb2,.PDF,.PNG,.JPG,.JPEG
,.JBIG2,.JB2,.eps]
(grfext)             \AppendGraphicsExtensions on input line 456.
)(save: C:/Users/carle/AppData/Local/MiKTeX/2.9/luatex-cache/generic/fonts/otl/l
mroman17-regular.lua)(save: C:/Users/carle/AppData/Local/MiKTeX/2.9/luatex-cache
/generic/fonts/otl/lmroman17-regular.luc)(save: C:/Users/carle/AppData/Local/MiK
TeX/2.9/luatex-cache/generic/fonts/otl/lmroman12-regular.lua)(save: C:/Users/car
le/AppData/Local/MiKTeX/2.9/luatex-cache/generic/fonts/otl/lmroman12-regular.luc
)
LaTeX Font Info:    Try loading font information for U+msa on input line 13.

("C:/Program Files/MiKTeX 2.9/tex/latex/amsfonts/umsa.fd"
File: umsa.fd 2013/01/14 v3.01 AMS symbols A
)
LaTeX Font Info:    Try loading font information for U+msb on input line 13.

("C:/Program Files/MiKTeX 2.9/tex/latex/amsfonts/umsb.fd"
File: umsb.fd 2013/01/14 v3.01 AMS symbols B
)(save: C:/Users/carle/AppData/Local/MiKTeX/2.9/luatex-cache/generic/fonts/otl/l
mroman12-bold.lua)(save: C:/Users/carle/AppData/Local/MiKTeX/2.9/luatex-cache/ge
neric/fonts/otl/lmroman12-bold.luc)(save: C:/Users/carle/AppData/Local/MiKTeX/2.
9/luatex-cache/generic/fonts/otl/lmroman10-bold.lua)(save: C:/Users/carle/AppDat
a/Local/MiKTeX/2.9/luatex-cache/generic/fonts/otl/lmroman10-bold.luc)

Package natbib Warning: Citation `Thompson1995' on page 1 undefined on input lin
e 22.


Package natbib Warning: Citation `Currin1991' on page 1 undefined on input line 
25.


Package natbib Warning: Citation `Sacks1989' on page 1 undefined on input line 2
5.


Package natbib Warning: Citation `Santner2003a' on page 1 undefined on input lin
e 25.


Package natbib Warning: Citation `Bornstein1976' on page 1 undefined on input li
ne 29.


Package natbib Warning: Citation `Sorokowska2017' on page 1 undefined on input l
ine 29.

(save: C:/Users/carle/AppData/Local/MiKTeX/2.9/luatex-cache/generic/fonts/otl/lm
roman10-italic.lua)(save: C:/Users/carle/AppData/Local/MiKTeX/2.9/luatex-cache/g
eneric/fonts/otl/lmroman10-italic.luc) [1

{C:/Users/carle/AppData/Local/MiKTeX/2.9/pdftex/config/pdftex.map}]

Package natbib Warning: Citation `Kennedy2001' on page 2 undefined on input line
 39.


Package natbib Warning: Citation `Higdon2004' on page 2 undefined on input line 
39.


Package natbib Warning: Citation `Williams2006' on page 2 undefined on input lin
e 39.


Package natbib Warning: Citation `Loeppky2006' on page 2 undefined on input line
 40.


Package natbib Warning: Citation `Bayarri2007' on page 2 undefined on input line
 41.


Package natbib Warning: Citation `Liu2009' on page 2 undefined on input line 41.



Package natbib Warning: Citation `Bayarri' on page 2 undefined on input line 42.



Package natbib Warning: Citation `Bayarri2007' on page 2 undefined on input line
 42.


Package natbib Warning: Citation `Paulo2012' on page 2 undefined on input line 4
2.


Package natbib Warning: Citation `Bayarri2007' on page 2 undefined on input line
 42.


Package natbib Warning: Citation `Brynjarsdottir2014' on page 2 undefined on inp
ut line 44.


LaTeX Warning: Reference `eq:1' on page 2 undefined on input line 44.


Package natbib Warning: Citation `Kennedy2001' on page 2 undefined on input line
 46.


Package natbib Warning: Citation `Bayarri2007' on page 2 undefined on input line
 46.


Package natbib Warning: Citation `Brown2016' on page 2 undefined on input line 4
6.

[2](save: C:/Users/carle/AppData/Local/MiKTeX/2.9/luatex-cache/generic/fonts/otl
/lmroman7-regular.lua)(save: C:/Users/carle/AppData/Local/MiKTeX/2.9/luatex-cach
e/generic/fonts/otl/lmroman7-regular.luc)(save: C:/Users/carle/AppData/Local/MiK
TeX/2.9/luatex-cache/generic/fonts/otl/lmroman8-regular.lua)(save: C:/Users/carl
e/AppData/Local/MiKTeX/2.9/luatex-cache/generic/fonts/otl/lmroman8-regular.luc)(
save: C:/Users/carle/AppData/Local/MiKTeX/2.9/luatex-cache/generic/fonts/otl/lmr
oman6-regular.lua)(save: C:/Users/carle/AppData/Local/MiKTeX/2.9/luatex-cache/ge
neric/fonts/otl/lmroman6-regular.luc)

LaTeX Warning: Reference `computer_experiments' on page 3 undefined on input lin
e 51.


Package natbib Warning: Citation `OHagan1978' on page 3 undefined on input line 
59.


Package natbib Warning: Citation `Sacks1989' on page 3 undefined on input line 5
9.


Package natbib Warning: Citation `Santner2003a' on page 3 undefined on input lin
e 59.


LaTeX Warning: Reference `fig:gp_example' on page 3 undefined on input line 67.

Missing character: There is no ⋯ (U+22EF) in font cmr10!
<gp_example.png, id=17, 598.48593pt x 255.95625pt>
File: gp_example.png Graphic file (type png)
<use gp_example.png>
Package luatex.def Info: gp_example.png  used on input line 71.
(luatex.def)             Requested size: 352.31625pt x 150.67699pt.

LaTeX Warning: `h' float specifier changed to `ht'.


Package natbib Warning: Citation `OHagan1978' on page 3 undefined on input line 
76.


Package natbib Warning: Citation `Neal' on page 3 undefined on input line 76.


Package natbib Warning: Citation `Savitsky2011' on page 3 undefined on input lin
e 76.


Package natbib Warning: Citation `Shang2013' on page 3 undefined on input line 7
6.


Package natbib Warning: Citation `Santner2003a' on page 3 undefined on input lin
e 78.


Package natbib Warning: Citation `Sacks1989' on page 3 undefined on input line 7
8.


Package natbib Warning: Citation `Kennedy2001' on page 3 undefined on input line
 79.


Package natbib Warning: Citation `Kennedy2006' on page 3 undefined on input line
 79.


Package natbib Warning: Citation `Bastos2009' on page 3 undefined on input line 
79.


Package natbib Warning: Citation `Gramacy2008' on page 3 undefined on input line
 79.


Package natbib Warning: Citation `Qian2008' on page 3 undefined on input line 79
.

[3]

Package natbib Warning: Citation `Kennedy2001' on page 4 undefined on input line
 83.


Package natbib Warning: Citation `Williams2006' on page 4 undefined on input lin
e 83.


Package natbib Warning: Citation `Bayarri2007' on page 4 undefined on input line
 83.


Package natbib Warning: Citation `Williams2006' on page 4 undefined on input lin
e 83.


LaTeX Warning: Reference `eq:1' on page 4 undefined on input line 89.


Package natbib Warning: Citation `Williams2006' on page 4 undefined on input lin
e 96.

[4<./gp_example.png>]
Overfull \hbox (9.60107pt too wide) in paragraph at lines 125--126
[]\TU/lmr/m/n/10 Then where $[] \OT1/cmr/m/n/10 = (\OML/cmm/m/it/10 \OT1/cmr/m
/n/10 (\OML/cmm/m/it/10 x[]; t[]\OT1/cmr/m/n/10 )\OML/cmm/m/it/10 ; []  ; \OT1
/cmr/m/n/10 (\OML/cmm/m/it/10 x[]; t[]\OT1/cmr/m/n/10 ))[]$ \TU/lmr/m/n/10 are 
the sim-u-la-tion ob-ser-va-tions, $\OT1/cmr/bx/n/10 y \OT1/cmr/m/n/10 = (\OML/
cmm/m/it/10 y\OT1/cmr/m/n/10 (\OML/cmm/m/it/10 x[]\OT1/cmr/m/n/10 )\OML/cmm/m/i
t/10 ; []  ; y\OT1/cmr/m/n/10 (\OML/cmm/m/it/10 x[]\OT1/cmr/m/n/10 ))[] =
 []


LaTeX Warning: Reference `eq:full_dist' on page 5 undefined on input line 139.


Package natbib Warning: Citation `Kennedy2001' on page 5 undefined on input line
 139.


LaTeX Warning: Reference `eq:full_dist' on page 5 undefined on input line 139.


LaTeX Warning: Reference `eq:full_dist' on page 5 undefined on input line 140.


LaTeX Warning: Reference `eq:full_dist' on page 5 undefined on input line 148.

(save: C:/Users/carle/AppData/Local/MiKTeX/2.9/luatex-cache/generic/fonts/otl/lm
roman5-regular.lua)(save: C:/Users/carle/AppData/Local/MiKTeX/2.9/luatex-cache/g
eneric/fonts/otl/lmroman5-regular.luc)

Package natbib Warning: Citation `Metropolis1953' on page 5 undefined on input l
ine 154.


Package natbib Warning: Citation `Hastings1970' on page 5 undefined on input lin
e 154.


Package natbib Warning: Citation `Chib1995' on page 5 undefined on input line 15
4.


Package natbib Warning: Citation `Gelman1992' on page 5 undefined on input line 
157.


Package natbib Warning: Citation `Geman1984' on page 5 undefined on input line 1
57.

[5]

LaTeX Warning: Reference `eq:full_dist' on page 6 undefined on input line 179.


LaTeX Warning: Reference `eq:full_dist' on page 6 undefined on input line 179.


LaTeX Warning: Reference `eq:post_gp' on page 6 undefined on input line 179.


Package natbib Warning: Citation `XXX' on page 6 undefined on input line 179.


LaTeX Warning: Reference `eq:mh_correction' on page 6 undefined on input line 18
1.

[6]

LaTeX Warning: Reference `introduction' on page 7 undefined on input line 193.


Package natbib Warning: Citation `Kennedy2001' on page 7 undefined on input line
 197.

[7]
<emulator_surface.png, id=47, 632.3625pt x 474.27188pt>
File: emulator_surface.png Graphic file (type png)
<use emulator_surface.png>
Package luatex.def Info: emulator_surface.png  used on input line 271.
(luatex.def)             Requested size: 305.33789pt x 229.00842pt.
<comp_obs_var.png, id=48, 572.1375pt x 433.62pt>
File: comp_obs_var.png Graphic file (type png)
<use comp_obs_var.png>
Package luatex.def Info: comp_obs_var.png  used on input line 310.
(luatex.def)             Requested size: 305.33789pt x 231.41208pt.
 [8<./emulator_surface.png>]
<ACF_bnd_cnds_fig.png, id=52, 614.295pt x 185.0112pt>
File: ACF_bnd_cnds_fig.png Graphic file (type png)
<use ACF_bnd_cnds_fig.png>
Package luatex.def Info: ACF_bnd_cnds_fig.png  used on input line 327.
(luatex.def)             Requested size: 422.77664pt x 127.33038pt.
 [9<./comp_obs_var.png><./ACF_bnd_cnds_fig.png>]
<FIG1.png, id=57, 651.8754pt x 206.6922pt>
File: FIG1.png Graphic file (type png)
<use FIG1.png>
Package luatex.def Info: FIG1.png  used on input line 359.
(luatex.def)             Requested size: 422.77664pt x 134.05501pt.
<FIG2.png, id=58, 648.9846pt x 206.6922pt>
File: FIG2.png Graphic file (type png)
<use FIG2.png>
Package luatex.def Info: FIG2.png  used on input line 360.
(luatex.def)             Requested size: 422.77664pt x 134.6511pt.
[10<./FIG1.png><./FIG2.png>] [11]
No file 4e.bbl.

Package natbib Warning: There were undefined citations.

(./4e.aux)

LaTeX Warning: There were undefined references.


LaTeX Warning: Label(s) may have changed. Rerun to get cross-references right.

)

Here is how much of LuaTeX's memory you used:
 3523 strings out of 494447
 100000,128383 words of node,token memory allocated
 585 words of node memory still in use:
   6 hlist, 2 vlist, 2 rule, 5 glue, 1 kern, 32 attribute, 52 glue_spec, 32 attr
ibute_list, 1 write nodes
   avail lists: 2:445,3:175,4:37,5:371,6:26,7:6397,8:102,9:337,10:23,11:533
 7421 multiletter control sequences out of 65536+200000
 73 fonts using 5087623 bytes
 41i,19n,32p,1560b,234s stack positions out of 5000i,500n,10000p,200000b,50000s
<c:/program files/miktex 2.9/fonts/opentype/public/lm/lmroman8-regular.otf><c:/p
rogram files/miktex 2.9/fonts/opentype/public/lm/lmroman6-regular.otf><c:/progra
m files/miktex 2.9/fonts/opentype/public/lm/lmroman7-regular.otf><c:/program fil
es/miktex 2.9/fonts/opentype/public/lm/lmroman10-italic.otf><c:/program files/mi
ktex 2.9/fonts/opentype/public/lm/lmroman10-bold.otf><c:/program files/miktex 2.
9/fonts/opentype/public/lm/lmroman10-regular.otf><c:/program files/miktex 2.9/fo
nts/opentype/public/lm/lmroman12-bold.otf><c:/program files/miktex 2.9/fonts/ope
ntype/public/lm/lmroman12-regular.otf><c:/program files/miktex 2.9/fonts/opentyp
e/public/lm/lmroman17-regular.otf><C:/Program Files/MiKTeX 2.9/fonts/type1/publi
c/amsfonts/cm/cmbx10.pfb><C:/Program Files/MiKTeX 2.9/fonts/type1/public/amsfont
s/cm/cmbx7.pfb><C:/Program Files/MiKTeX 2.9/fonts/type1/public/amsfonts/cm/cmex1
0.pfb><C:/Program Files/MiKTeX 2.9/fonts/type1/public/amsfonts/cm/cmmi10.pfb><C:
/Program Files/MiKTeX 2.9/fonts/type1/public/amsfonts/cm/cmmi5.pfb><C:/Program F
iles/MiKTeX 2.9/fonts/type1/public/amsfonts/cm/cmmi7.pfb><C:/Program Files/MiKTe
X 2.9/fonts/type1/public/amsfonts/cm/cmmib10.pfb><C:/Program Files/MiKTeX 2.9/fo
nts/type1/public/amsfonts/cm/cmr10.pfb><C:/Program Files/MiKTeX 2.9/fonts/type1/
public/amsfonts/cm/cmr7.pfb><C:/Program Files/MiKTeX 2.9/fonts/type1/public/amsf
onts/cm/cmsy10.pfb><C:/Program Files/MiKTeX 2.9/fonts/type1/public/amsfonts/cm/c
msy5.pfb><C:/Program Files/MiKTeX 2.9/fonts/type1/public/amsfonts/cm/cmsy7.pfb><
C:/Program Files/MiKTeX 2.9/fonts/type1/public/amsfonts/symbols/msbm10.pfb>
Output written on 4e.pdf (11 pages, 714300 bytes).

PDF statistics: 161 PDF objects out of 1000 (max. 8388607)
 0 named destinations out of 1000 (max. 131072)
 1 words of extra memory for PDF output out of 10000 (max. 100000000)

