This is pdfTeX, Version 3.14159265-2.6-1.40.18 (MiKTeX 2.9.6600 64-bit) (preloaded format=pdflatex 2018.3.2)  23 AUG 2019 13:32
entering extended mode
**./CTO_dual_calib.tex
(CTO_dual_calib.tex
LaTeX2e <2017-04-15>
Babel <3.18> and hyphenation patterns for 75 language(s) loaded.
("C:\Program Files\MiKTeX 2.9\tex\latex\base\article.cls"
Document Class: article 2014/09/29 v1.4h Standard LaTeX document class
("C:\Program Files\MiKTeX 2.9\tex\latex\base\size12.clo"
File: size12.clo 2014/09/29 v1.4h Standard LaTeX file (size option)
)
\c@part=\count79
\c@section=\count80
\c@subsection=\count81
\c@subsubsection=\count82
\c@paragraph=\count83
\c@subparagraph=\count84
\c@figure=\count85
\c@table=\count86
\abovecaptionskip=\skip41
\belowcaptionskip=\skip42
\bibindent=\dimen102
)
("C:\Program Files\MiKTeX 2.9\tex\latex\graphics\graphicx.sty"
Package: graphicx 2017/06/01 v1.1a Enhanced LaTeX Graphics (DPC,SPQR)

("C:\Program Files\MiKTeX 2.9\tex\latex\graphics\keyval.sty"
Package: keyval 2014/10/28 v1.15 key=value parser (DPC)
\KV@toks@=\toks14
)
("C:\Program Files\MiKTeX 2.9\tex\latex\graphics\graphics.sty"
Package: graphics 2017/06/25 v1.2c Standard LaTeX Graphics (DPC,SPQR)

("C:\Program Files\MiKTeX 2.9\tex\latex\graphics\trig.sty"
Package: trig 2016/01/03 v1.10 sin cos tan (DPC)
)
("C:\Program Files\MiKTeX 2.9\tex\latex\graphics-cfg\graphics.cfg"
File: graphics.cfg 2016/06/04 v1.11 sample graphics configuration
)
Package graphics Info: Driver file: pdftex.def on input line 99.

("C:\Program Files\MiKTeX 2.9\tex\latex\graphics-def\pdftex.def"
File: pdftex.def 2018/01/08 v1.0l Graphics/color driver for pdftex
))
\Gin@req@height=\dimen103
\Gin@req@width=\dimen104
)
(C:\Users\carle\AppData\Roaming\MiKTeX\2.9\tex\latex\natbib\natbib.sty
Package: natbib 2010/09/13 8.31b (PWD, AO)
\bibhang=\skip43
\bibsep=\skip44
LaTeX Info: Redefining \cite on input line 694.
\c@NAT@ctr=\count87
)
(C:\Users\carle\AppData\Roaming\MiKTeX\2.9\tex\latex\url\url.sty
\Urlmuskip=\muskip10
Package: url 2013/09/16  ver 3.4  Verb mode for urls, etc.
)
("C:\Program Files\MiKTeX 2.9\tex\latex\amsmath\amsmath.sty"
Package: amsmath 2017/09/02 v2.17a AMS math features
\@mathmargin=\skip45

For additional information on amsmath, use the `?' option.
("C:\Program Files\MiKTeX 2.9\tex\latex\amsmath\amstext.sty"
Package: amstext 2000/06/29 v2.01 AMS text

("C:\Program Files\MiKTeX 2.9\tex\latex\amsmath\amsgen.sty"
File: amsgen.sty 1999/11/30 v2.0 generic functions
\@emptytoks=\toks15
\ex@=\dimen105
))
("C:\Program Files\MiKTeX 2.9\tex\latex\amsmath\amsbsy.sty"
Package: amsbsy 1999/11/29 v1.2d Bold Symbols
\pmbraise@=\dimen106
)
("C:\Program Files\MiKTeX 2.9\tex\latex\amsmath\amsopn.sty"
Package: amsopn 2016/03/08 v2.02 operator names
)
\inf@bad=\count88
LaTeX Info: Redefining \frac on input line 213.
\uproot@=\count89
\leftroot@=\count90
LaTeX Info: Redefining \overline on input line 375.
\classnum@=\count91
\DOTSCASE@=\count92
LaTeX Info: Redefining \ldots on input line 472.
LaTeX Info: Redefining \dots on input line 475.
LaTeX Info: Redefining \cdots on input line 596.
\Mathstrutbox@=\box26
\strutbox@=\box27
\big@size=\dimen107
LaTeX Font Info:    Redeclaring font encoding OML on input line 712.
LaTeX Font Info:    Redeclaring font encoding OMS on input line 713.
\macc@depth=\count93
\c@MaxMatrixCols=\count94
\dotsspace@=\muskip11
\c@parentequation=\count95
\dspbrk@lvl=\count96
\tag@help=\toks16
\row@=\count97
\column@=\count98
\maxfields@=\count99
\andhelp@=\toks17
\eqnshift@=\dimen108
\alignsep@=\dimen109
\tagshift@=\dimen110
\tagwidth@=\dimen111
\totwidth@=\dimen112
\lineht@=\dimen113
\@envbody=\toks18
\multlinegap=\skip46
\multlinetaggap=\skip47
\mathdisplay@stack=\toks19
LaTeX Info: Redefining \[ on input line 2817.
LaTeX Info: Redefining \] on input line 2818.
)
("C:\Program Files\MiKTeX 2.9\tex\latex\amsfonts\amssymb.sty"
Package: amssymb 2013/01/14 v3.01 AMS font symbols

("C:\Program Files\MiKTeX 2.9\tex\latex\amsfonts\amsfonts.sty"
Package: amsfonts 2013/01/14 v3.01 Basic AMSFonts support
\symAMSa=\mathgroup4
\symAMSb=\mathgroup5
LaTeX Font Info:    Overwriting math alphabet `\mathfrak' in version `bold'
(Font)                  U/euf/m/n --> U/euf/b/n on input line 106.
))
(C:\Users\carle\AppData\Roaming\MiKTeX\2.9\tex\latex\setspace\setspace.sty
Package: setspace 2011/12/19 v6.7a set line spacing
)
(C:\Users\carle\AppData\Roaming\MiKTeX\2.9\tex\latex\caption\caption.sty
Package: caption 2016/02/21 v3.3-144 Customizing captions (AR)

(C:\Users\carle\AppData\Roaming\MiKTeX\2.9\tex\latex\caption\caption3.sty
Package: caption3 2016/05/22 v1.7-166 caption3 kernel (AR)
Package caption3 Info: TeX engine: e-TeX on input line 67.
\captionmargin=\dimen114
\captionmargin@=\dimen115
\captionwidth=\dimen116
\caption@tempdima=\dimen117
\caption@indent=\dimen118
\caption@parindent=\dimen119
\caption@hangindent=\dimen120
)
\c@ContinuedFloat=\count100
)
(CTO_dual_calib.aux)
\openout1 = `CTO_dual_calib.aux'.

LaTeX Font Info:    Checking defaults for OML/cmm/m/it on input line 25.
LaTeX Font Info:    ... okay on input line 25.
LaTeX Font Info:    Checking defaults for T1/cmr/m/n on input line 25.
LaTeX Font Info:    ... okay on input line 25.
LaTeX Font Info:    Checking defaults for OT1/cmr/m/n on input line 25.
LaTeX Font Info:    ... okay on input line 25.
LaTeX Font Info:    Checking defaults for OMS/cmsy/m/n on input line 25.
LaTeX Font Info:    ... okay on input line 25.
LaTeX Font Info:    Checking defaults for OMX/cmex/m/n on input line 25.
LaTeX Font Info:    ... okay on input line 25.
LaTeX Font Info:    Checking defaults for U/cmr/m/n on input line 25.
LaTeX Font Info:    ... okay on input line 25.

(C:\Users\carle\AppData\Roaming\MiKTeX\2.9\tex\context\base\supp-pdf.mkii
[Loading MPS to PDF converter (version 2006.09.02).]
\scratchcounter=\count101
\scratchdimen=\dimen121
\scratchbox=\box28
\nofMPsegments=\count102
\nofMParguments=\count103
\everyMPshowfont=\toks20
\MPscratchCnt=\count104
\MPscratchDim=\dimen122
\MPnumerator=\count105
\makeMPintoPDFobject=\count106
\everyMPtoPDFconversion=\toks21
) ("C:\Program Files\MiKTeX 2.9\tex\latex\oberdiek\epstopdf-base.sty"
Package: epstopdf-base 2016/05/15 v2.6 Base part for package epstopdf

("C:\Program Files\MiKTeX 2.9\tex\generic\oberdiek\infwarerr.sty"
Package: infwarerr 2016/05/16 v1.4 Providing info/warning/error messages (HO)
)
("C:\Program Files\MiKTeX 2.9\tex\latex\oberdiek\grfext.sty"
Package: grfext 2016/05/16 v1.2 Manage graphics extensions (HO)

("C:\Program Files\MiKTeX 2.9\tex\generic\oberdiek\kvdefinekeys.sty"
Package: kvdefinekeys 2016/05/16 v1.4 Define keys (HO)

("C:\Program Files\MiKTeX 2.9\tex\generic\oberdiek\ltxcmds.sty"
Package: ltxcmds 2016/05/16 v1.23 LaTeX kernel commands for general use (HO)
)))
("C:\Program Files\MiKTeX 2.9\tex\latex\oberdiek\kvoptions.sty"
Package: kvoptions 2016/05/16 v3.12 Key value format for package options (HO)

("C:\Program Files\MiKTeX 2.9\tex\generic\oberdiek\kvsetkeys.sty"
Package: kvsetkeys 2016/05/16 v1.17 Key value parser (HO)

("C:\Program Files\MiKTeX 2.9\tex\generic\oberdiek\etexcmds.sty"
Package: etexcmds 2016/05/16 v1.6 Avoid name clashes with e-TeX commands (HO)

("C:\Program Files\MiKTeX 2.9\tex\generic\oberdiek\ifluatex.sty"
Package: ifluatex 2016/05/16 v1.4 Provides the ifluatex switch (HO)
Package ifluatex Info: LuaTeX not detected.
)
Package etexcmds Info: Could not find \expanded.
(etexcmds)             That can mean that you are not using pdfTeX 1.50 or
(etexcmds)             that some package has redefined \expanded.
(etexcmds)             In the latter case, load this package earlier.
)))
("C:\Program Files\MiKTeX 2.9\tex\generic\oberdiek\pdftexcmds.sty"
Package: pdftexcmds 2018/01/21 v0.26 Utility functions of pdfTeX for LuaTeX (HO
)

("C:\Program Files\MiKTeX 2.9\tex\generic\oberdiek\ifpdf.sty"
Package: ifpdf 2017/03/15 v3.2 Provides the ifpdf switch
)
Package pdftexcmds Info: LuaTeX not detected.
Package pdftexcmds Info: \pdf@primitive is available.
Package pdftexcmds Info: \pdf@ifprimitive is available.
Package pdftexcmds Info: \pdfdraftmode found.
)
Package epstopdf-base Info: Redefining graphics rule for `.eps' on input line 4
38.
Package grfext Info: Graphics extension search list:
(grfext)             [.pdf,.png,.jpg,.mps,.jpeg,.jbig2,.jb2,.PDF,.PNG,.JPG,.JPE
G,.JBIG2,.JB2,.eps]
(grfext)             \AppendGraphicsExtensions on input line 456.
)
Package caption Info: Begin \AtBeginDocument code.
Package caption Info: End \AtBeginDocument code.
LaTeX Font Info:    Try loading font information for U+msa on input line 50.

("C:\Program Files\MiKTeX 2.9\tex\latex\amsfonts\umsa.fd"
File: umsa.fd 2013/01/14 v3.01 AMS symbols A
)
LaTeX Font Info:    Try loading font information for U+msb on input line 50.

("C:\Program Files\MiKTeX 2.9\tex\latex\amsfonts\umsb.fd"
File: umsb.fd 2013/01/14 v3.01 AMS symbols B
)
LaTeX Font Info:    Try loading font information for OMS+cmr on input line 50.

("C:\Program Files\MiKTeX 2.9\tex\latex\base\omscmr.fd"
File: omscmr.fd 2014/09/29 v2.5h Standard LaTeX font definitions
)
LaTeX Font Info:    Font shape `OMS/cmr/m/n' in size <10> not available
(Font)              Font shape `OMS/cmsy/m/n' tried instead on input line 50.

Overfull \hbox (23.58907pt too wide) in paragraph at lines 50--50
 [][] 
 []

LaTeX Font Info:    Font shape `OMS/cmr/m/n' in size <7> not available
(Font)              Font shape `OMS/cmsy/m/n' tried instead on input line 50.
[1

{C:/Users/carle/AppData/Local/MiKTeX/2.9/pdftex/config/pdftex.map}] [2]
[3]
<FIG_obj_fn.png, id=23, 369.0588pt x 314.6154pt>
File: FIG_obj_fn.png Graphic file (type png)
<use FIG_obj_fn.png>
Package pdftex.def Info: FIG_obj_fn.png  used on input line 178.
(pdftex.def)             Requested size: 313.70145pt x 267.42435pt.
<FIG_true_optimal_theta1_theta2.png, id=24, 489.5088pt x 188.3838pt>
File: FIG_true_optimal_theta1_theta2.png Graphic file (type png)
<use FIG_true_optimal_theta1_theta2.png>
Package pdftex.def Info: FIG_true_optimal_theta1_theta2.png  used on input line
 192.
(pdftex.def)             Requested size: 416.08444pt x 160.12697pt.
 [4] [5 <./FIG_obj_fn.png>]
<FIG_six_discrepancies.png, id=33, 406.6392pt x 489.5088pt>
File: FIG_six_discrepancies.png Graphic file (type png)
<use FIG_six_discrepancies.png>
Package pdftex.def Info: FIG_six_discrepancies.png  used on input line 241.
(pdftex.def)             Requested size: 345.64496pt x 416.08444pt.
 [6 <./FIG_true_optimal_theta1_theta2.png (PNG copy)>]
<FIG_KOHCTO_DCTO_comp_discrep0_results.png, id=37, 362.47922pt x 182.93344pt>
File: FIG_KOHCTO_DCTO_comp_discrep0_results.png Graphic file (type png)
<use FIG_KOHCTO_DCTO_comp_discrep0_results.png>
Package pdftex.def Info: FIG_KOHCTO_DCTO_comp_discrep0_results.png  used on inp
ut line 274.
(pdftex.def)             Requested size: 308.10878pt x 155.49414pt.
 [7] [8 <./FIG_six_discrepancies.png (PNG copy)>]
<FIG_KOHCTO_DCTO_comp_discrep1_results.png, id=46, 362.47922pt x 182.93344pt>
File: FIG_KOHCTO_DCTO_comp_discrep1_results.png Graphic file (type png)
<use FIG_KOHCTO_DCTO_comp_discrep1_results.png>
Package pdftex.def Info: FIG_KOHCTO_DCTO_comp_discrep1_results.png  used on inp
ut line 294.
(pdftex.def)             Requested size: 308.10878pt x 155.49414pt.
<FIG_KOHCTO_DCTO_comp_discrep2_results.png, id=47, 362.47922pt x 182.93344pt>
File: FIG_KOHCTO_DCTO_comp_discrep2_results.png Graphic file (type png)
<use FIG_KOHCTO_DCTO_comp_discrep2_results.png>
Package pdftex.def Info: FIG_KOHCTO_DCTO_comp_discrep2_results.png  used on inp
ut line 295.
(pdftex.def)             Requested size: 308.10878pt x 155.49414pt.
<FIG_KOHCTO_DCTO_comp_discrep3_results.png, id=48, 362.47922pt x 182.93344pt>
File: FIG_KOHCTO_DCTO_comp_discrep3_results.png Graphic file (type png)
<use FIG_KOHCTO_DCTO_comp_discrep3_results.png>
Package pdftex.def Info: FIG_KOHCTO_DCTO_comp_discrep3_results.png  used on inp
ut line 303.
(pdftex.def)             Requested size: 308.10878pt x 155.49414pt.
<FIG_KOHCTO_DCTO_comp_discrep4_results.png, id=49, 362.47922pt x 182.93344pt>
File: FIG_KOHCTO_DCTO_comp_discrep4_results.png Graphic file (type png)
<use FIG_KOHCTO_DCTO_comp_discrep4_results.png>
Package pdftex.def Info: FIG_KOHCTO_DCTO_comp_discrep4_results.png  used on inp
ut line 304.
(pdftex.def)             Requested size: 308.10878pt x 155.49414pt.
 [9 <./FIG_KOHCTO_DCTO_comp_discrep0_results.png (PNG copy)>] [10 <./FIG_KOHCTO
_DCTO_comp_discrep1_results.png (PNG copy)> <./FIG_KOHCTO_DCTO_comp_discrep2_re
sults.png (PNG copy)>]
[11 <./FIG_KOHCTO_DCTO_comp_discrep3_results.png (PNG copy)> <./FIG_KOHCTO_DCTO
_comp_discrep4_results.png (PNG copy)>]
<FIG_KOHCTO_DCTO_comp_discrep5_results.png, id=59, 362.47922pt x 182.93344pt>
File: FIG_KOHCTO_DCTO_comp_discrep5_results.png Graphic file (type png)
<use FIG_KOHCTO_DCTO_comp_discrep5_results.png>
Package pdftex.def Info: FIG_KOHCTO_DCTO_comp_discrep5_results.png  used on inp
ut line 334.
(pdftex.def)             Requested size: 308.10878pt x 155.49414pt.
<FIG_KOHCTO_DCTO_comp_discrep6_results.png, id=60, 362.47922pt x 182.93344pt>
File: FIG_KOHCTO_DCTO_comp_discrep6_results.png Graphic file (type png)
<use FIG_KOHCTO_DCTO_comp_discrep6_results.png>
Package pdftex.def Info: FIG_KOHCTO_DCTO_comp_discrep6_results.png  used on inp
ut line 335.
(pdftex.def)             Requested size: 308.10878pt x 155.49414pt.
<FIG_KOHCTO_DCTO_comp_discrep5_inf_results.png, id=61, 362.47922pt x 182.93344p
t>
File: FIG_KOHCTO_DCTO_comp_discrep5_inf_results.png Graphic file (type png)
<use FIG_KOHCTO_DCTO_comp_discrep5_inf_results.png>
Package pdftex.def Info: FIG_KOHCTO_DCTO_comp_discrep5_inf_results.png  used on
 input line 369.
(pdftex.def)             Requested size: 308.10878pt x 155.49414pt.
 [12] [13 <./FIG_KOHCTO_DCTO_comp_discrep5_results.png (PNG copy)> <./FIG_KOHCT
O_DCTO_comp_discrep6_results.png (PNG copy)>] [14 <./FIG_KOHCTO_DCTO_comp_discr
ep5_inf_results.png (PNG copy)>]
<FIG_DCTO_KOHCTO_post_pred_dist_discrep0.png, id=72, 470.50781pt x 161.47829pt>

File: FIG_DCTO_KOHCTO_post_pred_dist_discrep0.png Graphic file (type png)
<use FIG_DCTO_KOHCTO_post_pred_dist_discrep0.png>
Package pdftex.def Info: FIG_DCTO_KOHCTO_post_pred_dist_discrep0.png  used on i
nput line 391.
(pdftex.def)             Requested size: 399.93352pt x 137.25717pt.
<FIG_DCTO_KOHCTO_post_pred_dist_discrep1.png, id=73, 470.50781pt x 161.47829pt>

File: FIG_DCTO_KOHCTO_post_pred_dist_discrep1.png Graphic file (type png)
<use FIG_DCTO_KOHCTO_post_pred_dist_discrep1.png>
Package pdftex.def Info: FIG_DCTO_KOHCTO_post_pred_dist_discrep1.png  used on i
nput line 393.
(pdftex.def)             Requested size: 399.93352pt x 137.25717pt.
<FIG_DCTO_KOHCTO_post_pred_dist_discrep2.png, id=74, 470.50781pt x 161.47829pt>

File: FIG_DCTO_KOHCTO_post_pred_dist_discrep2.png Graphic file (type png)
<use FIG_DCTO_KOHCTO_post_pred_dist_discrep2.png>
Package pdftex.def Info: FIG_DCTO_KOHCTO_post_pred_dist_discrep2.png  used on i
nput line 395.
(pdftex.def)             Requested size: 399.93352pt x 137.25717pt.
<FIG_DCTO_KOHCTO_post_pred_dist_discrep3.png, id=75, 470.50781pt x 161.47829pt>

File: FIG_DCTO_KOHCTO_post_pred_dist_discrep3.png Graphic file (type png)
<use FIG_DCTO_KOHCTO_post_pred_dist_discrep3.png>
Package pdftex.def Info: FIG_DCTO_KOHCTO_post_pred_dist_discrep3.png  used on i
nput line 415.
(pdftex.def)             Requested size: 399.93352pt x 137.25717pt.
<FIG_DCTO_KOHCTO_post_pred_dist_discrep4.png, id=76, 470.50781pt x 161.47829pt>

File: FIG_DCTO_KOHCTO_post_pred_dist_discrep4.png Graphic file (type png)
<use FIG_DCTO_KOHCTO_post_pred_dist_discrep4.png>
Package pdftex.def Info: FIG_DCTO_KOHCTO_post_pred_dist_discrep4.png  used on i
nput line 417.
(pdftex.def)             Requested size: 399.93352pt x 137.25717pt.

[15] [16 <./FIG_DCTO_KOHCTO_post_pred_dist_discrep0.png (PNG copy)> <./FIG_DCTO
_KOHCTO_post_pred_dist_discrep1.png (PNG copy)> <./FIG_DCTO_KOHCTO_post_pred_di
st_discrep2.png (PNG copy)>] [17 <./FIG_DCTO_KOHCTO_post_pred_dist_discrep3.png
 (PNG copy)> <./FIG_DCTO_KOHCTO_post_pred_dist_discrep4.png (PNG copy)>]
<FIG_DCTO_KOHCTO_post_pred_dist_discrep5.png, id=86, 470.50781pt x 161.47829pt>

File: FIG_DCTO_KOHCTO_post_pred_dist_discrep5.png Graphic file (type png)
<use FIG_DCTO_KOHCTO_post_pred_dist_discrep5.png>
Package pdftex.def Info: FIG_DCTO_KOHCTO_post_pred_dist_discrep5.png  used on i
nput line 442.
(pdftex.def)             Requested size: 399.93352pt x 137.25717pt.
<FIG_DCTO_KOHCTO_post_pred_dist_discrep5_inf.png, id=87, 470.50781pt x 161.4782
9pt>
File: FIG_DCTO_KOHCTO_post_pred_dist_discrep5_inf.png Graphic file (type png)
<use FIG_DCTO_KOHCTO_post_pred_dist_discrep5_inf.png>
Package pdftex.def Info: FIG_DCTO_KOHCTO_post_pred_dist_discrep5_inf.png  used 
on input line 444.
(pdftex.def)             Requested size: 399.93352pt x 137.25717pt.
<FIG_DCTO_KOHCTO_post_pred_dist_discrep6.png, id=88, 470.50781pt x 161.47829pt>

File: FIG_DCTO_KOHCTO_post_pred_dist_discrep6.png Graphic file (type png)
<use FIG_DCTO_KOHCTO_post_pred_dist_discrep6.png>
Package pdftex.def Info: FIG_DCTO_KOHCTO_post_pred_dist_discrep6.png  used on i
nput line 446.
(pdftex.def)             Requested size: 399.93352pt x 137.25717pt.


LaTeX Warning: No positions in optional float specifier.
               Default added (so using `tbp') on input line 459.

[18] [19 <./FIG_DCTO_KOHCTO_post_pred_dist_discrep5.png (PNG copy)> <./FIG_DCTO
_KOHCTO_post_pred_dist_discrep5_inf.png (PNG copy)> <./FIG_DCTO_KOHCTO_post_pre
d_dist_discrep6.png (PNG copy)>] [20] (CTO_dual_calib.bbl) [21]
(CTO_dual_calib.aux) ) 
Here is how much of TeX's memory you used:
 4004 strings out of 493305
 60773 string characters out of 3138875
 124382 words of memory out of 3000000
 7477 multiletter control sequences out of 15000+200000
 16810 words of font info for 63 fonts, out of 3000000 for 9000
 1141 hyphenation exceptions out of 8191
 41i,11n,39p,556b,322s stack positions out of 5000i,500n,10000p,200000b,50000s
<C:/Program Files/MiKTeX 2.9/fonts/type1/public/amsfonts/
cm/cmbx12.pfb><C:/Program Files/MiKTeX 2.9/fonts/type1/public/amsfonts/cm/cmbx8
.pfb><C:/Program Files/MiKTeX 2.9/fonts/type1/public/amsfonts/cm/cmex10.pfb><C:
/Program Files/MiKTeX 2.9/fonts/type1/public/amsfonts/cm/cmmi12.pfb><C:/Program
 Files/MiKTeX 2.9/fonts/type1/public/amsfonts/cm/cmmi8.pfb><C:/Program Files/Mi
KTeX 2.9/fonts/type1/public/amsfonts/cm/cmmib10.pfb><C:/Program Files/MiKTeX 2.
9/fonts/type1/public/amsfonts/cm/cmr10.pfb><C:/Program Files/MiKTeX 2.9/fonts/t
ype1/public/amsfonts/cm/cmr12.pfb><C:/Program Files/MiKTeX 2.9/fonts/type1/publ
ic/amsfonts/cm/cmr6.pfb><C:/Program Files/MiKTeX 2.9/fonts/type1/public/amsfont
s/cm/cmr8.pfb><C:/Program Files/MiKTeX 2.9/fonts/type1/public/amsfonts/cm/cmsy1
0.pfb><C:/Program Files/MiKTeX 2.9/fonts/type1/public/amsfonts/cm/cmsy7.pfb><C:
/Program Files/MiKTeX 2.9/fonts/type1/public/amsfonts/cm/cmsy8.pfb><C:/Program 
Files/MiKTeX 2.9/fonts/type1/public/amsfonts/cm/cmti10.pfb><C:/Program Files/Mi
KTeX 2.9/fonts/type1/public/amsfonts/cm/cmti12.pfb>
Output written on CTO_dual_calib.pdf (21 pages, 969269 bytes).
PDF statistics:
 149 PDF objects out of 1000 (max. 8388607)
 0 named destinations out of 1000 (max. 500000)
 96 words of extra memory for PDF output out of 10000 (max. 10000000)

