This is pdfTeX, Version 3.14159265-2.6-1.40.21 (MiKTeX 2.9.7380 64-bit) (preloaded format=pdflatex 2020.4.18)  21 JAN 2021 09:30
entering extended mode
**./asme2ejs.tex
(asme2ejs.tex
LaTeX2e <2020-02-02> patch level 5
L3 programming layer <2020-04-06> (asme2ej.cls

LaTeX Warning: You have requested document class `asme2ej',
               but the document class provides `asme2e'.

Document Class: asme2e 2001/2/14 v2.0 Standard LaTeX document class
("C:\Program Files\MiKTeX 2.9\tex/latex/base\ifthen.sty"
Package: ifthen 2014/09/29 v1.1c Standard LaTeX ifthen package (DPC)
)
(C:\Users\Carl\AppData\Roaming\MiKTeX\2.9\tex/latex/psnfss\times.sty
Package: times 2020/03/25 PSNFSS-v9.3 (SPQR) 
)
(C:\Users\Carl\AppData\Roaming\MiKTeX\2.9\tex/latex/psnfss\mathptm.sty
Package: mathptm 2020/03/25 PSNFSS-v9.3 Times w/ Math (SPQR, WaS) 


Package mathptm Warning: This package is to be regarded as obsolete.
(mathptm)                See the PSNFSS documentation.

LaTeX Font Info:    Redeclaring symbol font `operators' on input line 31.
LaTeX Font Info:    Overwriting symbol font `operators' in version `normal'
(Font)                  OT1/cmr/m/n --> OT1/ptmcm/m/n on input line 31.
LaTeX Font Info:    Overwriting symbol font `operators' in version `bold'
(Font)                  OT1/cmr/bx/n --> OT1/ptmcm/m/n on input line 31.
LaTeX Font Info:    Redeclaring symbol font `letters' on input line 32.
LaTeX Font Info:    Overwriting symbol font `letters' in version `normal'
(Font)                  OML/cmm/m/it --> OML/ptmcm/m/it on input line 32.
LaTeX Font Info:    Overwriting symbol font `letters' in version `bold'
(Font)                  OML/cmm/b/it --> OML/ptmcm/m/it on input line 32.
LaTeX Font Info:    Redeclaring symbol font `symbols' on input line 33.
LaTeX Font Info:    Overwriting symbol font `symbols' in version `normal'
(Font)                  OMS/cmsy/m/n --> OMS/pzccm/m/n on input line 33.
LaTeX Font Info:    Overwriting symbol font `symbols' in version `bold'
(Font)                  OMS/cmsy/b/n --> OMS/pzccm/m/n on input line 33.
LaTeX Font Info:    Redeclaring symbol font `largesymbols' on input line 34.
LaTeX Font Info:    Overwriting symbol font `largesymbols' in version `normal'
(Font)                  OMX/cmex/m/n --> OMX/psycm/m/n on input line 34.
LaTeX Font Info:    Overwriting symbol font `largesymbols' in version `bold'
(Font)                  OMX/cmex/m/n --> OMX/psycm/m/n on input line 34.
\symbold=\mathgroup4
\symitalic=\mathgroup5
LaTeX Font Info:    Redeclaring math alphabet \mathbf on input line 37.
LaTeX Font Info:    Overwriting math alphabet `\mathbf' in version `normal'
(Font)                  OT1/cmr/bx/n --> OT1/ptm/bx/n on input line 37.
LaTeX Font Info:    Overwriting math alphabet `\mathbf' in version `bold'
(Font)                  OT1/cmr/bx/n --> OT1/ptm/bx/n on input line 37.
LaTeX Font Info:    Redeclaring math alphabet \mathit on input line 38.
LaTeX Font Info:    Overwriting math alphabet `\mathit' in version `normal'
(Font)                  OT1/cmr/m/it --> OT1/ptm/m/it on input line 38.
LaTeX Font Info:    Overwriting math alphabet `\mathit' in version `bold'
(Font)                  OT1/cmr/bx/it --> OT1/ptm/m/it on input line 38.
) ("C:\Program Files\MiKTeX 2.9\tex/generic/iftex\ifpdf.sty"
Package: ifpdf 2019/10/25 v3.4 ifpdf legacy package. Use iftex instead.

("C:\Program Files\MiKTeX 2.9\tex/generic/iftex\iftex.sty"
Package: iftex 2020/03/06 v1.0d TeX engine tests
))
Ten Point
LaTeX Font Info:    Trying to load font information for OT1+phv on input line 3
01.
(C:\Users\Carl\AppData\Roaming\MiKTeX\2.9\tex/latex/psnfss\ot1phv.fd
File: ot1phv.fd 2020/03/25 scalable font definitions for OT1/phv.
)
\c@part=\count167
\c@section=\count168
\c@subsection=\count169
\c@subsubsection=\count170
\c@paragraph=\count171
\c@subparagraph=\count172
\tempbox=\box45
\c@figure=\count173
\c@table=\count174
\@authcnt=\count175
\@tmpcnt=\count176
\bibindent=\dimen134
\tempbox=\box46
\minute=\count177
\hour=\count178
)
("C:\Program Files\MiKTeX 2.9\tex/latex/graphics\graphicx.sty"
Package: graphicx 2019/11/30 v1.2a Enhanced LaTeX Graphics (DPC,SPQR)

("C:\Program Files\MiKTeX 2.9\tex/latex/graphics\keyval.sty"
Package: keyval 2014/10/28 v1.15 key=value parser (DPC)
\KV@toks@=\toks15
)
("C:\Program Files\MiKTeX 2.9\tex/latex/graphics\graphics.sty"
Package: graphics 2019/11/30 v1.4a Standard LaTeX Graphics (DPC,SPQR)

("C:\Program Files\MiKTeX 2.9\tex/latex/graphics\trig.sty"
Package: trig 2016/01/03 v1.10 sin cos tan (DPC)
)
("C:\Program Files\MiKTeX 2.9\tex/latex/graphics-cfg\graphics.cfg"
File: graphics.cfg 2016/06/04 v1.11 sample graphics configuration
)
Package graphics Info: Driver file: pdftex.def on input line 105.

("C:\Program Files\MiKTeX 2.9\tex/latex/graphics-def\pdftex.def"
File: pdftex.def 2018/01/08 v1.0l Graphics/color driver for pdftex
))
\Gin@req@height=\dimen135
\Gin@req@width=\dimen136
)
("C:\Program Files\MiKTeX 2.9\tex/latex/amsmath\amsmath.sty"
Package: amsmath 2020/01/20 v2.17e AMS math features
\@mathmargin=\skip47

For additional information on amsmath, use the `?' option.
("C:\Program Files\MiKTeX 2.9\tex/latex/amsmath\amstext.sty"
Package: amstext 2000/06/29 v2.01 AMS text

("C:\Program Files\MiKTeX 2.9\tex/latex/amsmath\amsgen.sty"
File: amsgen.sty 1999/11/30 v2.0 generic functions
\@emptytoks=\toks16
\ex@=\dimen137
))
("C:\Program Files\MiKTeX 2.9\tex/latex/amsmath\amsbsy.sty"
Package: amsbsy 1999/11/29 v1.2d Bold Symbols
\pmbraise@=\dimen138
)
("C:\Program Files\MiKTeX 2.9\tex/latex/amsmath\amsopn.sty"
Package: amsopn 2016/03/08 v2.02 operator names
)
\inf@bad=\count179
LaTeX Info: Redefining \frac on input line 227.
\uproot@=\count180
\leftroot@=\count181
LaTeX Info: Redefining \overline on input line 389.
\classnum@=\count182
\DOTSCASE@=\count183
LaTeX Info: Redefining \ldots on input line 486.
LaTeX Info: Redefining \dots on input line 489.
LaTeX Info: Redefining \cdots on input line 610.
\Mathstrutbox@=\box47
\strutbox@=\box48
\big@size=\dimen139
LaTeX Font Info:    Redeclaring font encoding OML on input line 733.
LaTeX Font Info:    Redeclaring font encoding OMS on input line 734.
\macc@depth=\count184
\c@MaxMatrixCols=\count185
\dotsspace@=\muskip16
\c@parentequation=\count186
\dspbrk@lvl=\count187
\tag@help=\toks17
\row@=\count188
\column@=\count189
\maxfields@=\count190
\andhelp@=\toks18
\eqnshift@=\dimen140
\alignsep@=\dimen141
\tagshift@=\dimen142
\tagwidth@=\dimen143
\totwidth@=\dimen144
\lineht@=\dimen145
\@envbody=\toks19
\multlinegap=\skip48
\multlinetaggap=\skip49
\mathdisplay@stack=\toks20
LaTeX Info: Redefining \[ on input line 2859.
LaTeX Info: Redefining \] on input line 2860.
)
("C:\Program Files\MiKTeX 2.9\tex/latex/amsfonts\amssymb.sty"
Package: amssymb 2013/01/14 v3.01 AMS font symbols

("C:\Program Files\MiKTeX 2.9\tex/latex/amsfonts\amsfonts.sty"
Package: amsfonts 2013/01/14 v3.01 Basic AMSFonts support
\symAMSa=\mathgroup6
\symAMSb=\mathgroup7
LaTeX Font Info:    Redeclaring math symbol \hbar on input line 98.
LaTeX Font Info:    Overwriting math alphabet `\mathfrak' in version `bold'
(Font)                  U/euf/m/n --> U/euf/b/n on input line 106.
))
("C:\Program Files\MiKTeX 2.9\tex/latex/tools\bm.sty"
Package: bm 2019/07/24 v1.2d Bold Symbol Support (DPC/FMi)
LaTeX Info: Redefining \bm on input line 209.
)
("C:\Program Files\MiKTeX 2.9\tex/latex/tools\array.sty"
Package: array 2019/08/31 v2.4l Tabular extension package (FMi)
\col@sep=\dimen146
\ar@mcellbox=\box49
\extrarowheight=\dimen147
\NC@list=\toks21
\extratabsurround=\skip50
\backup@length=\skip51
\ar@cellbox=\box50
)
(C:\Users\Carl\AppData\Roaming\MiKTeX\2.9\tex/latex/caption\caption.sty
Package: caption 2020/05/10 v3.4j Customizing captions (AR)

(C:\Users\Carl\AppData\Roaming\MiKTeX\2.9\tex/latex/caption\caption3.sty
Package: caption3 2020/05/10 v1.11 caption3 kernel (AR)
Package caption3 Info: TeX engine: e-TeX on input line 61.
\captionmargin=\dimen148
\captionmargin@=\dimen149
\captionwidth=\dimen150
\caption@tempdima=\dimen151
\caption@indent=\dimen152
\caption@parindent=\dimen153
\caption@hangindent=\dimen154
\abovecaptionskip=\skip52
\belowcaptionskip=\skip53
Package caption Info: Unknown document class (or package),
(caption)             standard defaults will be used.
Package caption Info: \@makecaption = \long macro:#1#2-> \par \addvspace {6pt}{
\tensf \setbox \@tempboxa \hbox {\egtsf #1.\quad #2}\ifdim \wd \@tempboxa >\hsi
ze {\egtsf #1.\quad \ignorespaces #2}\par \else \hbox to\hsize {\hfil \box \@te
mpboxa \hfil }\fi } on input line 1053.
)

Package caption Warning: Unknown document class (or package),
(caption)                standard defaults will be used.
See the caption package documentation for explanation.

\c@caption@flags=\count191
\c@continuedfloat=\count192
) ("C:\Program Files\MiKTeX 2.9\tex/latex/l3backend\l3backend-pdfmode.def"
File: l3backend-pdfmode.def 2020-03-12 L3 backend support: PDF mode
\l__kernel_color_stack_int=\count193
\l__pdf_internal_box=\box51
)
(asme2ejs.aux)
\openout1 = `asme2ejs.aux'.

LaTeX Font Info:    Checking defaults for OML/cmm/m/it on input line 102.
LaTeX Font Info:    ... okay on input line 102.
LaTeX Font Info:    Checking defaults for OMS/cmsy/m/n on input line 102.
LaTeX Font Info:    ... okay on input line 102.
LaTeX Font Info:    Checking defaults for OT1/cmr/m/n on input line 102.
LaTeX Font Info:    ... okay on input line 102.
LaTeX Font Info:    Checking defaults for T1/cmr/m/n on input line 102.
LaTeX Font Info:    ... okay on input line 102.
LaTeX Font Info:    Checking defaults for TS1/cmr/m/n on input line 102.
LaTeX Font Info:    ... okay on input line 102.
LaTeX Font Info:    Checking defaults for OMX/cmex/m/n on input line 102.
LaTeX Font Info:    ... okay on input line 102.
LaTeX Font Info:    Checking defaults for U/cmr/m/n on input line 102.
LaTeX Font Info:    ... okay on input line 102.
LaTeX Font Info:    Trying to load font information for OT1+ptm on input line 1
02.

(C:\Users\Carl\AppData\Roaming\MiKTeX\2.9\tex/latex/psnfss\ot1ptm.fd
File: ot1ptm.fd 2001/06/04 font definitions for OT1/ptm.
)
("C:\Program Files\MiKTeX 2.9\tex/context/base/mkii\supp-pdf.mkii"
[Loading MPS to PDF converter (version 2006.09.02).]
\scratchcounter=\count194
\scratchdimen=\dimen155
\scratchbox=\box52
\nofMPsegments=\count195
\nofMParguments=\count196
\everyMPshowfont=\toks22
\MPscratchCnt=\count197
\MPscratchDim=\dimen156
\MPnumerator=\count198
\makeMPintoPDFobject=\count199
\everyMPtoPDFconversion=\toks23
) ("C:\Program Files\MiKTeX 2.9\tex/latex/epstopdf-pkg\epstopdf-base.sty"
Package: epstopdf-base 2020-01-24 v2.11 Base part for package epstopdf
Package epstopdf-base Info: Redefining graphics rule for `.eps' on input line 4
85.
)
Package caption Info: Begin \AtBeginDocument code.
Package caption Info: End \AtBeginDocument code.
LaTeX Font Info:    Trying to load font information for OT1+ptmcm on input line
 104.

(C:\Users\Carl\AppData\Roaming\MiKTeX\2.9\tex/latex/psnfss\ot1ptmcm.fd
File: ot1ptmcm.fd 2000/01/03 Fontinst v1.801 font definitions for OT1/ptmcm.
)
LaTeX Font Info:    Trying to load font information for OML+ptmcm on input line
 104.

(C:\Users\Carl\AppData\Roaming\MiKTeX\2.9\tex/latex/psnfss\omlptmcm.fd
File: omlptmcm.fd 2000/01/03 Fontinst v1.801 font definitions for OML/ptmcm.
)
LaTeX Font Info:    Trying to load font information for OMS+pzccm on input line
 104.

(C:\Users\Carl\AppData\Roaming\MiKTeX\2.9\tex/latex/psnfss\omspzccm.fd
File: omspzccm.fd 2000/01/03 Fontinst v1.801 font definitions for OMS/pzccm.
)
LaTeX Font Info:    Trying to load font information for OMX+psycm on input line
 104.

(C:\Users\Carl\AppData\Roaming\MiKTeX\2.9\tex/latex/psnfss\omxpsycm.fd
File: omxpsycm.fd 2000/01/03 Fontinst v1.801 font definitions for OMX/psycm.
)
LaTeX Font Info:    Font shape `OT1/ptm/bx/n' in size <10> not available
(Font)              Font shape `OT1/ptm/b/n' tried instead on input line 104.
LaTeX Font Info:    Font shape `OT1/ptm/bx/n' in size <7.4> not available
(Font)              Font shape `OT1/ptm/b/n' tried instead on input line 104.
LaTeX Font Info:    Font shape `OT1/ptm/bx/n' in size <6> not available
(Font)              Font shape `OT1/ptm/b/n' tried instead on input line 104.
LaTeX Font Info:    Trying to load font information for U+msa on input line 104
.

("C:\Program Files\MiKTeX 2.9\tex/latex/amsfonts\umsa.fd"
File: umsa.fd 2013/01/14 v3.01 AMS symbols A
)
LaTeX Font Info:    Trying to load font information for U+msb on input line 104
.

("C:\Program Files\MiKTeX 2.9\tex/latex/amsfonts\umsb.fd"
File: umsb.fd 2013/01/14 v3.01 AMS symbols B
)
Underfull \hbox (badness 10000) detected at line 104
[]
 []

LaTeX Font Info:    Font shape `OT1/ptm/bx/n' in size <8> not available
(Font)              Font shape `OT1/ptm/b/n' tried instead on input line 104.
LaTeX Font Info:    Font shape `OT1/ptm/bx/n' in size <5> not available
(Font)              Font shape `OT1/ptm/b/n' tried instead on input line 104.

Overfull \vbox (6.83691pt too high) has occurred while \output is active []

LaTeX Font Info:    Trying to load font information for TS1+ptm on input line 1
32.

(C:\Users\Carl\AppData\Roaming\MiKTeX\2.9\tex/latex/psnfss\ts1ptm.fd
File: ts1ptm.fd 2001/06/04 font definitions for TS1/ptm.
) [1

{C:/Users/Carl/AppData/Local/MiKTeX/2.9/pdftex/config/pdftex.map}] [2]
Overfull \vbox (13.63289pt too high) has occurred while \output is active []


[3] [4]
Underfull \vbox (badness 10000) has occurred while \output is active []

 [5]
[6]
Package epstopdf Info: Source file: <figures/figure_1.eps>
(epstopdf)                    date: 2020-04-18 13:43:49
(epstopdf)                    size: 513404 bytes
(epstopdf)             Output file: <figures/figure_1-eps-converted-to.pdf>
(epstopdf)                    date: 2021-01-20 10:19:42
(epstopdf)                    size: 541889 bytes
(epstopdf)             Command: <epstopdf --outfile=figures/figure_1-eps-conver
ted-to.pdf figures/figure_1.eps>
(epstopdf)             \includegraphics on input line 608.
Package epstopdf Info: Output file is already uptodate.


pdfTeX warning: pdflatex.exe (file ./figures/figure_1-eps-converted-to.pdf): PD
F inclusion: found PDF version <1.7>, but at most version <1.5> allowed
<figures/figure_1-eps-converted-to.pdf, id=31, 302.12875pt x 302.12875pt>
File: figures/figure_1-eps-converted-to.pdf Graphic file (type pdf)
<use figures/figure_1-eps-converted-to.pdf>
Package pdftex.def Info: figures/figure_1-eps-converted-to.pdf  used on input l
ine 608.
(pdftex.def)             Requested size: 256.81064pt x 256.81064pt.
Package epstopdf Info: Source file: <figures/figure_2.eps>
(epstopdf)                    date: 2020-10-27 09:09:03
(epstopdf)                    size: 181606 bytes
(epstopdf)             Output file: <figures/figure_2-eps-converted-to.pdf>
(epstopdf)                    date: 2021-01-20 10:21:17
(epstopdf)                    size: 43151 bytes
(epstopdf)             Command: <epstopdf --outfile=figures/figure_2-eps-conver
ted-to.pdf figures/figure_2.eps>
(epstopdf)             \includegraphics on input line 628.
Package epstopdf Info: Output file is already uptodate.


pdfTeX warning: pdflatex.exe (file ./figures/figure_2-eps-converted-to.pdf): PD
F inclusion: found PDF version <1.7>, but at most version <1.5> allowed
<figures/figure_2-eps-converted-to.pdf, id=32, 204.765pt x 145.54375pt>
File: figures/figure_2-eps-converted-to.pdf Graphic file (type pdf)
<use figures/figure_2-eps-converted-to.pdf>
Package pdftex.def Info: figures/figure_2-eps-converted-to.pdf  used on input l
ine 628.
(pdftex.def)             Requested size: 174.05106pt x 123.71275pt.
Package epstopdf Info: Source file: <figures/figure_3.eps>
(epstopdf)                    date: 2021-01-19 09:33:03
(epstopdf)                    size: 31987 bytes
(epstopdf)             Output file: <figures/figure_3-eps-converted-to.pdf>
(epstopdf)                    date: 2021-01-20 10:21:17
(epstopdf)                    size: 11948 bytes
(epstopdf)             Command: <epstopdf --outfile=figures/figure_3-eps-conver
ted-to.pdf figures/figure_3.eps>
(epstopdf)             \includegraphics on input line 638.
Package epstopdf Info: Output file is already uptodate.


pdfTeX warning: pdflatex.exe (file ./figures/figure_3-eps-converted-to.pdf): PD
F inclusion: found PDF version <1.7>, but at most version <1.5> allowed
<figures/figure_3-eps-converted-to.pdf, id=33, 207.77625pt x 307.1475pt>
File: figures/figure_3-eps-converted-to.pdf Graphic file (type pdf)
<use figures/figure_3-eps-converted-to.pdf>
Package pdftex.def Info: figures/figure_3-eps-converted-to.pdf  used on input l
ine 638.
(pdftex.def)             Requested size: 176.61063pt x 261.0766pt.
Package epstopdf Info: Source file: <figures/figure_4.eps>
(epstopdf)                    date: 2021-01-18 09:49:39
(epstopdf)                    size: 2630467 bytes
(epstopdf)             Output file: <figures/figure_4-eps-converted-to.pdf>
(epstopdf)                    date: 2021-01-20 10:21:21
(epstopdf)                    size: 935302 bytes
(epstopdf)             Command: <epstopdf --outfile=figures/figure_4-eps-conver
ted-to.pdf figures/figure_4.eps>
(epstopdf)             \includegraphics on input line 678.
Package epstopdf Info: Output file is already uptodate.


pdfTeX warning: pdflatex.exe (file ./figures/figure_4-eps-converted-to.pdf): PD
F inclusion: found PDF version <1.7>, but at most version <1.5> allowed
<figures/figure_4-eps-converted-to.pdf, id=34, 407.5225pt x 603.25375pt>
File: figures/figure_4-eps-converted-to.pdf Graphic file (type pdf)
<use figures/figure_4-eps-converted-to.pdf>
Package pdftex.def Info: figures/figure_4-eps-converted-to.pdf  used on input l
ine 678.
(pdftex.def)             Requested size: 346.39575pt x 512.76811pt.
[7]
Package epstopdf Info: Source file: <figures/figure_5.eps>
(epstopdf)                    date: 2021-01-18 09:53:43
(epstopdf)                    size: 433822 bytes
(epstopdf)             Output file: <figures/figure_5-eps-converted-to.pdf>
(epstopdf)                    date: 2021-01-20 10:21:22
(epstopdf)                    size: 340140 bytes
(epstopdf)             Command: <epstopdf --outfile=figures/figure_5-eps-conver
ted-to.pdf figures/figure_5.eps>
(epstopdf)             \includegraphics on input line 696.
Package epstopdf Info: Output file is already uptodate.


pdfTeX warning: pdflatex.exe (file ./figures/figure_5-eps-converted-to.pdf): PD
F inclusion: found PDF version <1.7>, but at most version <1.5> allowed
<figures/figure_5-eps-converted-to.pdf, id=39, 244.915pt x 226.8475pt>
File: figures/figure_5-eps-converted-to.pdf Graphic file (type pdf)
<use figures/figure_5-eps-converted-to.pdf>
Package pdftex.def Info: figures/figure_5-eps-converted-to.pdf  used on input l
ine 696.
(pdftex.def)             Requested size: 208.17871pt x 192.82127pt.
Package epstopdf Info: Source file: <figures/figure_6.eps>
(epstopdf)                    date: 2020-10-13 13:27:18
(epstopdf)                    size: 101914 bytes
(epstopdf)             Output file: <figures/figure_6-eps-converted-to.pdf>
(epstopdf)                    date: 2021-01-20 10:21:23
(epstopdf)                    size: 61736 bytes
(epstopdf)             Command: <epstopdf --outfile=figures/figure_6-eps-conver
ted-to.pdf figures/figure_6.eps>
(epstopdf)             \includegraphics on input line 710.
Package epstopdf Info: Output file is already uptodate.


pdfTeX warning: pdflatex.exe (file ./figures/figure_6-eps-converted-to.pdf): PD
F inclusion: found PDF version <1.7>, but at most version <1.5> allowed
<figures/figure_6-eps-converted-to.pdf, id=40, 207.77625pt x 188.705pt>
File: figures/figure_6-eps-converted-to.pdf Graphic file (type pdf)
<use figures/figure_6-eps-converted-to.pdf>
Package pdftex.def Info: figures/figure_6-eps-converted-to.pdf  used on input l
ine 710.
(pdftex.def)             Requested size: 176.61063pt x 160.4pt.
[8 <./figures/figure_1-eps-converted-to.pdf> <./figures/figure_2-eps-converted-
to.pdf>]
Package epstopdf Info: Source file: <figures/figure_7a.eps>
(epstopdf)                    date: 2020-10-10 08:52:48
(epstopdf)                    size: 56576 bytes
(epstopdf)             Output file: <figures/figure_7a-eps-converted-to.pdf>
(epstopdf)                    date: 2021-01-20 10:21:23
(epstopdf)                    size: 44109 bytes
(epstopdf)             Command: <epstopdf --outfile=figures/figure_7a-eps-conve
rted-to.pdf figures/figure_7a.eps>
(epstopdf)             \includegraphics on input line 740.
Package epstopdf Info: Output file is already uptodate.


pdfTeX warning: pdflatex.exe (file ./figures/figure_7a-eps-converted-to.pdf): P
DF inclusion: found PDF version <1.7>, but at most version <1.5> allowed
<figures/figure_7a-eps-converted-to.pdf, id=73, 226.8475pt x 91.34125pt>
File: figures/figure_7a-eps-converted-to.pdf Graphic file (type pdf)
<use figures/figure_7a-eps-converted-to.pdf>
Package pdftex.def Info: figures/figure_7a-eps-converted-to.pdf  used on input 
line 740.
(pdftex.def)             Requested size: 192.82127pt x 77.64041pt.
Package epstopdf Info: Source file: <figures/figure_7b.eps>
(epstopdf)                    date: 2020-10-10 08:52:49
(epstopdf)                    size: 60878 bytes
(epstopdf)             Output file: <figures/figure_7b-eps-converted-to.pdf>
(epstopdf)                    date: 2021-01-20 10:21:24
(epstopdf)                    size: 46249 bytes
(epstopdf)             Command: <epstopdf --outfile=figures/figure_7b-eps-conve
rted-to.pdf figures/figure_7b.eps>
(epstopdf)             \includegraphics on input line 741.
Package epstopdf Info: Output file is already uptodate.


pdfTeX warning: pdflatex.exe (file ./figures/figure_7b-eps-converted-to.pdf): P
DF inclusion: found PDF version <1.7>, but at most version <1.5> allowed
<figures/figure_7b-eps-converted-to.pdf, id=74, 226.8475pt x 91.34125pt>
File: figures/figure_7b-eps-converted-to.pdf Graphic file (type pdf)
<use figures/figure_7b-eps-converted-to.pdf>
Package pdftex.def Info: figures/figure_7b-eps-converted-to.pdf  used on input 
line 741.
(pdftex.def)             Requested size: 192.82127pt x 77.64041pt.
Package epstopdf Info: Source file: <figures/figure_7c.eps>
(epstopdf)                    date: 2020-10-10 08:52:49
(epstopdf)                    size: 58212 bytes
(epstopdf)             Output file: <figures/figure_7c-eps-converted-to.pdf>
(epstopdf)                    date: 2021-01-20 10:21:25
(epstopdf)                    size: 45364 bytes
(epstopdf)             Command: <epstopdf --outfile=figures/figure_7c-eps-conve
rted-to.pdf figures/figure_7c.eps>
(epstopdf)             \includegraphics on input line 743.
Package epstopdf Info: Output file is already uptodate.


pdfTeX warning: pdflatex.exe (file ./figures/figure_7c-eps-converted-to.pdf): P
DF inclusion: found PDF version <1.7>, but at most version <1.5> allowed
<figures/figure_7c-eps-converted-to.pdf, id=75, 226.8475pt x 91.34125pt>
File: figures/figure_7c-eps-converted-to.pdf Graphic file (type pdf)
<use figures/figure_7c-eps-converted-to.pdf>
Package pdftex.def Info: figures/figure_7c-eps-converted-to.pdf  used on input 
line 743.
(pdftex.def)             Requested size: 192.82127pt x 77.64041pt.
Package epstopdf Info: Source file: <figures/figure_7d.eps>
(epstopdf)                    date: 2020-10-10 08:52:50
(epstopdf)                    size: 63524 bytes
(epstopdf)             Output file: <figures/figure_7d-eps-converted-to.pdf>
(epstopdf)                    date: 2021-01-20 10:21:26
(epstopdf)                    size: 48959 bytes
(epstopdf)             Command: <epstopdf --outfile=figures/figure_7d-eps-conve
rted-to.pdf figures/figure_7d.eps>
(epstopdf)             \includegraphics on input line 744.
Package epstopdf Info: Output file is already uptodate.


pdfTeX warning: pdflatex.exe (file ./figures/figure_7d-eps-converted-to.pdf): P
DF inclusion: found PDF version <1.7>, but at most version <1.5> allowed
<figures/figure_7d-eps-converted-to.pdf, id=76, 226.8475pt x 91.34125pt>
File: figures/figure_7d-eps-converted-to.pdf Graphic file (type pdf)
<use figures/figure_7d-eps-converted-to.pdf>
Package pdftex.def Info: figures/figure_7d-eps-converted-to.pdf  used on input 
line 744.
(pdftex.def)             Requested size: 192.82127pt x 77.64041pt.
Package epstopdf Info: Source file: <figures/figure_7e.eps>
(epstopdf)                    date: 2020-10-10 08:52:51
(epstopdf)                    size: 57657 bytes
(epstopdf)             Output file: <figures/figure_7e-eps-converted-to.pdf>
(epstopdf)                    date: 2021-01-20 10:21:26
(epstopdf)                    size: 45455 bytes
(epstopdf)             Command: <epstopdf --outfile=figures/figure_7e-eps-conve
rted-to.pdf figures/figure_7e.eps>
(epstopdf)             \includegraphics on input line 746.
Package epstopdf Info: Output file is already uptodate.


pdfTeX warning: pdflatex.exe (file ./figures/figure_7e-eps-converted-to.pdf): P
DF inclusion: found PDF version <1.7>, but at most version <1.5> allowed
<figures/figure_7e-eps-converted-to.pdf, id=77, 226.8475pt x 91.34125pt>
File: figures/figure_7e-eps-converted-to.pdf Graphic file (type pdf)
<use figures/figure_7e-eps-converted-to.pdf>
Package pdftex.def Info: figures/figure_7e-eps-converted-to.pdf  used on input 
line 746.
(pdftex.def)             Requested size: 192.82127pt x 77.64041pt.
Package epstopdf Info: Source file: <figures/figure_7f.eps>
(epstopdf)                    date: 2020-10-10 08:52:51
(epstopdf)                    size: 61353 bytes
(epstopdf)             Output file: <figures/figure_7f-eps-converted-to.pdf>
(epstopdf)                    date: 2021-01-20 10:21:27
(epstopdf)                    size: 46353 bytes
(epstopdf)             Command: <epstopdf --outfile=figures/figure_7f-eps-conve
rted-to.pdf figures/figure_7f.eps>
(epstopdf)             \includegraphics on input line 747.
Package epstopdf Info: Output file is already uptodate.


pdfTeX warning: pdflatex.exe (file ./figures/figure_7f-eps-converted-to.pdf): P
DF inclusion: found PDF version <1.7>, but at most version <1.5> allowed
<figures/figure_7f-eps-converted-to.pdf, id=78, 226.8475pt x 91.34125pt>
File: figures/figure_7f-eps-converted-to.pdf Graphic file (type pdf)
<use figures/figure_7f-eps-converted-to.pdf>
Package pdftex.def Info: figures/figure_7f-eps-converted-to.pdf  used on input 
line 747.
(pdftex.def)             Requested size: 192.82127pt x 77.64041pt.
Package epstopdf Info: Source file: <figures/figure_7g.eps>
(epstopdf)                    date: 2020-10-10 08:52:52
(epstopdf)                    size: 60272 bytes
(epstopdf)             Output file: <figures/figure_7g-eps-converted-to.pdf>
(epstopdf)                    date: 2021-01-20 10:21:28
(epstopdf)                    size: 46459 bytes
(epstopdf)             Command: <epstopdf --outfile=figures/figure_7g-eps-conve
rted-to.pdf figures/figure_7g.eps>
(epstopdf)             \includegraphics on input line 749.
Package epstopdf Info: Output file is already uptodate.


pdfTeX warning: pdflatex.exe (file ./figures/figure_7g-eps-converted-to.pdf): P
DF inclusion: found PDF version <1.7>, but at most version <1.5> allowed
<figures/figure_7g-eps-converted-to.pdf, id=79, 226.8475pt x 91.34125pt>
File: figures/figure_7g-eps-converted-to.pdf Graphic file (type pdf)
<use figures/figure_7g-eps-converted-to.pdf>
Package pdftex.def Info: figures/figure_7g-eps-converted-to.pdf  used on input 
line 749.
(pdftex.def)             Requested size: 192.82127pt x 77.64041pt.
Package epstopdf Info: Source file: <figures/figure_7h.eps>
(epstopdf)                    date: 2020-10-10 08:52:52
(epstopdf)                    size: 62620 bytes
(epstopdf)             Output file: <figures/figure_7h-eps-converted-to.pdf>
(epstopdf)                    date: 2021-01-20 10:21:28
(epstopdf)                    size: 47294 bytes
(epstopdf)             Command: <epstopdf --outfile=figures/figure_7h-eps-conve
rted-to.pdf figures/figure_7h.eps>
(epstopdf)             \includegraphics on input line 750.
Package epstopdf Info: Output file is already uptodate.


pdfTeX warning: pdflatex.exe (file ./figures/figure_7h-eps-converted-to.pdf): P
DF inclusion: found PDF version <1.7>, but at most version <1.5> allowed
<figures/figure_7h-eps-converted-to.pdf, id=80, 226.8475pt x 91.34125pt>
File: figures/figure_7h-eps-converted-to.pdf Graphic file (type pdf)
<use figures/figure_7h-eps-converted-to.pdf>
Package pdftex.def Info: figures/figure_7h-eps-converted-to.pdf  used on input 
line 750.
(pdftex.def)             Requested size: 192.82127pt x 77.64041pt.
Package epstopdf Info: Source file: <figures/figure_7i.eps>
(epstopdf)                    date: 2020-10-10 08:52:53
(epstopdf)                    size: 60452 bytes
(epstopdf)             Output file: <figures/figure_7i-eps-converted-to.pdf>
(epstopdf)                    date: 2021-01-20 10:21:29
(epstopdf)                    size: 48278 bytes
(epstopdf)             Command: <epstopdf --outfile=figures/figure_7i-eps-conve
rted-to.pdf figures/figure_7i.eps>
(epstopdf)             \includegraphics on input line 752.
Package epstopdf Info: Output file is already uptodate.


pdfTeX warning: pdflatex.exe (file ./figures/figure_7i-eps-converted-to.pdf): P
DF inclusion: found PDF version <1.7>, but at most version <1.5> allowed
<figures/figure_7i-eps-converted-to.pdf, id=81, 226.8475pt x 91.34125pt>
File: figures/figure_7i-eps-converted-to.pdf Graphic file (type pdf)
<use figures/figure_7i-eps-converted-to.pdf>
Package pdftex.def Info: figures/figure_7i-eps-converted-to.pdf  used on input 
line 752.
(pdftex.def)             Requested size: 192.82127pt x 77.64041pt.
Package epstopdf Info: Source file: <figures/figure_7j.eps>
(epstopdf)                    date: 2020-10-10 08:52:53
(epstopdf)                    size: 61173 bytes
(epstopdf)             Output file: <figures/figure_7j-eps-converted-to.pdf>
(epstopdf)                    date: 2021-01-20 10:21:30
(epstopdf)                    size: 45436 bytes
(epstopdf)             Command: <epstopdf --outfile=figures/figure_7j-eps-conve
rted-to.pdf figures/figure_7j.eps>
(epstopdf)             \includegraphics on input line 753.
Package epstopdf Info: Output file is already uptodate.


pdfTeX warning: pdflatex.exe (file ./figures/figure_7j-eps-converted-to.pdf): P
DF inclusion: found PDF version <1.7>, but at most version <1.5> allowed
<figures/figure_7j-eps-converted-to.pdf, id=82, 226.8475pt x 91.34125pt>
File: figures/figure_7j-eps-converted-to.pdf Graphic file (type pdf)
<use figures/figure_7j-eps-converted-to.pdf>
Package pdftex.def Info: figures/figure_7j-eps-converted-to.pdf  used on input 
line 753.
(pdftex.def)             Requested size: 192.82127pt x 77.64041pt.

Underfull \hbox (badness 5105) in paragraph at lines 754--754
[]|$\OML/ptmcm/m/it/10 f[]$\OT1/ptm/m/n/10 , $\OML/ptmcm/m/it/10 a \OT1/ptmcm/m
/n/10 = \OML/ptmcm/m/it/10 :\OT1/ptmcm/m/n/10 055$\OT1/ptm/m/n/10 ,
 []

Package epstopdf Info: Source file: <figures/figure_7k.eps>
(epstopdf)                    date: 2020-10-10 08:52:54
(epstopdf)                    size: 52900 bytes
(epstopdf)             Output file: <figures/figure_7k-eps-converted-to.pdf>
(epstopdf)                    date: 2021-01-20 10:21:30
(epstopdf)                    size: 40981 bytes
(epstopdf)             Command: <epstopdf --outfile=figures/figure_7k-eps-conve
rted-to.pdf figures/figure_7k.eps>
(epstopdf)             \includegraphics on input line 755.
Package epstopdf Info: Output file is already uptodate.


pdfTeX warning: pdflatex.exe (file ./figures/figure_7k-eps-converted-to.pdf): P
DF inclusion: found PDF version <1.7>, but at most version <1.5> allowed
<figures/figure_7k-eps-converted-to.pdf, id=83, 226.8475pt x 91.34125pt>
File: figures/figure_7k-eps-converted-to.pdf Graphic file (type pdf)
<use figures/figure_7k-eps-converted-to.pdf>
Package pdftex.def Info: figures/figure_7k-eps-converted-to.pdf  used on input 
line 755.
(pdftex.def)             Requested size: 192.82127pt x 77.64041pt.
Package epstopdf Info: Source file: <figures/figure_7l.eps>
(epstopdf)                    date: 2020-10-10 08:52:55
(epstopdf)                    size: 58059 bytes
(epstopdf)             Output file: <figures/figure_7l-eps-converted-to.pdf>
(epstopdf)                    date: 2021-01-20 10:21:31
(epstopdf)                    size: 43944 bytes
(epstopdf)             Command: <epstopdf --outfile=figures/figure_7l-eps-conve
rted-to.pdf figures/figure_7l.eps>
(epstopdf)             \includegraphics on input line 756.
Package epstopdf Info: Output file is already uptodate.


pdfTeX warning: pdflatex.exe (file ./figures/figure_7l-eps-converted-to.pdf): P
DF inclusion: found PDF version <1.7>, but at most version <1.5> allowed
<figures/figure_7l-eps-converted-to.pdf, id=84, 226.8475pt x 91.34125pt>
File: figures/figure_7l-eps-converted-to.pdf Graphic file (type pdf)
<use figures/figure_7l-eps-converted-to.pdf>
Package pdftex.def Info: figures/figure_7l-eps-converted-to.pdf  used on input 
line 756.
(pdftex.def)             Requested size: 192.82127pt x 77.64041pt.

Underfull \hbox (badness 5105) in paragraph at lines 757--757
[]|$\OML/ptmcm/m/it/10 f[]$\OT1/ptm/m/n/10 , $\OML/ptmcm/m/it/10 a \OT1/ptmcm/m
/n/10 = \OML/ptmcm/m/it/10 :\OT1/ptmcm/m/n/10 055$\OT1/ptm/m/n/10 ,
 []

Package epstopdf Info: Source file: <figures/figure_7m.eps>
(epstopdf)                    date: 2020-10-10 08:52:55
(epstopdf)                    size: 58157 bytes
(epstopdf)             Output file: <figures/figure_7m-eps-converted-to.pdf>
(epstopdf)                    date: 2021-01-20 10:21:32
(epstopdf)                    size: 46135 bytes
(epstopdf)             Command: <epstopdf --outfile=figures/figure_7m-eps-conve
rted-to.pdf figures/figure_7m.eps>
(epstopdf)             \includegraphics on input line 758.
Package epstopdf Info: Output file is already uptodate.


pdfTeX warning: pdflatex.exe (file ./figures/figure_7m-eps-converted-to.pdf): P
DF inclusion: found PDF version <1.7>, but at most version <1.5> allowed
<figures/figure_7m-eps-converted-to.pdf, id=85, 226.8475pt x 91.34125pt>
File: figures/figure_7m-eps-converted-to.pdf Graphic file (type pdf)
<use figures/figure_7m-eps-converted-to.pdf>
Package pdftex.def Info: figures/figure_7m-eps-converted-to.pdf  used on input 
line 758.
(pdftex.def)             Requested size: 192.82127pt x 77.64041pt.
Package epstopdf Info: Source file: <figures/figure_7n.eps>
(epstopdf)                    date: 2020-10-10 08:52:56
(epstopdf)                    size: 60333 bytes
(epstopdf)             Output file: <figures/figure_7n-eps-converted-to.pdf>
(epstopdf)                    date: 2021-01-20 10:21:32
(epstopdf)                    size: 46281 bytes
(epstopdf)             Command: <epstopdf --outfile=figures/figure_7n-eps-conve
rted-to.pdf figures/figure_7n.eps>
(epstopdf)             \includegraphics on input line 759.
Package epstopdf Info: Output file is already uptodate.


pdfTeX warning: pdflatex.exe (file ./figures/figure_7n-eps-converted-to.pdf): P
DF inclusion: found PDF version <1.7>, but at most version <1.5> allowed
<figures/figure_7n-eps-converted-to.pdf, id=86, 226.8475pt x 91.34125pt>
File: figures/figure_7n-eps-converted-to.pdf Graphic file (type pdf)
<use figures/figure_7n-eps-converted-to.pdf>
Package pdftex.def Info: figures/figure_7n-eps-converted-to.pdf  used on input 
line 759.
(pdftex.def)             Requested size: 192.82127pt x 77.64041pt.

LaTeX Warning: No positions in optional float specifier.
               Default added (so using `tbp') on input line 766.

[9 <./figures/figure_3-eps-converted-to.pdf>]
Underfull \vbox (badness 10000) has occurred while \output is active []

 [10 <./figures/figure_4-eps-converted-to.pdf>]
Package epstopdf Info: Source file: <figures/figure_8.eps>
(epstopdf)                    date: 2021-01-21 08:43:48
(epstopdf)                    size: 7335936 bytes
(epstopdf)             Output file: <figures/figure_8-eps-converted-to.pdf>
(epstopdf)                    date: 2021-01-21 08:47:19
(epstopdf)                    size: 135834 bytes
(epstopdf)             Command: <epstopdf --outfile=figures/figure_8-eps-conver
ted-to.pdf figures/figure_8.eps>
(epstopdf)             \includegraphics on input line 827.
Package epstopdf Info: Output file is already uptodate.


pdfTeX warning: pdflatex.exe (file ./figures/figure_8-eps-converted-to.pdf): PD
F inclusion: found PDF version <1.7>, but at most version <1.5> allowed
<figures/figure_8-eps-converted-to.pdf, id=109, 865.2325pt x 324.21124pt>
File: figures/figure_8-eps-converted-to.pdf Graphic file (type pdf)
<use figures/figure_8-eps-converted-to.pdf>
Package pdftex.def Info: figures/figure_8-eps-converted-to.pdf  used on input l
ine 827.
(pdftex.def)             Requested size: 420.79546pt x 157.6776pt.

Underfull \vbox (badness 7888) has occurred while \output is active []

 [11 <./figures/figure_5-eps-converted-to.pdf> <./figures/figure_6-eps-converte
d-to.pdf>]
[12 <./figures/figure_7a-eps-converted-to.pdf> <./figures/figure_7b-eps-convert
ed-to.pdf> <./figures/figure_7c-eps-converted-to.pdf> <./figures/figure_7d-eps-
converted-to.pdf> <./figures/figure_7e-eps-converted-to.pdf> <./figures/figure_
7f-eps-converted-to.pdf> <./figures/figure_7g-eps-converted-to.pdf> <./figures/
figure_7h-eps-converted-to.pdf> <./figures/figure_7i-eps-converted-to.pdf> <./f
igures/figure_7j-eps-converted-to.pdf> <./figures/figure_7k-eps-converted-to.pd
f> <./figures/figure_7l-eps-converted-to.pdf> <./figures/figure_7m-eps-converte
d-to.pdf> <./figures/figure_7n-eps-converted-to.pdf>] [13 <./figures/figure_8-e
ps-converted-to.pdf>]
Package epstopdf Info: Source file: <figures/figure_9a.eps>
(epstopdf)                    date: 2021-01-21 08:43:48
(epstopdf)                    size: 159267 bytes
(epstopdf)             Output file: <figures/figure_9a-eps-converted-to.pdf>
(epstopdf)                    date: 2021-01-21 08:49:14
(epstopdf)                    size: 55434 bytes
(epstopdf)             Command: <epstopdf --outfile=figures/figure_9a-eps-conve
rted-to.pdf figures/figure_9a.eps>
(epstopdf)             \includegraphics on input line 1008.
Package epstopdf Info: Output file is already uptodate.


pdfTeX warning: pdflatex.exe (file ./figures/figure_9a-eps-converted-to.pdf): P
DF inclusion: found PDF version <1.7>, but at most version <1.5> allowed
<figures/figure_9a-eps-converted-to.pdf, id=300, 376.40625pt x 301.125pt>
File: figures/figure_9a-eps-converted-to.pdf Graphic file (type pdf)
<use figures/figure_9a-eps-converted-to.pdf>
Package pdftex.def Info: figures/figure_9a-eps-converted-to.pdf  used on input 
line 1008.
(pdftex.def)             Requested size: 222.77095pt x 178.22276pt.
Package epstopdf Info: Source file: <figures/figure_9b.eps>
(epstopdf)                    date: 2021-01-21 08:43:48
(epstopdf)                    size: 198557 bytes
(epstopdf)             Output file: <figures/figure_9b-eps-converted-to.pdf>
(epstopdf)                    date: 2021-01-21 08:49:14
(epstopdf)                    size: 81844 bytes
(epstopdf)             Command: <epstopdf --outfile=figures/figure_9b-eps-conve
rted-to.pdf figures/figure_9b.eps>
(epstopdf)             \includegraphics on input line 1009.
Package epstopdf Info: Output file is already uptodate.


pdfTeX warning: pdflatex.exe (file ./figures/figure_9b-eps-converted-to.pdf): P
DF inclusion: found PDF version <1.7>, but at most version <1.5> allowed
<figures/figure_9b-eps-converted-to.pdf, id=301, 376.40625pt x 301.125pt>
File: figures/figure_9b-eps-converted-to.pdf Graphic file (type pdf)
<use figures/figure_9b-eps-converted-to.pdf>
Package pdftex.def Info: figures/figure_9b-eps-converted-to.pdf  used on input 
line 1009.
(pdftex.def)             Requested size: 222.77095pt x 178.22276pt.
[14]
Package epstopdf Info: Source file: <figures/figure_10.eps>
(epstopdf)                    date: 2021-01-21 08:45:29
(epstopdf)                    size: 4251056 bytes
(epstopdf)             Output file: <figures/figure_10-eps-converted-to.pdf>
(epstopdf)                    date: 2021-01-21 08:52:07
(epstopdf)                    size: 142304 bytes
(epstopdf)             Command: <epstopdf --outfile=figures/figure_10-eps-conve
rted-to.pdf figures/figure_10.eps>
(epstopdf)             \includegraphics on input line 1037.
Package epstopdf Info: Output file is already uptodate.


pdfTeX warning: pdflatex.exe (file ./figures/figure_10-eps-converted-to.pdf): P
DF inclusion: found PDF version <1.7>, but at most version <1.5> allowed
<figures/figure_10-eps-converted-to.pdf, id=305, 486.81876pt x 333.245pt>
File: figures/figure_10-eps-converted-to.pdf Graphic file (type pdf)
<use figures/figure_10-eps-converted-to.pdf>
Package pdftex.def Info: figures/figure_10-eps-converted-to.pdf  used on input 
line 1037.
(pdftex.def)             Requested size: 247.52496pt x 169.43912pt.
[15 <./figures/figure_9a-eps-converted-to.pdf> <./figures/figure_9b-eps-convert
ed-to.pdf> <./figures/figure_10-eps-converted-to.pdf>]
Package epstopdf Info: Source file: <figures/figure_11.eps>
(epstopdf)                    date: 2020-10-24 11:17:21
(epstopdf)                    size: 193477 bytes
(epstopdf)             Output file: <figures/figure_11-eps-converted-to.pdf>
(epstopdf)                    date: 2021-01-21 08:52:08
(epstopdf)                    size: 150243 bytes
(epstopdf)             Command: <epstopdf --outfile=figures/figure_11-eps-conve
rted-to.pdf figures/figure_11.eps>
(epstopdf)             \includegraphics on input line 1113.
Package epstopdf Info: Output file is already uptodate.


pdfTeX warning: pdflatex.exe (file ./figures/figure_11-eps-converted-to.pdf): P
DF inclusion: found PDF version <1.7>, but at most version <1.5> allowed
<figures/figure_11-eps-converted-to.pdf, id=318, 226.8475pt x 377.41pt>
File: figures/figure_11-eps-converted-to.pdf Graphic file (type pdf)
<use figures/figure_11-eps-converted-to.pdf>
Package pdftex.def Info: figures/figure_11-eps-converted-to.pdf  used on input 
line 1113.
(pdftex.def)             Requested size: 192.82127pt x 320.8pt.
Package epstopdf Info: Source file: <figures/figure_12.eps>
(epstopdf)                    date: 2020-10-24 11:32:20
(epstopdf)                    size: 192244 bytes
(epstopdf)             Output file: <figures/figure_12-eps-converted-to.pdf>
(epstopdf)                    date: 2021-01-21 08:52:09
(epstopdf)                    size: 171885 bytes
(epstopdf)             Command: <epstopdf --outfile=figures/figure_12-eps-conve
rted-to.pdf figures/figure_12.eps>
(epstopdf)             \includegraphics on input line 1139.
Package epstopdf Info: Output file is already uptodate.


pdfTeX warning: pdflatex.exe (file ./figures/figure_12-eps-converted-to.pdf): P
DF inclusion: found PDF version <1.7>, but at most version <1.5> allowed
<figures/figure_12-eps-converted-to.pdf, id=319, 188.705pt x 452.69125pt>
File: figures/figure_12-eps-converted-to.pdf Graphic file (type pdf)
<use figures/figure_12-eps-converted-to.pdf>
Package pdftex.def Info: figures/figure_12-eps-converted-to.pdf  used on input 
line 1139.
(pdftex.def)             Requested size: 160.4pt x 384.78937pt.

Overfull \vbox (2.63208pt too high) has occurred while \output is active []


[16] (asme2ejs.bbl [17 <./figures/figure_11-eps-converted-to.pdf>] [18 <./figur
es/figure_12-eps-converted-to.pdf>])
Underfull \vbox (badness 10000) has occurred while \output is active []

 [19]
(asme2ejs.aux) ) 
Here is how much of TeX's memory you used:
 4203 strings out of 480930
 65034 string characters out of 2909550
 303378 words of memory out of 3000000
 19966 multiletter control sequences out of 15000+200000
 575974 words of font info for 107 fonts, out of 3000000 for 9000
 1141 hyphenation exceptions out of 8191
 38i,14n,43p,685b,361s stack positions out of 5000i,500n,10000p,200000b,50000s
{C:/Program Files/MiKTeX 2.9/fonts/enc/dvips/base/8r.enc}<C:/Pr
ogram Files/MiKTeX 2.9/fonts/type1/public/amsfonts/cm/cmex10.pfb><C:/Program Fi
les/MiKTeX 2.9/fonts/type1/public/amsfonts/cmextra/cmex9.pfb><C:/Program Files/
MiKTeX 2.9/fonts/type1/public/amsfonts/cm/cmmi10.pfb><C:/Program Files/MiKTeX 2
.9/fonts/type1/public/amsfonts/cm/cmr10.pfb><C:/Program Files/MiKTeX 2.9/fonts/
type1/public/amsfonts/cm/cmsy10.pfb><C:/Users/Carl/AppData/Roaming/MiKTeX/2.9/f
onts/type1/urw/helvetic/uhvb8a.pfb><C:/Users/Carl/AppData/Roaming/MiKTeX/2.9/fo
nts/type1/urw/helvetic/uhvr8a.pfb><C:/Users/Carl/AppData/Roaming/MiKTeX/2.9/fon
ts/type1/urw/symbol/usyr.pfb><C:/Users/Carl/AppData/Roaming/MiKTeX/2.9/fonts/ty
pe1/urw/times/utmb8a.pfb><C:/Users/Carl/AppData/Roaming/MiKTeX/2.9/fonts/type1/
urw/times/utmr8a.pfb><C:/Users/Carl/AppData/Roaming/MiKTeX/2.9/fonts/type1/urw/
times/utmri8a.pfb><C:/Users/Carl/AppData/Roaming/MiKTeX/2.9/fonts/type1/urw/zap
fchan/uzcmi8a.pfb>
Output written on asme2ejs.pdf (19 pages, 3464282 bytes).
PDF statistics:
 394 PDF objects out of 1000 (max. 8388607)
 0 named destinations out of 1000 (max. 500000)
 131 words of extra memory for PDF output out of 10000 (max. 10000000)

