This is pdfTeX, Version 3.14159265-2.6-1.40.18 (MiKTeX 2.9.6600 64-bit) (preloaded format=pdflatex 2018.3.2)  27 NOV 2019 09:43
entering extended mode
**./working_version.tex
(working_version.tex
LaTeX2e <2017-04-15>
Babel <3.18> and hyphenation patterns for 75 language(s) loaded.
(asme2ej.cls

LaTeX Warning: You have requested document class `asme2ej',
               but the document class provides `asme2e'.

Document Class: asme2e 2001/2/14 v2.0 Standard LaTeX document class
("C:\Program Files\MiKTeX 2.9\tex\latex\base\ifthen.sty"
Package: ifthen 2014/09/29 v1.1c Standard LaTeX ifthen package (DPC)
)
("C:\Program Files\MiKTeX 2.9\tex\latex\psnfss\times.sty"
Package: times 2005/04/12 PSNFSS-v9.2a (SPQR) 
)
("C:\Program Files\MiKTeX 2.9\tex\latex\psnfss\mathptm.sty"
Package: mathptm 2005/04/12 PSNFSS-v9.2a Times w/ Math (SPQR, WaS) 


Package mathptm Warning: This package is to be regarded as obsolete.
(mathptm)                See the PSNFSS documentation.

LaTeX Font Info:    Redeclaring symbol font `operators' on input line 31.
LaTeX Font Info:    Overwriting symbol font `operators' in version `normal'
(Font)                  OT1/cmr/m/n --> OT1/ptmcm/m/n on input line 31.
LaTeX Font Info:    Overwriting symbol font `operators' in version `bold'
(Font)                  OT1/cmr/bx/n --> OT1/ptmcm/m/n on input line 31.
LaTeX Font Info:    Redeclaring symbol font `letters' on input line 32.
LaTeX Font Info:    Overwriting symbol font `letters' in version `normal'
(Font)                  OML/cmm/m/it --> OML/ptmcm/m/it on input line 32.
LaTeX Font Info:    Overwriting symbol font `letters' in version `bold'
(Font)                  OML/cmm/b/it --> OML/ptmcm/m/it on input line 32.
LaTeX Font Info:    Redeclaring symbol font `symbols' on input line 33.
LaTeX Font Info:    Overwriting symbol font `symbols' in version `normal'
(Font)                  OMS/cmsy/m/n --> OMS/pzccm/m/n on input line 33.
LaTeX Font Info:    Overwriting symbol font `symbols' in version `bold'
(Font)                  OMS/cmsy/b/n --> OMS/pzccm/m/n on input line 33.
LaTeX Font Info:    Redeclaring symbol font `largesymbols' on input line 34.
LaTeX Font Info:    Overwriting symbol font `largesymbols' in version `normal'
(Font)                  OMX/cmex/m/n --> OMX/psycm/m/n on input line 34.
LaTeX Font Info:    Overwriting symbol font `largesymbols' in version `bold'
(Font)                  OMX/cmex/m/n --> OMX/psycm/m/n on input line 34.
\symbold=\mathgroup4
\symitalic=\mathgroup5
LaTeX Font Info:    Redeclaring math alphabet \mathbf on input line 37.
LaTeX Font Info:    Overwriting math alphabet `\mathbf' in version `normal'
(Font)                  OT1/cmr/bx/n --> OT1/ptm/bx/n on input line 37.
LaTeX Font Info:    Overwriting math alphabet `\mathbf' in version `bold'
(Font)                  OT1/cmr/bx/n --> OT1/ptm/bx/n on input line 37.
LaTeX Font Info:    Redeclaring math alphabet \mathit on input line 38.
LaTeX Font Info:    Overwriting math alphabet `\mathit' in version `normal'
(Font)                  OT1/cmr/m/it --> OT1/ptm/m/it on input line 38.
LaTeX Font Info:    Overwriting math alphabet `\mathit' in version `bold'
(Font)                  OT1/cmr/bx/it --> OT1/ptm/m/it on input line 38.
) ("C:\Program Files\MiKTeX 2.9\tex\generic\oberdiek\ifpdf.sty"
Package: ifpdf 2017/03/15 v3.2 Provides the ifpdf switch
)
Ten Point
LaTeX Font Info:    Try loading font information for OT1+phv on input line 301.

("C:\Program Files\MiKTeX 2.9\tex\latex\psnfss\ot1phv.fd"
File: ot1phv.fd 2001/06/04 scalable font definitions for OT1/phv.
)
\c@part=\count79
\c@section=\count80
\c@subsection=\count81
\c@subsubsection=\count82
\c@paragraph=\count83
\c@subparagraph=\count84
\tempbox=\box26
\c@figure=\count85
\c@table=\count86
\@authcnt=\count87
\@tmpcnt=\count88
\bibindent=\dimen102
\tempbox=\box27
\minute=\count89
\hour=\count90
)
("C:\Program Files\MiKTeX 2.9\tex\latex\graphics\graphicx.sty"
Package: graphicx 2017/06/01 v1.1a Enhanced LaTeX Graphics (DPC,SPQR)

("C:\Program Files\MiKTeX 2.9\tex\latex\graphics\keyval.sty"
Package: keyval 2014/10/28 v1.15 key=value parser (DPC)
\KV@toks@=\toks14
)
("C:\Program Files\MiKTeX 2.9\tex\latex\graphics\graphics.sty"
Package: graphics 2017/06/25 v1.2c Standard LaTeX Graphics (DPC,SPQR)

("C:\Program Files\MiKTeX 2.9\tex\latex\graphics\trig.sty"
Package: trig 2016/01/03 v1.10 sin cos tan (DPC)
)
("C:\Program Files\MiKTeX 2.9\tex\latex\graphics-cfg\graphics.cfg"
File: graphics.cfg 2016/06/04 v1.11 sample graphics configuration
)
Package graphics Info: Driver file: pdftex.def on input line 99.

("C:\Program Files\MiKTeX 2.9\tex\latex\graphics-def\pdftex.def"
File: pdftex.def 2018/01/08 v1.0l Graphics/color driver for pdftex
))
\Gin@req@height=\dimen103
\Gin@req@width=\dimen104
)
("C:\Program Files\MiKTeX 2.9\tex\latex\amsmath\amsmath.sty"
Package: amsmath 2017/09/02 v2.17a AMS math features
\@mathmargin=\skip41

For additional information on amsmath, use the `?' option.
("C:\Program Files\MiKTeX 2.9\tex\latex\amsmath\amstext.sty"
Package: amstext 2000/06/29 v2.01 AMS text

("C:\Program Files\MiKTeX 2.9\tex\latex\amsmath\amsgen.sty"
File: amsgen.sty 1999/11/30 v2.0 generic functions
\@emptytoks=\toks15
\ex@=\dimen105
))
("C:\Program Files\MiKTeX 2.9\tex\latex\amsmath\amsbsy.sty"
Package: amsbsy 1999/11/29 v1.2d Bold Symbols
\pmbraise@=\dimen106
)
("C:\Program Files\MiKTeX 2.9\tex\latex\amsmath\amsopn.sty"
Package: amsopn 2016/03/08 v2.02 operator names
)
\inf@bad=\count91
LaTeX Info: Redefining \frac on input line 213.
\uproot@=\count92
\leftroot@=\count93
LaTeX Info: Redefining \overline on input line 375.
\classnum@=\count94
\DOTSCASE@=\count95
LaTeX Info: Redefining \ldots on input line 472.
LaTeX Info: Redefining \dots on input line 475.
LaTeX Info: Redefining \cdots on input line 596.
\Mathstrutbox@=\box28
\strutbox@=\box29
\big@size=\dimen107
LaTeX Font Info:    Redeclaring font encoding OML on input line 712.
LaTeX Font Info:    Redeclaring font encoding OMS on input line 713.
\macc@depth=\count96
\c@MaxMatrixCols=\count97
\dotsspace@=\muskip10
\c@parentequation=\count98
\dspbrk@lvl=\count99
\tag@help=\toks16
\row@=\count100
\column@=\count101
\maxfields@=\count102
\andhelp@=\toks17
\eqnshift@=\dimen108
\alignsep@=\dimen109
\tagshift@=\dimen110
\tagwidth@=\dimen111
\totwidth@=\dimen112
\lineht@=\dimen113
\@envbody=\toks18
\multlinegap=\skip42
\multlinetaggap=\skip43
\mathdisplay@stack=\toks19
LaTeX Info: Redefining \[ on input line 2817.
LaTeX Info: Redefining \] on input line 2818.
)
("C:\Program Files\MiKTeX 2.9\tex\latex\amsfonts\amssymb.sty"
Package: amssymb 2013/01/14 v3.01 AMS font symbols

("C:\Program Files\MiKTeX 2.9\tex\latex\amsfonts\amsfonts.sty"
Package: amsfonts 2013/01/14 v3.01 Basic AMSFonts support
\symAMSa=\mathgroup6
\symAMSb=\mathgroup7
LaTeX Font Info:    Overwriting math alphabet `\mathfrak' in version `bold'
(Font)                  U/euf/m/n --> U/euf/b/n on input line 106.
))
("C:\Program Files\MiKTeX 2.9\tex\latex\tools\bm.sty"
Package: bm 2017/01/16 v1.2c Bold Symbol Support (DPC/FMi)
LaTeX Info: Redefining \bm on input line 207.
) (working_version.aux)
\openout1 = `working_version.aux'.

LaTeX Font Info:    Checking defaults for OML/cmm/m/it on input line 96.
LaTeX Font Info:    ... okay on input line 96.
LaTeX Font Info:    Checking defaults for T1/cmr/m/n on input line 96.
LaTeX Font Info:    ... okay on input line 96.
LaTeX Font Info:    Checking defaults for OT1/cmr/m/n on input line 96.
LaTeX Font Info:    ... okay on input line 96.
LaTeX Font Info:    Checking defaults for OMS/cmsy/m/n on input line 96.
LaTeX Font Info:    ... okay on input line 96.
LaTeX Font Info:    Checking defaults for OMX/cmex/m/n on input line 96.
LaTeX Font Info:    ... okay on input line 96.
LaTeX Font Info:    Checking defaults for U/cmr/m/n on input line 96.
LaTeX Font Info:    ... okay on input line 96.
LaTeX Font Info:    Try loading font information for OT1+ptm on input line 96.

("C:\Program Files\MiKTeX 2.9\tex\latex\psnfss\ot1ptm.fd"
File: ot1ptm.fd 2001/06/04 font definitions for OT1/ptm.
)
(C:\Users\carle\AppData\Roaming\MiKTeX\2.9\tex\context\base\supp-pdf.mkii
[Loading MPS to PDF converter (version 2006.09.02).]
\scratchcounter=\count103
\scratchdimen=\dimen114
\scratchbox=\box30
\nofMPsegments=\count104
\nofMParguments=\count105
\everyMPshowfont=\toks20
\MPscratchCnt=\count106
\MPscratchDim=\dimen115
\MPnumerator=\count107
\makeMPintoPDFobject=\count108
\everyMPtoPDFconversion=\toks21
) ("C:\Program Files\MiKTeX 2.9\tex\latex\oberdiek\epstopdf-base.sty"
Package: epstopdf-base 2016/05/15 v2.6 Base part for package epstopdf

("C:\Program Files\MiKTeX 2.9\tex\generic\oberdiek\infwarerr.sty"
Package: infwarerr 2016/05/16 v1.4 Providing info/warning/error messages (HO)
)
("C:\Program Files\MiKTeX 2.9\tex\latex\oberdiek\grfext.sty"
Package: grfext 2016/05/16 v1.2 Manage graphics extensions (HO)

("C:\Program Files\MiKTeX 2.9\tex\generic\oberdiek\kvdefinekeys.sty"
Package: kvdefinekeys 2016/05/16 v1.4 Define keys (HO)

("C:\Program Files\MiKTeX 2.9\tex\generic\oberdiek\ltxcmds.sty"
Package: ltxcmds 2016/05/16 v1.23 LaTeX kernel commands for general use (HO)
)))
("C:\Program Files\MiKTeX 2.9\tex\latex\oberdiek\kvoptions.sty"
Package: kvoptions 2016/05/16 v3.12 Key value format for package options (HO)

("C:\Program Files\MiKTeX 2.9\tex\generic\oberdiek\kvsetkeys.sty"
Package: kvsetkeys 2016/05/16 v1.17 Key value parser (HO)

("C:\Program Files\MiKTeX 2.9\tex\generic\oberdiek\etexcmds.sty"
Package: etexcmds 2016/05/16 v1.6 Avoid name clashes with e-TeX commands (HO)

("C:\Program Files\MiKTeX 2.9\tex\generic\oberdiek\ifluatex.sty"
Package: ifluatex 2016/05/16 v1.4 Provides the ifluatex switch (HO)
Package ifluatex Info: LuaTeX not detected.
)
Package etexcmds Info: Could not find \expanded.
(etexcmds)             That can mean that you are not using pdfTeX 1.50 or
(etexcmds)             that some package has redefined \expanded.
(etexcmds)             In the latter case, load this package earlier.
)))
("C:\Program Files\MiKTeX 2.9\tex\generic\oberdiek\pdftexcmds.sty"
Package: pdftexcmds 2018/01/21 v0.26 Utility functions of pdfTeX for LuaTeX (HO
)
Package pdftexcmds Info: LuaTeX not detected.
Package pdftexcmds Info: \pdf@primitive is available.
Package pdftexcmds Info: \pdf@ifprimitive is available.
Package pdftexcmds Info: \pdfdraftmode found.
)
Package epstopdf-base Info: Redefining graphics rule for `.eps' on input line 4
38.
Package grfext Info: Graphics extension search list:
(grfext)             [.pdf,.png,.jpg,.mps,.jpeg,.jbig2,.jb2,.PDF,.PNG,.JPG,.JPE
G,.JBIG2,.JB2,.eps]
(grfext)             \AppendGraphicsExtensions on input line 456.
)
LaTeX Font Info:    Try loading font information for OT1+ptmcm on input line 98
.

("C:\Program Files\MiKTeX 2.9\tex\latex\psnfss\ot1ptmcm.fd"
File: ot1ptmcm.fd 2000/01/03 Fontinst v1.801 font definitions for OT1/ptmcm.
)
LaTeX Font Info:    Try loading font information for OML+ptmcm on input line 98
.

("C:\Program Files\MiKTeX 2.9\tex\latex\psnfss\omlptmcm.fd"
File: omlptmcm.fd 2000/01/03 Fontinst v1.801 font definitions for OML/ptmcm.
)
LaTeX Font Info:    Try loading font information for OMS+pzccm on input line 98
.

("C:\Program Files\MiKTeX 2.9\tex\latex\psnfss\omspzccm.fd"
File: omspzccm.fd 2000/01/03 Fontinst v1.801 font definitions for OMS/pzccm.
)
LaTeX Font Info:    Try loading font information for OMX+psycm on input line 98
.

("C:\Program Files\MiKTeX 2.9\tex\latex\psnfss\omxpsycm.fd"
File: omxpsycm.fd 2000/01/03 Fontinst v1.801 font definitions for OMX/psycm.
)
LaTeX Font Info:    Font shape `OT1/ptm/bx/n' in size <10> not available
(Font)              Font shape `OT1/ptm/b/n' tried instead on input line 98.
LaTeX Font Info:    Font shape `OT1/ptm/bx/n' in size <7.4> not available
(Font)              Font shape `OT1/ptm/b/n' tried instead on input line 98.
LaTeX Font Info:    Font shape `OT1/ptm/bx/n' in size <6> not available
(Font)              Font shape `OT1/ptm/b/n' tried instead on input line 98.
LaTeX Font Info:    Try loading font information for U+msa on input line 98.

("C:\Program Files\MiKTeX 2.9\tex\latex\amsfonts\umsa.fd"
File: umsa.fd 2013/01/14 v3.01 AMS symbols A
)
LaTeX Font Info:    Try loading font information for U+msb on input line 98.

("C:\Program Files\MiKTeX 2.9\tex\latex\amsfonts\umsb.fd"
File: umsb.fd 2013/01/14 v3.01 AMS symbols B
)
Underfull \hbox (badness 10000) detected at line 98
[]
 []

LaTeX Font Info:    Font shape `OT1/ptm/bx/n' in size <8> not available
(Font)              Font shape `OT1/ptm/b/n' tried instead on input line 98.
LaTeX Font Info:    Font shape `OT1/ptm/bx/n' in size <5> not available
(Font)              Font shape `OT1/ptm/b/n' tried instead on input line 98.

Overfull \vbox (15.09186pt too high) has occurred while \output is active []

LaTeX Font Info:    Try loading font information for OMS+ptm on input line 141.


("C:\Program Files\MiKTeX 2.9\tex\latex\psnfss\omsptm.fd"
File: omsptm.fd 
)
LaTeX Font Info:    Font shape `OMS/ptm/m/n' in size <10> not available
(Font)              Font shape `OMS/cmsy/m/n' tried instead on input line 141.
 [1{C:/Users/carle/AppData/Local/MiKTeX/2.9/pdftex/config/pdftex.map}


]
Underfull \hbox (badness 2035) in paragraph at lines 156--166
[]\OT1/ptm/m/n/10 Real-world op-ti-miza-tion prob-lems typ-i-cally in-volve
 []

[2] [3]
Underfull \hbox (badness 10000) in paragraph at lines 510--520
[]\OT1/ptm/m/n/10 To use an em-u-la-tor, sup-pose we have in-puts
 []


Underfull \hbox (badness 3449) in paragraph at lines 510--520
\OMS/pzccm/m/n/10 f\OT1/ptmcm/m/n/10 (\OT1/ptm/b/n/10 x[]\OML/ptmcm/m/it/10 ; \
OT1/ptm/b/n/10 t[]\OT1/ptmcm/m/n/10 )\OMS/pzccm/m/n/10 g[]  \U/msb/m/n/10 R[] 
\OMS/pzccm/m/n/10  \U/msb/m/n/10 R[]$ \OT1/ptm/m/n/10 scaled to the unit hy-pe
r-cube
 []

[4]
Underfull \hbox (badness 10000) in paragraph at lines 649--675
[]\OT1/ptm/m/n/10 Denote com-pleted runs of the sim-u-la-tor
 []


Underfull \hbox (badness 10000) in paragraph at lines 649--675
[] \OT1/ptmcm/m/n/10 = (\OML/ptmcm/m/it/10 \OT1/ptmcm/m/n/10 (\OT1/ptm/b/n/10 
x[]\OML/ptmcm/m/it/10 ; \OT1/ptm/b/n/10 t[]\OT1/ptmcm/m/n/10 )\OML/ptmcm/m/it/1
0 ; []  ; \OT1/ptmcm/m/n/10 (\OT1/ptm/b/n/10 x[]\OML/ptmcm/m/it/10 ; \OT1/ptm/
b/n/10 t[]\OT1/ptmcm/m/n/10 ))[]$\OT1/ptm/m/n/10 , tar-get out-comes
 []


Underfull \hbox (badness 10000) in paragraph at lines 649--675
\OT1/ptm/b/n/10 y[] \OT1/ptmcm/m/n/10 = (\OML/ptmcm/m/it/10 y\OT1/ptmcm/m/n/10 
(\OT1/ptm/b/n/10 x[]\OT1/ptmcm/m/n/10 )\OML/ptmcm/m/it/10 ; []  ; y\OT1/ptmcm/m
/n/10 (\OT1/ptm/b/n/10 x[]\OT1/ptmcm/m/n/10 ))[]$\OT1/ptm/m/n/10 , and $\OMS/pz
ccm/m/n/10 D \OT1/ptmcm/m/n/10 = ([][]\OML/ptmcm/m/it/10 ; \OT1/ptm/b/n/10 y[]\
OT1/ptmcm/m/n/10 )[]$\OT1/ptm/m/n/10 .
 []


Underfull \hbox (badness 1635) in paragraph at lines 649--675
\OT1/ptm/m/n/10 Then $\OMS/pzccm/m/n/10 Dj[]\OML/ptmcm/m/it/10 ; [][]; []; []$ 
\OT1/ptm/m/n/10 is mul-ti-vari-ate nor-mal with mean
 []


Underfull \vbox (badness 4279) has occurred while \output is active []


Overfull \hbox (1.46693pt too wide) in paragraph at lines 723--723
[]\OT1/ptm/m/n/10 1.| 
 []


Overfull \hbox (1.46693pt too wide) in paragraph at lines 727--727
[]\OT1/ptm/m/n/10 2.| 
 []


Overfull \hbox (1.46693pt too wide) in paragraph at lines 728--728
[]\OT1/ptm/m/n/10 3.| 
 []


Overfull \hbox (1.46693pt too wide) in paragraph at lines 729--729
[]\OT1/ptm/m/n/10 4.| 
 []


Overfull \hbox (1.46693pt too wide) in paragraph at lines 730--730
[]\OT1/ptm/m/n/10 5.| 
 []


LaTeX Warning: `h' float specifier changed to `ht'.

Package epstopdf Info: Source file: <FIG_des_obs_selection_example2.eps>
(epstopdf)                    date: 2019-11-25 14:33:29
(epstopdf)                    size: 23922 bytes
(epstopdf)             Output file: <FIG_des_obs_selection_example2-eps-convert
ed-to.pdf>
(epstopdf)                    date: 2019-11-25 14:34:32
(epstopdf)                    size: 5198 bytes
(epstopdf)             Command: <epstopdf --outfile=FIG_des_obs_selection_examp
le2-eps-converted-to.pdf FIG_des_obs_selection_example2.eps>
(epstopdf)             \includegraphics on input line 741.
Package epstopdf Info: Output file is already uptodate.
<FIG_des_obs_selection_example2-eps-converted-to.pdf, id=26, 259.97125pt x 165.
61874pt>
File: FIG_des_obs_selection_example2-eps-converted-to.pdf Graphic file (type pd
f)
<use FIG_des_obs_selection_example2-eps-converted-to.pdf>
Package pdftex.def Info: FIG_des_obs_selection_example2-eps-converted-to.pdf  u
sed on input line 741.
(pdftex.def)             Requested size: 220.9766pt x 140.77658pt.
[5]
Package epstopdf Info: Source file: <FIG_toy_sim_model_outputs.eps>
(epstopdf)                    date: 2019-07-12 11:39:18
(epstopdf)                    size: 59365 bytes
(epstopdf)             Output file: <FIG_toy_sim_model_outputs-eps-converted-to
.pdf>
(epstopdf)                    date: 2019-07-12 11:39:29
(epstopdf)                    size: 22707 bytes
(epstopdf)             Command: <epstopdf --outfile=FIG_toy_sim_model_outputs-e
ps-converted-to.pdf FIG_toy_sim_model_outputs.eps>
(epstopdf)             \includegraphics on input line 800.
Package epstopdf Info: Output file is already uptodate.
<FIG_toy_sim_model_outputs-eps-converted-to.pdf, id=30, 232.87pt x 153.57375pt>

File: FIG_toy_sim_model_outputs-eps-converted-to.pdf Graphic file (type pdf)
<use FIG_toy_sim_model_outputs-eps-converted-to.pdf>
Package pdftex.def Info: FIG_toy_sim_model_outputs-eps-converted-to.pdf  used o
n input line 800.
(pdftex.def)             Requested size: 197.94041pt x 130.53828pt.

Underfull \hbox (badness 10000) in paragraph at lines 817--842
[]\OT1/ptm/m/n/10 We ini-tially set the tar-get out-comes to
 []


Underfull \hbox (badness 4846) in paragraph at lines 817--842
\OT1/ptmcm/m/n/10 (0\OML/ptmcm/m/it/10 :\OT1/ptmcm/m/n/10 7311\OML/ptmcm/m/it/1
0 ; \OT1/ptmcm/m/n/10 0\OML/ptmcm/m/it/10 :\OT1/ptmcm/m/n/10 6675\OML/ptmcm/m/i
t/10 ; \OT1/ptmcm/m/n/10 15)$\OT1/ptm/m/n/10 , the utopia point of the sys-tem,

 []

Package epstopdf Info: Source file: <FIG_TS_results_noPCTO.eps>
(epstopdf)                    date: 2019-11-07 14:11:00
(epstopdf)                    size: 2470294 bytes
(epstopdf)             Output file: <FIG_TS_results_noPCTO-eps-converted-to.pdf
>
(epstopdf)                    date: 2019-11-07 14:11:26
(epstopdf)                    size: 247660 bytes
(epstopdf)             Command: <epstopdf --outfile=FIG_TS_results_noPCTO-eps-c
onverted-to.pdf FIG_TS_results_noPCTO.eps>
(epstopdf)             \includegraphics on input line 846.
Package epstopdf Info: Output file is already uptodate.
<FIG_TS_results_noPCTO-eps-converted-to.pdf, id=31, 263.98625pt x 200.75pt>
File: FIG_TS_results_noPCTO-eps-converted-to.pdf Graphic file (type pdf)
<use FIG_TS_results_noPCTO-eps-converted-to.pdf>
Package pdftex.def Info: FIG_TS_results_noPCTO-eps-converted-to.pdf  used on in
put line 846.
(pdftex.def)             Requested size: 224.38936pt x 170.63829pt.
Package epstopdf Info: Source file: <FIG_TS_results_withPCTO.eps>
(epstopdf)                    date: 2019-11-07 14:10:57
(epstopdf)                    size: 2469797 bytes
(epstopdf)             Output file: <FIG_TS_results_withPCTO-eps-converted-to.p
df>
(epstopdf)                    date: 2019-11-07 14:11:21
(epstopdf)                    size: 217032 bytes
(epstopdf)             Command: <epstopdf --outfile=FIG_TS_results_withPCTO-eps
-converted-to.pdf FIG_TS_results_withPCTO.eps>
(epstopdf)             \includegraphics on input line 848.
Package epstopdf Info: Output file is already uptodate.
<FIG_TS_results_withPCTO-eps-converted-to.pdf, id=32, 263.98625pt x 200.75pt>
File: FIG_TS_results_withPCTO-eps-converted-to.pdf Graphic file (type pdf)
<use FIG_TS_results_withPCTO-eps-converted-to.pdf>
Package pdftex.def Info: FIG_TS_results_withPCTO-eps-converted-to.pdf  used on 
input line 848.
(pdftex.def)             Requested size: 224.38936pt x 170.63829pt.
LaTeX Font Info:    Try loading font information for OT1+pcr on input line 862.

("C:\Program Files\MiKTeX 2.9\tex\latex\psnfss\ot1pcr.fd"
File: ot1pcr.fd 2001/06/04 font definitions for OT1/pcr.
) [6 <./FIG_des_obs_selection_example2-eps-converted-to.pdf> <./FIG_toy_sim_mod
el_outputs-eps-converted-to.pdf>]
Underfull \vbox (badness 10000) has occurred while \output is active []

Package epstopdf Info: Source file: <FIG_est_PF_with_des_obs.eps>
(epstopdf)                    date: 2019-03-06 11:03:35
(epstopdf)                    size: 71411 bytes
(epstopdf)             Output file: <FIG_est_PF_with_des_obs-eps-converted-to.p
df>
(epstopdf)                    date: 2019-07-10 09:17:03
(epstopdf)                    size: 14506 bytes
(epstopdf)             Command: <epstopdf --outfile=FIG_est_PF_with_des_obs-eps
-converted-to.pdf FIG_est_PF_with_des_obs.eps>
(epstopdf)             \includegraphics on input line 977.
Package epstopdf Info: Output file is already uptodate.
<FIG_est_PF_with_des_obs-eps-converted-to.pdf, id=43, 286.06876pt x 224.84pt>
File: FIG_est_PF_with_des_obs-eps-converted-to.pdf Graphic file (type pdf)
<use FIG_est_PF_with_des_obs-eps-converted-to.pdf>
Package pdftex.def Info: FIG_est_PF_with_des_obs-eps-converted-to.pdf  used on 
input line 977.
(pdftex.def)             Requested size: 243.15959pt x 191.1149pt.

Overfull \hbox (1.77751pt too wide) in paragraph at lines 977--979
 [][] 
 []

[7 <./FIG_TS_results_noPCTO-eps-converted-to.pdf> <./FIG_TS_results_withPCTO-ep
s-converted-to.pdf>]
Package epstopdf Info: Source file: <FIG_post_dist_hist2.eps>
(epstopdf)                    date: 2019-11-25 14:50:30
(epstopdf)                    size: 127684 bytes
(epstopdf)             Output file: <FIG_post_dist_hist2-eps-converted-to.pdf>
(epstopdf)                    date: 2019-11-25 14:50:59
(epstopdf)                    size: 130268 bytes
(epstopdf)             Command: <epstopdf --outfile=FIG_post_dist_hist2-eps-con
verted-to.pdf FIG_post_dist_hist2.eps>
(epstopdf)             \includegraphics on input line 1011.
Package epstopdf Info: Output file is already uptodate.
<FIG_post_dist_hist2-eps-converted-to.pdf, id=64, 272.01625pt x 181.67876pt>
File: FIG_post_dist_hist2-eps-converted-to.pdf Graphic file (type pdf)
<use FIG_post_dist_hist2-eps-converted-to.pdf>
Package pdftex.def Info: FIG_post_dist_hist2-eps-converted-to.pdf  used on inpu
t line 1011.
(pdftex.def)             Requested size: 231.21489pt x 154.42766pt.
Package epstopdf Info: Source file: <FIG_prior_vs_posterior_dist.eps>
(epstopdf)                    date: 2019-11-25 15:31:21
(epstopdf)                    size: 26699 bytes
(epstopdf)             Output file: <FIG_prior_vs_posterior_dist-eps-converted-
to.pdf>
(epstopdf)                    date: 2019-11-25 15:31:33
(epstopdf)                    size: 7421 bytes
(epstopdf)             Command: <epstopdf --outfile=FIG_prior_vs_posterior_dist
-eps-converted-to.pdf FIG_prior_vs_posterior_dist.eps>
(epstopdf)             \includegraphics on input line 1024.
Package epstopdf Info: Output file is already uptodate.
<FIG_prior_vs_posterior_dist-eps-converted-to.pdf, id=65, 268.00125pt x 148.555
pt>
File: FIG_prior_vs_posterior_dist-eps-converted-to.pdf Graphic file (type pdf)
<use FIG_prior_vs_posterior_dist-eps-converted-to.pdf>
Package pdftex.def Info: FIG_prior_vs_posterior_dist-eps-converted-to.pdf  used
 on input line 1024.
(pdftex.def)             Requested size: 227.80212pt x 126.27234pt.


LaTeX Warning: `h' float specifier changed to `ht'.

[8 <./FIG_est_PF_with_des_obs-eps-converted-to.pdf> <./FIG_post_dist_hist2-eps-
converted-to.pdf> <./FIG_prior_vs_posterior_dist-eps-converted-to.pdf>]
Package epstopdf Info: Source file: <FIG_cost_grid_pareto_bands.eps>
(epstopdf)                    date: 2019-11-25 15:45:48
(epstopdf)                    size: 42602 bytes
(epstopdf)             Output file: <FIG_cost_grid_pareto_bands-eps-converted-t
o.pdf>
(epstopdf)                    date: 2019-11-25 15:46:01
(epstopdf)                    size: 10180 bytes
(epstopdf)             Command: <epstopdf --outfile=FIG_cost_grid_pareto_bands-
eps-converted-to.pdf FIG_cost_grid_pareto_bands.eps>
(epstopdf)             \includegraphics on input line 1091.
Package epstopdf Info: Output file is already uptodate.
<FIG_cost_grid_pareto_bands-eps-converted-to.pdf, id=105, 268.00125pt x 175.656
25pt>
File: FIG_cost_grid_pareto_bands-eps-converted-to.pdf Graphic file (type pdf)
<use FIG_cost_grid_pareto_bands-eps-converted-to.pdf>
Package pdftex.def Info: FIG_cost_grid_pareto_bands-eps-converted-to.pdf  used 
on input line 1091.
(pdftex.def)             Requested size: 227.80212pt x 149.3085pt.

[9 <./FIG_cost_grid_pareto_bands-eps-converted-to.pdf>] (working_version.bbl
Underfull \hbox (badness 1320) in paragraph at lines 53--57
\OT1/ptm/m/n/10 ti-miza-tion in un-cer-tain en-vi-ron-ments - A sur-vey''.
 []


Underfull \hbox (badness 5091) in paragraph at lines 100--104
[]\OT1/ptm/m/n/10 Gelfand, A. E., and Smith, A. F. M., 1990.
 []


Underfull \hbox (badness 1038) in paragraph at lines 164--167
\OT1/ptm/m/it/10 The de-sign and anal-y-sis of com-puter ex-per-i-ments\OT1/ptm
/m/n/10 .
 []


Underfull \vbox (badness 10000) has occurred while \output is active []

 [10]
Underfull \hbox (badness 1210) in paragraph at lines 199--204
[]\OT1/ptm/m/n/10 Tuo, R., and Wu, C. F. J., 2016.  ``A the-o-ret-i-
 []

LaTeX Font Info:    Font shape `OMS/ptm/m/n' in size <7.4> not available
(Font)              Font shape `OMS/cmsy/m/n' tried instead on input line 213.
LaTeX Font Info:    Calculating math sizes for size <7.4> on input line 213.
LaTeX Font Info:    Font shape `OT1/ptm/bx/n' in size <5.17996> not available
(Font)              Font shape `OT1/ptm/b/n' tried instead on input line 213.
LaTeX Font Info:    Font shape `OT1/ptm/bx/n' in size <3.7> not available
(Font)              Font shape `OT1/ptm/b/n' tried instead on input line 213.

Underfull \hbox (badness 1931) in paragraph at lines 234--238
\OT1/ptm/m/n/10 ods us-ing Markov chains and their ap-pli-ca-tions''.
 []


Underfull \hbox (badness 1748) in paragraph at lines 247--251
\OT1/ptm/m/n/10 con-ver-gence and op-ti-mal scal-ing of ran-dom walk
 []


Underfull \vbox (badness 10000) has occurred while \output is active []


Underfull \hbox (badness 1990) in paragraph at lines 276--281
[]\OT1/ptm/m/n/10 Stevens, G. N., Atam-turk-tur, S., Brown, D. A.,
 []

) [11] (working_version.aux) ) 
Here is how much of TeX's memory you used:
 2916 strings out of 493305
 39691 string characters out of 3138875
 110924 words of memory out of 3000000
 6359 multiletter control sequences out of 15000+200000
 56746 words of font info for 117 fonts, out of 3000000 for 9000
 1141 hyphenation exceptions out of 8191
 41i,16n,26p,1701b,293s stack positions out of 5000i,500n,10000p,200000b,50000s
{C:/Program Files/MiKTeX 2.9/fonts/enc/dvips/base
/8r.enc}<C:/Program Files/MiKTeX 2.9/fonts/type1/public/amsfonts/cm/cmex10.pfb>
<C:/Program Files/MiKTeX 2.9/fonts/type1/public/amsfonts/cm/cmmi10.pfb><C:/Prog
ram Files/MiKTeX 2.9/fonts/type1/public/amsfonts/cm/cmr10.pfb><C:/Program Files
/MiKTeX 2.9/fonts/type1/public/amsfonts/cm/cmsy10.pfb><C:/Program Files/MiKTeX 
2.9/fonts/type1/public/amsfonts/cm/cmsy7.pfb><C:/Program Files/MiKTeX 2.9/fonts
/type1/public/amsfonts/symbols/msbm10.pfb><C:/Program Files/MiKTeX 2.9/fonts/ty
pe1/urw/courier/ucrr8a.pfb><C:/Program Files/MiKTeX 2.9/fonts/type1/urw/helveti
c/uhvb8a.pfb><C:/Program Files/MiKTeX 2.9/fonts/type1/urw/helvetic/uhvr8a.pfb><
C:/Users/carle/AppData/Roaming/MiKTeX/2.9/fonts/type1/urw/symbol/usyr.pfb><C:/P
rogram Files/MiKTeX 2.9/fonts/type1/urw/times/utmb8a.pfb><C:/Program Files/MiKT
eX 2.9/fonts/type1/urw/times/utmr8a.pfb><C:/Program Files/MiKTeX 2.9/fonts/type
1/urw/times/utmri8a.pfb><C:/Program Files/MiKTeX 2.9/fonts/type1/urw/zapfchan/u
zcmi8a.pfb>
Output written on working_version.pdf (11 pages, 841047 bytes).
PDF statistics:
 164 PDF objects out of 1000 (max. 8388607)
 0 named destinations out of 1000 (max. 500000)
 41 words of extra memory for PDF output out of 10000 (max. 10000000)

