\BOOKMARK [0][-]{section*.1}{Title Page}{}% 1
\BOOKMARK [0][-]{section*.2}{Abstract}{}% 2
\BOOKMARK [0][-]{section*.4}{Dedication}{}% 3
\BOOKMARK [0][-]{section*.6}{Acknowledgments}{}% 4
\BOOKMARK [0][-]{section*.8}{List of Tables}{}% 5
\BOOKMARK [0][-]{section*.9}{List of Figures}{}% 6
\BOOKMARK [0][-]{chapter.1}{Introduction}{}% 7
\BOOKMARK [1][-]{section.1.1}{Academic Editing Overview}{chapter.1}% 8
\BOOKMARK [1][-]{section.1.2}{Delivery and Format Editing at Clemson University'sGraduate School This Makes It a Bit Longer}{chapter.1}% 9
\BOOKMARK [1][-]{section.1.3}{Electronic Editing}{chapter.1}% 10
\BOOKMARK [1][-]{section.1.4}{Research Questions}{chapter.1}% 11
\BOOKMARK [0][-]{chapter.2}{Research Design and Methods}{}% 12
\BOOKMARK [1][-]{section.2.1}{Importance of the Study}{chapter.2}% 13
\BOOKMARK [1][-]{section.2.2}{Purpose of the Study}{chapter.2}% 14
\BOOKMARK [1][-]{section.2.3}{Explanation of Research Design}{chapter.2}% 15
\BOOKMARK [1][-]{section.2.4}{Delimitations of the Study}{chapter.2}% 16
\BOOKMARK [1][-]{section.2.5}{Institutional Review Board \(IRB\) Approval Information}{chapter.2}% 17
\BOOKMARK [1][-]{section.2.6}{Justification for an Overview of the Methodological Decisions and Their Limits}{chapter.2}% 18
\BOOKMARK [1][-]{section.2.7}{Summary of Methods}{chapter.2}% 19
\BOOKMARK [0][-]{chapter.3}{Related Work}{}% 20
\BOOKMARK [1][-]{section.3.1}{This Study}{chapter.3}% 21
\BOOKMARK [1][-]{section.3.2}{That Study}{chapter.3}% 22
\BOOKMARK [1][-]{section.3.3}{Some Other Study}{chapter.3}% 23
\BOOKMARK [1][-]{section.3.4}{Yet Another Study}{chapter.3}% 24
\BOOKMARK [1][-]{section.3.5}{One More Study}{chapter.3}% 25
\BOOKMARK [1][-]{section.3.6}{Yet One More Study}{chapter.3}% 26
\BOOKMARK [1][-]{section.3.7}{Final Study}{chapter.3}% 27
\BOOKMARK [0][-]{chapter.4}{Results}{}% 28
\BOOKMARK [1][-]{section.4.1}{Discourse/Text Analysis}{chapter.4}% 29
\BOOKMARK [1][-]{section.4.2}{Interviews}{chapter.4}% 30
\BOOKMARK [1][-]{section.4.3}{Survey}{chapter.4}% 31
\BOOKMARK [1][-]{section.4.4}{Conclusion of Results}{chapter.4}% 32
\BOOKMARK [0][-]{chapter.5}{Conclusions and Discussion}{}% 33
\BOOKMARK [1][-]{section.5.1}{Answering the Research Questions}{chapter.5}% 34
\BOOKMARK [1][-]{section.5.2}{Connections and Conclusions}{chapter.5}% 35
\BOOKMARK [1][-]{section.5.3}{Recommendations for the Graduate School at Clemson University}{chapter.5}% 36
\BOOKMARK [1][-]{section.5.4}{Theoretical Implications and Recommendations for Further Research}{chapter.5}% 37
\BOOKMARK [0][-]{section*.10}{Appendices}{}% 38
\BOOKMARK [1][-]{section.2.A}{Dragga and Gong's Editing Process Model}{section*.10}% 39
\BOOKMARK [1][-]{section.2.B}{Manuscript Review Sign-In Datat Aheet for Students}{section*.10}% 40
\BOOKMARK [1][-]{section.2.C}{Institutional Review Board \(IRB\) Application and Attachments}{section*.10}% 41
\BOOKMARK [0][-]{section*.11}{Bibliography}{}% 42
