This is pdfTeX, Version 3.14159265-2.6-1.40.21 (MiKTeX 2.9.7380 64-bit) (preloaded format=pdflatex 2020.4.18)  23 NOV 2020 08:43
entering extended mode
**./thesis.tex
(thesis.tex
LaTeX2e <2020-02-02> patch level 5
L3 programming layer <2020-04-06> (ClemsonThesis.cls
Document Class: ClemsonThesis 2007/05/31 Version 1.0 by Andrew R. Dalton, Schoo
l of Computing
("C:\Program Files\MiKTeX 2.9\tex/latex/base\book.cls"
Document Class: book 2019/12/20 v1.4l Standard LaTeX document class
("C:\Program Files\MiKTeX 2.9\tex/latex/base\bk10.clo"
File: bk10.clo 2019/12/20 v1.4l Standard LaTeX file (size option)
)
\c@part=\count167
\c@chapter=\count168
\c@section=\count169
\c@subsection=\count170
\c@subsubsection=\count171
\c@paragraph=\count172
\c@subparagraph=\count173
\c@figure=\count174
\c@table=\count175
\abovecaptionskip=\skip47
\belowcaptionskip=\skip48
\bibindent=\dimen134
)
("C:\Program Files\MiKTeX 2.9\tex/latex/hyperref\hyperref.sty"
Package: hyperref 2020/01/14 v7.00d Hypertext links for LaTeX

(C:\Users\Carl\AppData\Roaming\MiKTeX\2.9\tex/generic/ltxcmds\ltxcmds.sty
Package: ltxcmds 2019/12/15 v1.24 LaTeX kernel commands for general use (HO)
)
("C:\Program Files\MiKTeX 2.9\tex/generic/iftex\iftex.sty"
Package: iftex 2020/03/06 v1.0d TeX engine tests
)
("C:\Program Files\MiKTeX 2.9\tex/latex/pdftexcmds\pdftexcmds.sty"
Package: pdftexcmds 2019/11/24 v0.31 Utility functions of pdfTeX for LuaTeX (HO
)

(C:\Users\Carl\AppData\Roaming\MiKTeX\2.9\tex/generic/infwarerr\infwarerr.sty
Package: infwarerr 2019/12/03 v1.5 Providing info/warning/error messages (HO)
)
Package pdftexcmds Info: \pdf@primitive is available.
Package pdftexcmds Info: \pdf@ifprimitive is available.
Package pdftexcmds Info: \pdfdraftmode found.
) ("C:\Program Files\MiKTeX 2.9\tex/latex/graphics\keyval.sty"
Package: keyval 2014/10/28 v1.15 key=value parser (DPC)
\KV@toks@=\toks15
)
(C:\Users\Carl\AppData\Roaming\MiKTeX\2.9\tex/generic/kvsetkeys\kvsetkeys.sty
Package: kvsetkeys 2019/12/15 v1.18 Key value parser (HO)
)
(C:\Users\Carl\AppData\Roaming\MiKTeX\2.9\tex/generic/kvdefinekeys\kvdefinekeys
.sty
Package: kvdefinekeys 2019-12-19 v1.6 Define keys (HO)
)
(C:\Users\Carl\AppData\Roaming\MiKTeX\2.9\tex/generic/pdfescape\pdfescape.sty
Package: pdfescape 2019/12/09 v1.15 Implements pdfTeX's escape features (HO)
)
(C:\Users\Carl\AppData\Roaming\MiKTeX\2.9\tex/latex/hycolor\hycolor.sty
Package: hycolor 2020-01-27 v1.10 Color options for hyperref/bookmark (HO)
)
(C:\Users\Carl\AppData\Roaming\MiKTeX\2.9\tex/latex/letltxmacro\letltxmacro.sty
Package: letltxmacro 2019/12/03 v1.6 Let assignment for LaTeX macros (HO)
) (C:\Users\Carl\AppData\Roaming\MiKTeX\2.9\tex/latex/auxhook\auxhook.sty
Package: auxhook 2019-12-17 v1.6 Hooks for auxiliary files (HO)
)
(C:\Users\Carl\AppData\Roaming\MiKTeX\2.9\tex/latex/kvoptions\kvoptions.sty
Package: kvoptions 2019/11/29 v3.13 Key value format for package options (HO)
)
\@linkdim=\dimen135
\Hy@linkcounter=\count176
\Hy@pagecounter=\count177

("C:\Program Files\MiKTeX 2.9\tex/latex/hyperref\pd1enc.def"
File: pd1enc.def 2020/01/14 v7.00d Hyperref: PDFDocEncoding definition (HO)
Now handling font encoding PD1 ...
... no UTF-8 mapping file for font encoding PD1
)
(C:\Users\Carl\AppData\Roaming\MiKTeX\2.9\tex/generic/intcalc\intcalc.sty
Package: intcalc 2019/12/15 v1.3 Expandable calculations with integers (HO)
)
(C:\Users\Carl\AppData\Roaming\MiKTeX\2.9\tex/generic/etexcmds\etexcmds.sty
Package: etexcmds 2019/12/15 v1.7 Avoid name clashes with e-TeX commands (HO)
)
\Hy@SavedSpaceFactor=\count178
Package hyperref Info: Option `plainpages' set `false' on input line 4421.
Package hyperref Info: Option `pdfpagelabels' set `true' on input line 4421.
Package hyperref Info: Hyper figures OFF on input line 4547.
Package hyperref Info: Link nesting OFF on input line 4552.
Package hyperref Info: Hyper index ON on input line 4555.
Package hyperref Info: Plain pages OFF on input line 4562.
Package hyperref Info: Backreferencing OFF on input line 4567.
Package hyperref Info: Implicit mode ON; LaTeX internals redefined.
Package hyperref Info: Bookmarks ON on input line 4800.
\c@Hy@tempcnt=\count179

("C:\Program Files\MiKTeX 2.9\tex/latex/url\url.sty"
\Urlmuskip=\muskip16
Package: url 2013/09/16  ver 3.4  Verb mode for urls, etc.
)
LaTeX Info: Redefining \url on input line 5159.
\XeTeXLinkMargin=\dimen136

(C:\Users\Carl\AppData\Roaming\MiKTeX\2.9\tex/generic/bitset\bitset.sty
Package: bitset 2019/12/09 v1.3 Handle bit-vector datatype (HO)

(C:\Users\Carl\AppData\Roaming\MiKTeX\2.9\tex/generic/bigintcalc\bigintcalc.sty
Package: bigintcalc 2019/12/15 v1.5 Expandable calculations on big integers (HO
)
))
\Fld@menulength=\count180
\Field@Width=\dimen137
\Fld@charsize=\dimen138
Package hyperref Info: Hyper figures OFF on input line 6430.
Package hyperref Info: Link nesting OFF on input line 6435.
Package hyperref Info: Hyper index ON on input line 6438.
Package hyperref Info: backreferencing OFF on input line 6445.
Package hyperref Info: Link coloring OFF on input line 6450.
Package hyperref Info: Link coloring with OCG OFF on input line 6455.
Package hyperref Info: PDF/A mode OFF on input line 6460.
LaTeX Info: Redefining \ref on input line 6500.
LaTeX Info: Redefining \pageref on input line 6504.
 (C:\Users\Carl\AppData\Roaming\MiKTeX\2.9\tex/generic/atbegshi\atbegshi.sty
Package: atbegshi 2019/12/05 v1.19 At begin shipout hook (HO)
)
\Hy@abspage=\count181
\c@Item=\count182
\c@Hfootnote=\count183
)
Package hyperref Info: Driver (autodetected): hpdftex.
 ("C:\Program Files\MiKTeX 2.9\tex/latex/hyperref\hpdftex.def"
File: hpdftex.def 2020/01/14 v7.00d Hyperref driver for pdfTeX

(C:\Users\Carl\AppData\Roaming\MiKTeX\2.9\tex/latex/atveryend\atveryend.sty
Package: atveryend 2019-12-11 v1.11 Hooks at the very end of document (HO)
Package atveryend Info: \enddocument detected (standard20110627).
)
\Fld@listcount=\count184
\c@bookmark@seq@number=\count185

(C:\Users\Carl\AppData\Roaming\MiKTeX\2.9\tex/latex/rerunfilecheck\rerunfileche
ck.sty
Package: rerunfilecheck 2019/12/05 v1.9 Rerun checks for auxiliary files (HO)

(C:\Users\Carl\AppData\Roaming\MiKTeX\2.9\tex/generic/uniquecounter\uniquecount
er.sty
Package: uniquecounter 2019/12/15 v1.4 Provide unlimited unique counter (HO)
)
Package uniquecounter Info: New unique counter `rerunfilecheck' on input line 2
86.
)
\Hy@SectionHShift=\skip49
)
(C:\Users\Carl\AppData\Roaming\MiKTeX\2.9\tex/latex/geometry\geometry.sty
Package: geometry 2020/01/02 v5.9 Page Geometry

("C:\Program Files\MiKTeX 2.9\tex/generic/iftex\ifvtex.sty"
Package: ifvtex 2019/10/25 v1.7 ifvtex legacy package. Use iftex instead.
)
\Gm@cnth=\count186
\Gm@cntv=\count187
\c@Gm@tempcnt=\count188
\Gm@bindingoffset=\dimen139
\Gm@wd@mp=\dimen140
\Gm@odd@mp=\dimen141
\Gm@even@mp=\dimen142
\Gm@layoutwidth=\dimen143
\Gm@layoutheight=\dimen144
\Gm@layouthoffset=\dimen145
\Gm@layoutvoffset=\dimen146
\Gm@dimlist=\toks16

(C:\Users\Carl\AppData\Roaming\MiKTeX\2.9\tex/latex/geometry\geometry.cfg))
(C:\Users\Carl\AppData\Roaming\MiKTeX\2.9\tex/latex/appendix\appendix.sty
Package: appendix 2020/02/08 v1.2c extra appendix facilities
\c@@pps=\count189
\c@@ppsavesec=\count190
\c@@ppsaveapp=\count191
)
(C:\Users\Carl\AppData\Roaming\MiKTeX\2.9\tex/latex/tocloft\tocloft.sty
Package: tocloft 2017/08/31 v2.3i parameterised ToC, etc., typesetting
Package tocloft Info: The document has chapter divisions on input line 51.
\cftparskip=\skip50
\cftbeforetoctitleskip=\skip51
\cftaftertoctitleskip=\skip52
\cftbeforepartskip=\skip53
\cftpartnumwidth=\skip54
\cftpartindent=\skip55
\cftbeforechapskip=\skip56
\cftchapindent=\skip57
\cftchapnumwidth=\skip58
\cftbeforesecskip=\skip59
\cftsecindent=\skip60
\cftsecnumwidth=\skip61
\cftbeforesubsecskip=\skip62
\cftsubsecindent=\skip63
\cftsubsecnumwidth=\skip64
\cftbeforesubsubsecskip=\skip65
\cftsubsubsecindent=\skip66
\cftsubsubsecnumwidth=\skip67
\cftbeforeparaskip=\skip68
\cftparaindent=\skip69
\cftparanumwidth=\skip70
\cftbeforesubparaskip=\skip71
\cftsubparaindent=\skip72
\cftsubparanumwidth=\skip73
\cftbeforeloftitleskip=\skip74
\cftafterloftitleskip=\skip75
\cftbeforefigskip=\skip76
\cftfigindent=\skip77
\cftfignumwidth=\skip78
\c@lofdepth=\count192
\c@lotdepth=\count193
\cftbeforelottitleskip=\skip79
\cftafterlottitleskip=\skip80
\cftbeforetabskip=\skip81
\cfttabindent=\skip82
\cfttabnumwidth=\skip83
)
("C:\Program Files\MiKTeX 2.9\tex/latex/tools\indentfirst.sty"
Package: indentfirst 1995/11/23 v1.03 Indent first paragraph (DPC)
)
(C:\Users\Carl\AppData\Roaming\MiKTeX\2.9\tex/latex/fancyhdr\fancyhdr.sty
Package: fancyhdr 2019/01/31 v3.10 Extensive control of page headers and footer
s
\f@nch@headwidth=\skip84
\f@nch@O@elh=\skip85
\f@nch@O@erh=\skip86
\f@nch@O@olh=\skip87
\f@nch@O@orh=\skip88
\f@nch@O@elf=\skip89
\f@nch@O@erf=\skip90
\f@nch@O@olf=\skip91
\f@nch@O@orf=\skip92
)
("C:\Program Files\MiKTeX 2.9\tex/latex/graphics\graphicx.sty"
Package: graphicx 2019/11/30 v1.2a Enhanced LaTeX Graphics (DPC,SPQR)

("C:\Program Files\MiKTeX 2.9\tex/latex/graphics\graphics.sty"
Package: graphics 2019/11/30 v1.4a Standard LaTeX Graphics (DPC,SPQR)

("C:\Program Files\MiKTeX 2.9\tex/latex/graphics\trig.sty"
Package: trig 2016/01/03 v1.10 sin cos tan (DPC)
)
("C:\Program Files\MiKTeX 2.9\tex/latex/graphics-cfg\graphics.cfg"
File: graphics.cfg 2016/06/04 v1.11 sample graphics configuration
)
Package graphics Info: Driver file: pdftex.def on input line 105.

("C:\Program Files\MiKTeX 2.9\tex/latex/graphics-def\pdftex.def"
File: pdftex.def 2018/01/08 v1.0l Graphics/color driver for pdftex
))
\Gin@req@height=\dimen147
\Gin@req@width=\dimen148
)
(C:\Users\Carl\AppData\Roaming\MiKTeX\2.9\tex/latex/setspace\setspace.sty
Package: setspace 2011/12/19 v6.7a set line spacing
))
("C:\Program Files\MiKTeX 2.9\tex/latex/amsmath\amsmath.sty"
Package: amsmath 2020/01/20 v2.17e AMS math features
\@mathmargin=\skip93

For additional information on amsmath, use the `?' option.
("C:\Program Files\MiKTeX 2.9\tex/latex/amsmath\amstext.sty"
Package: amstext 2000/06/29 v2.01 AMS text

("C:\Program Files\MiKTeX 2.9\tex/latex/amsmath\amsgen.sty"
File: amsgen.sty 1999/11/30 v2.0 generic functions
\@emptytoks=\toks17
\ex@=\dimen149
))
("C:\Program Files\MiKTeX 2.9\tex/latex/amsmath\amsbsy.sty"
Package: amsbsy 1999/11/29 v1.2d Bold Symbols
\pmbraise@=\dimen150
)
("C:\Program Files\MiKTeX 2.9\tex/latex/amsmath\amsopn.sty"
Package: amsopn 2016/03/08 v2.02 operator names
)
\inf@bad=\count194
LaTeX Info: Redefining \frac on input line 227.
\uproot@=\count195
\leftroot@=\count196
LaTeX Info: Redefining \overline on input line 389.
\classnum@=\count197
\DOTSCASE@=\count198
LaTeX Info: Redefining \ldots on input line 486.
LaTeX Info: Redefining \dots on input line 489.
LaTeX Info: Redefining \cdots on input line 610.
\Mathstrutbox@=\box45
\strutbox@=\box46
\big@size=\dimen151
LaTeX Font Info:    Redeclaring font encoding OML on input line 733.
LaTeX Font Info:    Redeclaring font encoding OMS on input line 734.
\macc@depth=\count199
\c@MaxMatrixCols=\count266
\dotsspace@=\muskip17
\c@parentequation=\count267
\dspbrk@lvl=\count268
\tag@help=\toks18
\row@=\count269
\column@=\count270
\maxfields@=\count271
\andhelp@=\toks19
\eqnshift@=\dimen152
\alignsep@=\dimen153
\tagshift@=\dimen154
\tagwidth@=\dimen155
\totwidth@=\dimen156
\lineht@=\dimen157
\@envbody=\toks20
\multlinegap=\skip94
\multlinetaggap=\skip95
\mathdisplay@stack=\toks21
LaTeX Info: Redefining \[ on input line 2859.
LaTeX Info: Redefining \] on input line 2860.
)
("C:\Program Files\MiKTeX 2.9\tex/latex/amsfonts\amssymb.sty"
Package: amssymb 2013/01/14 v3.01 AMS font symbols

("C:\Program Files\MiKTeX 2.9\tex/latex/amsfonts\amsfonts.sty"
Package: amsfonts 2013/01/14 v3.01 Basic AMSFonts support
\symAMSa=\mathgroup4
\symAMSb=\mathgroup5
LaTeX Font Info:    Redeclaring math symbol \hbar on input line 98.
LaTeX Font Info:    Overwriting math alphabet `\mathfrak' in version `bold'
(Font)                  U/euf/m/n --> U/euf/b/n on input line 106.
))
(C:\Users\Carl\AppData\Roaming\MiKTeX\2.9\tex/latex/natbib\natbib.sty
Package: natbib 2010/09/13 8.31b (PWD, AO)
\bibhang=\skip96
\bibsep=\skip97
LaTeX Info: Redefining \cite on input line 694.
\c@NAT@ctr=\count272
)
Package hyperref Info: Option `colorlinks' set `true' on input line 57.

("C:\Program Files\MiKTeX 2.9\tex/latex/l3backend\l3backend-pdfmode.def"
File: l3backend-pdfmode.def 2020-03-12 L3 backend support: PDF mode
\l__kernel_color_stack_int=\count273
\l__pdf_internal_box=\box47
)
(thesis.aux)
\openout1 = `thesis.aux'.

LaTeX Font Info:    Checking defaults for OML/cmm/m/it on input line 69.
LaTeX Font Info:    ... okay on input line 69.
LaTeX Font Info:    Checking defaults for OMS/cmsy/m/n on input line 69.
LaTeX Font Info:    ... okay on input line 69.
LaTeX Font Info:    Checking defaults for OT1/cmr/m/n on input line 69.
LaTeX Font Info:    ... okay on input line 69.
LaTeX Font Info:    Checking defaults for T1/cmr/m/n on input line 69.
LaTeX Font Info:    ... okay on input line 69.
LaTeX Font Info:    Checking defaults for TS1/cmr/m/n on input line 69.
LaTeX Font Info:    ... okay on input line 69.
LaTeX Font Info:    Checking defaults for OMX/cmex/m/n on input line 69.
LaTeX Font Info:    ... okay on input line 69.
LaTeX Font Info:    Checking defaults for U/cmr/m/n on input line 69.
LaTeX Font Info:    ... okay on input line 69.
LaTeX Font Info:    Checking defaults for PD1/pdf/m/n on input line 69.
LaTeX Font Info:    ... okay on input line 69.
\AtBeginShipoutBox=\box48
 ("C:\Program Files\MiKTeX 2.9\tex/latex/graphics\color.sty"
Package: color 2019/11/23 v1.2a Standard LaTeX Color (DPC)

("C:\Program Files\MiKTeX 2.9\tex/latex/graphics-cfg\color.cfg"
File: color.cfg 2016/01/02 v1.6 sample color configuration
)
Package color Info: Driver file: pdftex.def on input line 147.
)
Package hyperref Info: Link coloring ON on input line 69.

("C:\Program Files\MiKTeX 2.9\tex/latex/hyperref\nameref.sty"
Package: nameref 2019/09/16 v2.46 Cross-referencing by name of section

(C:\Users\Carl\AppData\Roaming\MiKTeX\2.9\tex/latex/refcount\refcount.sty
Package: refcount 2019/12/15 v3.6 Data extraction from label references (HO)
)
(C:\Users\Carl\AppData\Roaming\MiKTeX\2.9\tex/generic/gettitlestring\gettitlest
ring.sty
Package: gettitlestring 2019/12/15 v1.6 Cleanup title references (HO)
)
\c@section@level=\count274
)
LaTeX Info: Redefining \ref on input line 69.
LaTeX Info: Redefining \pageref on input line 69.
LaTeX Info: Redefining \nameref on input line 69.
 (thesis.out) (thesis.out)
\@outlinefile=\write3
\openout3 = `thesis.out'.


*geometry* driver: auto-detecting
*geometry* detected driver: pdftex
*geometry* verbose mode - [ preamble ] result:
* driver: pdftex
* paper: letterpaper
* layout: <same size as paper>
* layoutoffset:(h,v)=(0.0pt,0.0pt)
* modes: 
* h-part:(L,W,R)=(90.3375pt, 433.62001pt, 90.3375pt)
* v-part:(T,H,B)=(90.3375pt, 614.295pt, 90.3375pt)
* \paperwidth=614.295pt
* \paperheight=794.96999pt
* \textwidth=433.62001pt
* \textheight=614.295pt
* \oddsidemargin=18.0675pt
* \evensidemargin=18.0675pt
* \topmargin=-11.99998pt
* \headheight=12.0pt
* \headsep=18.06749pt
* \topskip=10.0pt
* \footskip=25.29494pt
* \marginparwidth=69.0pt
* \marginparsep=7.0pt
* \columnsep=10.0pt
* \skip\footins=9.0pt plus 4.0pt minus 2.0pt
* \hoffset=0.0pt
* \voffset=0.0pt
* \mag=1000
* \@twocolumnfalse
* \@twosidefalse
* \@mparswitchfalse
* \@reversemarginfalse
* (1in=72.27pt=25.4mm, 1cm=28.453pt)

("C:\Program Files\MiKTeX 2.9\tex/context/base/mkii\supp-pdf.mkii"
[Loading MPS to PDF converter (version 2006.09.02).]
\scratchcounter=\count275
\scratchdimen=\dimen158
\scratchbox=\box49
\nofMPsegments=\count276
\nofMParguments=\count277
\everyMPshowfont=\toks22
\MPscratchCnt=\count278
\MPscratchDim=\dimen159
\MPnumerator=\count279
\makeMPintoPDFobject=\count280
\everyMPtoPDFconversion=\toks23
) ("C:\Program Files\MiKTeX 2.9\tex/latex/epstopdf-pkg\epstopdf-base.sty"
Package: epstopdf-base 2020-01-24 v2.11 Base part for package epstopdf
Package epstopdf-base Info: Redefining graphics rule for `.eps' on input line 4
85.
)
[1



{C:/Users/Carl/AppData/Local/MiKTeX/2.9/pdftex/config/pdftex.map}]
(abstract.tex [2


]) [3] (dedication.tex) [4


] (acknowledgments.tex [5


]) [6]
(thesis.toc
LaTeX Font Info:    Trying to load font information for U+msa on input line 1.
 ("C:\Program Files\MiKTeX 2.9\tex/latex/amsfonts\umsa.fd"
File: umsa.fd 2013/01/14 v3.01 AMS symbols A
)
LaTeX Font Info:    Trying to load font information for U+msb on input line 1.

("C:\Program Files\MiKTeX 2.9\tex/latex/amsfonts\umsb.fd"
File: umsb.fd 2013/01/14 v3.01 AMS symbols B
) [7

])
\tf@toc=\write4
\openout4 = `thesis.toc'.

 [8] (thesis.lot

LaTeX Font Warning: Font shape `TS1/cmr/m/sc' undefined
(Font)              using `TS1/cmr/m/n' instead
(Font)              for symbol `textdollar' on input line 14.

)
\tf@lot=\write5
\openout5 = `thesis.lot'.

 [9

] (thesis.lof)
\tf@lof=\write6
\openout6 = `thesis.lof'.

 [10

] (introduction.tex
Chapter 1.
[1



] [2]

Package natbib Warning: Author undefined for citation`Trucano2006' 
(natbib)                on page 3 on input line 73.


Package natbib Warning: Author undefined for citation`Kennedy2001' 
(natbib)                on page 3 on input line 74.

[3]

Package natbib Warning: Author undefined for citation`Craig1997' 
(natbib)                on page 4 on input line 83.


Package natbib Warning: Author undefined for citation`Kennedy2001' 
(natbib)                on page 4 on input line 84.


Package natbib Warning: Author undefined for citation`Cox2001' 
(natbib)                on page 4 on input line 84.


Package natbib Warning: Author undefined for citation`Loeppky2006' 
(natbib)                on page 4 on input line 86.


Package natbib Warning: Author undefined for citation`Wong2014' 
(natbib)                on page 4 on input line 87.


Package natbib Warning: Author undefined for citation`Higdon2004' 
(natbib)                on page 4 on input line 90.


Package natbib Warning: Author undefined for citation`Williams2006' 
(natbib)                on page 4 on input line 91.


Package natbib Warning: Author undefined for citation`Bayarri2007a' 
(natbib)                on page 4 on input line 92.


Package natbib Warning: Author undefined for citation`Bayarri2007b' 
(natbib)                on page 4 on input line 92.


Package natbib Warning: Author undefined for citation`Paulo2012' 
(natbib)                on page 4 on input line 93.


Package natbib Warning: Author undefined for citation`Bayarri2007a' 
(natbib)                on page 4 on input line 93.


Package natbib Warning: Author undefined for citation`Pratola2018' 
(natbib)                on page 4 on input line 94.


Package natbib Warning: Author undefined for citation`Paulo2012' 
(natbib)                on page 4 on input line 96.


Package natbib Warning: Author undefined for citation`Higdon2008a' 
(natbib)                on page 4 on input line 97.


Package natbib Warning: Author undefined for citation`Drignei2012' 
(natbib)                on page 4 on input line 98.


Package natbib Warning: Author undefined for citation`Bhat2010' 
(natbib)                on page 4 on input line 100.


Package natbib Warning: Author undefined for citation`Pratola2013' 
(natbib)                on page 4 on input line 100.


Package natbib Warning: Author undefined for citation`Higdon2013' 
(natbib)                on page 4 on input line 101.


Package natbib Warning: Author undefined for citation`Yuan2013' 
(natbib)                on page 4 on input line 102.

[4]

Package natbib Warning: Author undefined for citation`Brynjarsdottir2014' 
(natbib)                on page 5 on input line 106.


Package natbib Warning: Author undefined for citation`Gu2018' 
(natbib)                on page 5 on input line 107.


Package natbib Warning: Author undefined for citation`Kennedy2000' 
(natbib)                on page 5 on input line 111.


Package natbib Warning: Author undefined for citation`Qian2006' 
(natbib)                on page 5 on input line 111.


Package natbib Warning: Author undefined for citation`Goh2013' 
(natbib)                on page 5 on input line 112.

[5]

Package natbib Warning: Author undefined for citation`Sacks1989' 
(natbib)                on page 6 on input line 150.


Package natbib Warning: Author undefined for citation`Santner2003a' 
(natbib)                on page 6 on input line 151.


Package natbib Warning: Year undefined for citation`Santner2003a' 
(natbib)                on page 6 on input line 151.


Package natbib Warning: Author undefined for citation`Currin1988' 
(natbib)                on page 6 on input line 152.


Package natbib Warning: Author undefined for citation`Currin1991' 
(natbib)                on page 6 on input line 152.


Package natbib Warning: Author undefined for citation`Mitchell1992' 
(natbib)                on page 6 on input line 153.


Package natbib Warning: Author undefined for citation`Craig2001' 
(natbib)                on page 6 on input line 154.


Package natbib Warning: Author undefined for citation`Simpson2008' 
(natbib)                on page 6 on input line 155.


Package natbib Warning: Author undefined for citation`Sacks1989' 
(natbib)                on page 6 on input line 155.


Package natbib Warning: Author undefined for citation`Bartz2017' 
(natbib)                on page 6 on input line 156.

[6]

Package natbib Warning: Author undefined for citation`Sacks1989' 
(natbib)                on page 7 on input line 162.


Package natbib Warning: Author undefined for citation`Santner2003a' 
(natbib)                on page 7 on input line 164.


Package natbib Warning: Author undefined for citation`Bastos2009' 
(natbib)                on page 7 on input line 165.


Package natbib Warning: Author undefined for citation`Rasmussen2006' 
(natbib)                on page 7 on input line 166.


Package natbib Warning: Year undefined for citation`Rasmussen2006' 
(natbib)                on page 7 on input line 166.


Package natbib Warning: Author undefined for citation`Qian2008a' 
(natbib)                on page 7 on input line 169.


Package natbib Warning: Author undefined for citation`Cumming2009' 
(natbib)                on page 7 on input line 170.


Package natbib Warning: Author undefined for citation`Goh2013' 
(natbib)                on page 7 on input line 171.

[7]

Package natbib Warning: Author undefined for citation`Qian2008' 
(natbib)                on page 8 on input line 175.


Package natbib Warning: Author undefined for citation`Gratiet2016' 
(natbib)                on page 8 on input line 176.


Package natbib Warning: Author undefined for citation`Snelson2006' 
(natbib)                on page 8 on input line 178.


Package natbib Warning: Author undefined for citation`Liu2020' 
(natbib)                on page 8 on input line 179.


Package natbib Warning: Author undefined for citation`Rockafellar1991' 
(natbib)                on page 8 on input line 186.


Package natbib Warning: Author undefined for citation`Sahinidis2004' 
(natbib)                on page 8 on input line 187.


Package natbib Warning: Author undefined for citation`Jin2003' 
(natbib)                on page 8 on input line 188.


Package natbib Warning: Author undefined for citation`Peherstorfer2018' 
(natbib)                on page 8 on input line 189.


Package natbib Warning: Author undefined for citation`Ruder2016' 
(natbib)                on page 8 on input line 192.


Package natbib Warning: Author undefined for citation`Peitz2018' 
(natbib)                on page 8 on input line 193.


Package natbib Warning: Author undefined for citation`Vasilopoulos2019' 
(natbib)                on page 8 on input line 195.

[8]

Package natbib Warning: Author undefined for citation`Jin2003' 
(natbib)                on page 9 on input line 199.


Package natbib Warning: Author undefined for citation`Zhou2011b' 
(natbib)                on page 9 on input line 200.


Package natbib Warning: Author undefined for citation`Deb2006' 
(natbib)                on page 9 on input line 201.


Package natbib Warning: Author undefined for citation`Jones1998' 
(natbib)                on page 9 on input line 204.


Package natbib Warning: Author undefined for citation`Pelikan1999' 
(natbib)                on page 9 on input line 206.


Package natbib Warning: Author undefined for citation`Pelikan2005' 
(natbib)                on page 9 on input line 206.


Package natbib Warning: Author undefined for citation`Jones1998' 
(natbib)                on page 9 on input line 208.


Package natbib Warning: Author undefined for citation`Vazquez2009' 
(natbib)                on page 9 on input line 209.


Package natbib Warning: Author undefined for citation`Bect2012' 
(natbib)                on page 9 on input line 209.


Package natbib Warning: Author undefined for citation`Chevalier2014' 
(natbib)                on page 9 on input line 209.


Package natbib Warning: Author undefined for citation`Shahriari2016' 
(natbib)                on page 9 on input line 213.


Package natbib Warning: Author undefined for citation`Frazier2018' 
(natbib)                on page 9 on input line 213.


Package natbib Warning: Author undefined for citation`Snoek2012' 
(natbib)                on page 9 on input line 214.


Package natbib Warning: Author undefined for citation`Calandra2016' 
(natbib)                on page 9 on input line 215.


Package natbib Warning: Author undefined for citation`Picheny2019' 
(natbib)                on page 9 on input line 216.

[9]

Package natbib Warning: Author undefined for citation`Lizotte2008' 
(natbib)                on page 10 on input line 219.


Package natbib Warning: Author undefined for citation`Letham2019' 
(natbib)                on page 10 on input line 220.


Package natbib Warning: Author undefined for citation`Snoek2015' 
(natbib)                on page 10 on input line 220.


Package natbib Warning: Author undefined for citation`Kennedy2001' 
(natbib)                on page 10 on input line 224.

[10]) [11] (researchDesign.tex
Chapter 2.
[12


]
<testbed.jpg, id=518, 321.2pt x 229.85875pt>
File: testbed.jpg Graphic file (type jpg)
<use testbed.jpg>
Package pdftex.def Info: testbed.jpg  used on input line 96.
(pdftex.def)             Requested size: 321.19922pt x 229.85817pt.
 [13] [14 <./testbed.jpg>] [15]
File: testbed.jpg Graphic file (type jpg)
<use testbed.jpg>
Package pdftex.def Info: testbed.jpg  used on input line 182.
(pdftex.def)             Requested size: 321.19922pt x 229.85817pt.
 [16] [17]
File: testbed.jpg Graphic file (type jpg)
<use testbed.jpg>
Package pdftex.def Info: testbed.jpg  used on input line 304.
(pdftex.def)             Requested size: 321.19922pt x 229.85817pt.
 [18]) [19] (relatedWork.tex
Chapter 3.
[20


] [21] [22] [23] [24] [25] [26]) [27] [28] (results.tex
Chapter 4.
[29


] [30]) [31] (conclusions.tex
Chapter 5.
[32


] [33]) [34] [35



] (appendixA.tex [36]
File: testbed.jpg Graphic file (type jpg)
<use testbed.jpg>
Package pdftex.def Info: testbed.jpg  used on input line 54.
(pdftex.def)             Requested size: 321.19922pt x 229.85817pt.
 [37]) [38] (appendixB.tex
Overfull \hbox (6.11957pt too wide) in paragraph at lines 1--1
[]\OT1/cmr/bx/n/14.4 Manuscript Re-view Sign-In Datat Aheet for Stu-
 []

[39

] [40] [41] [42]) [43] (appendixC.tex [44

] [45] [46] [47]) [48] [49]
(thesis.bbl [50


] [51] [52] [53]) [54]
Package atveryend Info: Empty hook `BeforeClearDocument' on input line 173.
Package atveryend Info: Empty hook `AfterLastShipout' on input line 173.
 (thesis.aux)
Package atveryend Info: Executing hook `AtVeryEndDocument' on input line 173.
Package atveryend Info: Executing hook `AtEndAfterFileList' on input line 173.
Package rerunfilecheck Info: File `thesis.out' has not changed.
(rerunfilecheck)             Checksum: DB1FE873440835A83718541AC0A5C119;2990.


LaTeX Font Warning: Some font shapes were not available, defaults substituted.

Package atveryend Info: Empty hook `AtVeryVeryEnd' on input line 173.
 ) 
Here is how much of TeX's memory you used:
 8260 strings out of 480930
 123012 string characters out of 2909550
 400293 words of memory out of 3000000
 23733 multiletter control sequences out of 15000+200000
 540858 words of font info for 54 fonts, out of 3000000 for 9000
 1141 hyphenation exceptions out of 8191
 42i,12n,49p,551b,671s stack positions out of 5000i,500n,10000p,200000b,50000s
 <C:\Users\Carl\AppData\Local\MiKTeX\2.9\fonts/pk/ljfour/jknappen/ec/dpi600\t
crm1000.pk><C:/Program Files/MiKTeX 2.9/fonts/type1/public/amsfonts/cm/cmbx10.p
fb><C:/Program Files/MiKTeX 2.9/fonts/type1/public/amsfonts/cm/cmbx12.pfb><C:/P
rogram Files/MiKTeX 2.9/fonts/type1/public/amsfonts/cm/cmbx7.pfb><C:/Program Fi
les/MiKTeX 2.9/fonts/type1/public/amsfonts/cm/cmbxti10.pfb><C:/Program Files/Mi
KTeX 2.9/fonts/type1/public/amsfonts/cm/cmcsc10.pfb><C:/Program Files/MiKTeX 2.
9/fonts/type1/public/amsfonts/cm/cmmi10.pfb><C:/Program Files/MiKTeX 2.9/fonts/
type1/public/amsfonts/cm/cmmi7.pfb><C:/Program Files/MiKTeX 2.9/fonts/type1/pub
lic/amsfonts/cm/cmmib10.pfb><C:/Program Files/MiKTeX 2.9/fonts/type1/public/ams
fonts/cm/cmr10.pfb><C:/Program Files/MiKTeX 2.9/fonts/type1/public/amsfonts/cm/
cmr7.pfb><C:/Program Files/MiKTeX 2.9/fonts/type1/public/amsfonts/cm/cmsy10.pfb
><C:/Program Files/MiKTeX 2.9/fonts/type1/public/amsfonts/cm/cmti10.pfb><C:/Pro
gram Files/MiKTeX 2.9/fonts/type1/public/amsfonts/symbols/msbm10.pfb>
Output written on thesis.pdf (64 pages, 434640 bytes).
PDF statistics:
 794 PDF objects out of 1000 (max. 8388607)
 207 named destinations out of 1000 (max. 500000)
 358 words of extra memory for PDF output out of 10000 (max. 10000000)

