This is pdfTeX, Version 3.14159265-2.6-1.40.18 (MiKTeX 2.9.6600 64-bit) (preloaded format=pdflatex 2018.3.2)  17 DEC 2019 15:45
entering extended mode
**./CTO_dual_calib.tex
(CTO_dual_calib.tex
LaTeX2e <2017-04-15>
Babel <3.18> and hyphenation patterns for 75 language(s) loaded.
("C:\Program Files\MiKTeX 2.9\tex\latex\base\article.cls"
Document Class: article 2014/09/29 v1.4h Standard LaTeX document class
("C:\Program Files\MiKTeX 2.9\tex\latex\base\size12.clo"
File: size12.clo 2014/09/29 v1.4h Standard LaTeX file (size option)
)
\c@part=\count79
\c@section=\count80
\c@subsection=\count81
\c@subsubsection=\count82
\c@paragraph=\count83
\c@subparagraph=\count84
\c@figure=\count85
\c@table=\count86
\abovecaptionskip=\skip41
\belowcaptionskip=\skip42
\bibindent=\dimen102
)
("C:\Program Files\MiKTeX 2.9\tex\latex\graphics\graphicx.sty"
Package: graphicx 2017/06/01 v1.1a Enhanced LaTeX Graphics (DPC,SPQR)

("C:\Program Files\MiKTeX 2.9\tex\latex\graphics\keyval.sty"
Package: keyval 2014/10/28 v1.15 key=value parser (DPC)
\KV@toks@=\toks14
)
("C:\Program Files\MiKTeX 2.9\tex\latex\graphics\graphics.sty"
Package: graphics 2017/06/25 v1.2c Standard LaTeX Graphics (DPC,SPQR)

("C:\Program Files\MiKTeX 2.9\tex\latex\graphics\trig.sty"
Package: trig 2016/01/03 v1.10 sin cos tan (DPC)
)
("C:\Program Files\MiKTeX 2.9\tex\latex\graphics-cfg\graphics.cfg"
File: graphics.cfg 2016/06/04 v1.11 sample graphics configuration
)
Package graphics Info: Driver file: pdftex.def on input line 99.

("C:\Program Files\MiKTeX 2.9\tex\latex\graphics-def\pdftex.def"
File: pdftex.def 2018/01/08 v1.0l Graphics/color driver for pdftex
))
\Gin@req@height=\dimen103
\Gin@req@width=\dimen104
)
(C:\Users\carle\AppData\Roaming\MiKTeX\2.9\tex\latex\natbib\natbib.sty
Package: natbib 2010/09/13 8.31b (PWD, AO)
\bibhang=\skip43
\bibsep=\skip44
LaTeX Info: Redefining \cite on input line 694.
\c@NAT@ctr=\count87
)
(C:\Users\carle\AppData\Roaming\MiKTeX\2.9\tex\latex\url\url.sty
\Urlmuskip=\muskip10
Package: url 2013/09/16  ver 3.4  Verb mode for urls, etc.
)
("C:\Program Files\MiKTeX 2.9\tex\latex\amsmath\amsmath.sty"
Package: amsmath 2017/09/02 v2.17a AMS math features
\@mathmargin=\skip45

For additional information on amsmath, use the `?' option.
("C:\Program Files\MiKTeX 2.9\tex\latex\amsmath\amstext.sty"
Package: amstext 2000/06/29 v2.01 AMS text

("C:\Program Files\MiKTeX 2.9\tex\latex\amsmath\amsgen.sty"
File: amsgen.sty 1999/11/30 v2.0 generic functions
\@emptytoks=\toks15
\ex@=\dimen105
))
("C:\Program Files\MiKTeX 2.9\tex\latex\amsmath\amsbsy.sty"
Package: amsbsy 1999/11/29 v1.2d Bold Symbols
\pmbraise@=\dimen106
)
("C:\Program Files\MiKTeX 2.9\tex\latex\amsmath\amsopn.sty"
Package: amsopn 2016/03/08 v2.02 operator names
)
\inf@bad=\count88
LaTeX Info: Redefining \frac on input line 213.
\uproot@=\count89
\leftroot@=\count90
LaTeX Info: Redefining \overline on input line 375.
\classnum@=\count91
\DOTSCASE@=\count92
LaTeX Info: Redefining \ldots on input line 472.
LaTeX Info: Redefining \dots on input line 475.
LaTeX Info: Redefining \cdots on input line 596.
\Mathstrutbox@=\box26
\strutbox@=\box27
\big@size=\dimen107
LaTeX Font Info:    Redeclaring font encoding OML on input line 712.
LaTeX Font Info:    Redeclaring font encoding OMS on input line 713.
\macc@depth=\count93
\c@MaxMatrixCols=\count94
\dotsspace@=\muskip11
\c@parentequation=\count95
\dspbrk@lvl=\count96
\tag@help=\toks16
\row@=\count97
\column@=\count98
\maxfields@=\count99
\andhelp@=\toks17
\eqnshift@=\dimen108
\alignsep@=\dimen109
\tagshift@=\dimen110
\tagwidth@=\dimen111
\totwidth@=\dimen112
\lineht@=\dimen113
\@envbody=\toks18
\multlinegap=\skip46
\multlinetaggap=\skip47
\mathdisplay@stack=\toks19
LaTeX Info: Redefining \[ on input line 2817.
LaTeX Info: Redefining \] on input line 2818.
)
("C:\Program Files\MiKTeX 2.9\tex\latex\amsfonts\amssymb.sty"
Package: amssymb 2013/01/14 v3.01 AMS font symbols

("C:\Program Files\MiKTeX 2.9\tex\latex\amsfonts\amsfonts.sty"
Package: amsfonts 2013/01/14 v3.01 Basic AMSFonts support
\symAMSa=\mathgroup4
\symAMSb=\mathgroup5
LaTeX Font Info:    Overwriting math alphabet `\mathfrak' in version `bold'
(Font)                  U/euf/m/n --> U/euf/b/n on input line 106.
))
(C:\Users\carle\AppData\Roaming\MiKTeX\2.9\tex\latex\setspace\setspace.sty
Package: setspace 2011/12/19 v6.7a set line spacing
)
(C:\Users\carle\AppData\Roaming\MiKTeX\2.9\tex\latex\caption\caption.sty
Package: caption 2016/02/21 v3.3-144 Customizing captions (AR)

(C:\Users\carle\AppData\Roaming\MiKTeX\2.9\tex\latex\caption\caption3.sty
Package: caption3 2016/05/22 v1.7-166 caption3 kernel (AR)
Package caption3 Info: TeX engine: e-TeX on input line 67.
\captionmargin=\dimen114
\captionmargin@=\dimen115
\captionwidth=\dimen116
\caption@tempdima=\dimen117
\caption@indent=\dimen118
\caption@parindent=\dimen119
\caption@hangindent=\dimen120
)
\c@ContinuedFloat=\count100
)
(CTO_dual_calib.aux

LaTeX Warning: Label `table:vars_and_rmses' multiply defined.

)
\openout1 = `CTO_dual_calib.aux'.

LaTeX Font Info:    Checking defaults for OML/cmm/m/it on input line 26.
LaTeX Font Info:    ... okay on input line 26.
LaTeX Font Info:    Checking defaults for T1/cmr/m/n on input line 26.
LaTeX Font Info:    ... okay on input line 26.
LaTeX Font Info:    Checking defaults for OT1/cmr/m/n on input line 26.
LaTeX Font Info:    ... okay on input line 26.
LaTeX Font Info:    Checking defaults for OMS/cmsy/m/n on input line 26.
LaTeX Font Info:    ... okay on input line 26.
LaTeX Font Info:    Checking defaults for OMX/cmex/m/n on input line 26.
LaTeX Font Info:    ... okay on input line 26.
LaTeX Font Info:    Checking defaults for U/cmr/m/n on input line 26.
LaTeX Font Info:    ... okay on input line 26.
 (C:\Users\carle\AppData\Roaming\MiKTeX\2.9\tex\context\base\supp-pdf.mkii
[Loading MPS to PDF converter (version 2006.09.02).]
\scratchcounter=\count101
\scratchdimen=\dimen121
\scratchbox=\box28
\nofMPsegments=\count102
\nofMParguments=\count103
\everyMPshowfont=\toks20
\MPscratchCnt=\count104
\MPscratchDim=\dimen122
\MPnumerator=\count105
\makeMPintoPDFobject=\count106
\everyMPtoPDFconversion=\toks21
) ("C:\Program Files\MiKTeX 2.9\tex\latex\oberdiek\epstopdf-base.sty"
Package: epstopdf-base 2016/05/15 v2.6 Base part for package epstopdf

("C:\Program Files\MiKTeX 2.9\tex\generic\oberdiek\infwarerr.sty"
Package: infwarerr 2016/05/16 v1.4 Providing info/warning/error messages (HO)
)
("C:\Program Files\MiKTeX 2.9\tex\latex\oberdiek\grfext.sty"
Package: grfext 2016/05/16 v1.2 Manage graphics extensions (HO)

("C:\Program Files\MiKTeX 2.9\tex\generic\oberdiek\kvdefinekeys.sty"
Package: kvdefinekeys 2016/05/16 v1.4 Define keys (HO)

("C:\Program Files\MiKTeX 2.9\tex\generic\oberdiek\ltxcmds.sty"
Package: ltxcmds 2016/05/16 v1.23 LaTeX kernel commands for general use (HO)
)))
("C:\Program Files\MiKTeX 2.9\tex\latex\oberdiek\kvoptions.sty"
Package: kvoptions 2016/05/16 v3.12 Key value format for package options (HO)

("C:\Program Files\MiKTeX 2.9\tex\generic\oberdiek\kvsetkeys.sty"
Package: kvsetkeys 2016/05/16 v1.17 Key value parser (HO)

("C:\Program Files\MiKTeX 2.9\tex\generic\oberdiek\etexcmds.sty"
Package: etexcmds 2016/05/16 v1.6 Avoid name clashes with e-TeX commands (HO)

("C:\Program Files\MiKTeX 2.9\tex\generic\oberdiek\ifluatex.sty"
Package: ifluatex 2016/05/16 v1.4 Provides the ifluatex switch (HO)
Package ifluatex Info: LuaTeX not detected.
)
Package etexcmds Info: Could not find \expanded.
(etexcmds)             That can mean that you are not using pdfTeX 1.50 or
(etexcmds)             that some package has redefined \expanded.
(etexcmds)             In the latter case, load this package earlier.
)))
("C:\Program Files\MiKTeX 2.9\tex\generic\oberdiek\pdftexcmds.sty"
Package: pdftexcmds 2018/01/21 v0.26 Utility functions of pdfTeX for LuaTeX (HO
)

("C:\Program Files\MiKTeX 2.9\tex\generic\oberdiek\ifpdf.sty"
Package: ifpdf 2017/03/15 v3.2 Provides the ifpdf switch
)
Package pdftexcmds Info: LuaTeX not detected.
Package pdftexcmds Info: \pdf@primitive is available.
Package pdftexcmds Info: \pdf@ifprimitive is available.
Package pdftexcmds Info: \pdfdraftmode found.
)
Package epstopdf-base Info: Redefining graphics rule for `.eps' on input line 4
38.
Package grfext Info: Graphics extension search list:
(grfext)             [.pdf,.png,.jpg,.mps,.jpeg,.jbig2,.jb2,.PDF,.PNG,.JPG,.JPE
G,.JBIG2,.JB2,.eps]
(grfext)             \AppendGraphicsExtensions on input line 456.
)
Package caption Info: Begin \AtBeginDocument code.
Package caption Info: End \AtBeginDocument code.
LaTeX Font Info:    Try loading font information for U+msa on input line 51.

("C:\Program Files\MiKTeX 2.9\tex\latex\amsfonts\umsa.fd"
File: umsa.fd 2013/01/14 v3.01 AMS symbols A
)
LaTeX Font Info:    Try loading font information for U+msb on input line 51.

("C:\Program Files\MiKTeX 2.9\tex\latex\amsfonts\umsb.fd"
File: umsb.fd 2013/01/14 v3.01 AMS symbols B
)
LaTeX Font Info:    Try loading font information for OMS+cmr on input line 51.

("C:\Program Files\MiKTeX 2.9\tex\latex\base\omscmr.fd"
File: omscmr.fd 2014/09/29 v2.5h Standard LaTeX font definitions
)
LaTeX Font Info:    Font shape `OMS/cmr/m/n' in size <10> not available
(Font)              Font shape `OMS/cmsy/m/n' tried instead on input line 51.

Overfull \hbox (23.58907pt too wide) in paragraph at lines 51--51
 [][] 
 []

LaTeX Font Info:    Font shape `OMS/cmr/m/n' in size <7> not available
(Font)              Font shape `OMS/cmsy/m/n' tried instead on input line 51.
[1

{C:/Users/carle/AppData/Local/MiKTeX/2.9/pdftex/config/pdftex.map}]
Overfull \hbox (9.31401pt too wide) in paragraph at lines 112--122
[]\OT1/cmr/m/n/12 Bayesian meth-ods for com-puter model cal-i-bra-tion are de-v
el-oped by Kennedy and O'Hagan
 []

[2] [3] [4] [5] [6] [7] [8] [9] [10] [11] [12] [13]
Package epstopdf Info: Source file: <FIG_obj_fn.eps>
(epstopdf)                    date: 2019-12-13 16:19:57
(epstopdf)                    size: 507014 bytes
(epstopdf)             Output file: <FIG_obj_fn-eps-converted-to.pdf>
(epstopdf)                    date: 2019-12-13 16:20:36
(epstopdf)                    size: 475090 bytes
(epstopdf)             Command: <epstopdf --outfile=FIG_obj_fn-eps-converted-to
.pdf FIG_obj_fn.eps>
(epstopdf)             \includegraphics on input line 454.
Package epstopdf Info: Output file is already uptodate.
<FIG_obj_fn-eps-converted-to.pdf, id=57, 302.12875pt x 302.12875pt>
File: FIG_obj_fn-eps-converted-to.pdf Graphic file (type pdf)
<use FIG_obj_fn-eps-converted-to.pdf>
Package pdftex.def Info: FIG_obj_fn-eps-converted-to.pdf  used on input line 45
4.
(pdftex.def)             Requested size: 256.81064pt x 256.81064pt.
Package epstopdf Info: Source file: <FIG_true_optimal_theta1_theta2.eps>
(epstopdf)                    date: 2019-12-13 16:26:19
(epstopdf)                    size: 29354 bytes
(epstopdf)             Output file: <FIG_true_optimal_theta1_theta2-eps-convert
ed-to.pdf>
(epstopdf)                    date: 2019-12-13 16:26:51
(epstopdf)                    size: 8311 bytes
(epstopdf)             Command: <epstopdf --outfile=FIG_true_optimal_theta1_the
ta2-eps-converted-to.pdf FIG_true_optimal_theta1_theta2.eps>
(epstopdf)             \includegraphics on input line 468.
Package epstopdf Info: Output file is already uptodate.
<FIG_true_optimal_theta1_theta2-eps-converted-to.pdf, id=58, 416.55624pt x 176.
66pt>
File: FIG_true_optimal_theta1_theta2-eps-converted-to.pdf Graphic file (type pd
f)
<use FIG_true_optimal_theta1_theta2-eps-converted-to.pdf>
Package pdftex.def Info: FIG_true_optimal_theta1_theta2-eps-converted-to.pdf  u
sed on input line 468.
(pdftex.def)             Requested size: 354.07448pt x 150.1617pt.
 [14] [15 <./FIG_obj_fn-eps-converted-to.pdf> <./FIG_true_optimal_theta1_theta2
-eps-converted-to.pdf>]
Package epstopdf Info: Source file: <FIG_six_discrepancies.eps>
(epstopdf)                    date: 2019-12-13 16:33:32
(epstopdf)                    size: 1841967 bytes
(epstopdf)             Output file: <FIG_six_discrepancies-eps-converted-to.pdf
>
(epstopdf)                    date: 2019-12-13 16:34:07
(epstopdf)                    size: 901694 bytes
(epstopdf)             Command: <epstopdf --outfile=FIG_six_discrepancies-eps-c
onverted-to.pdf FIG_six_discrepancies.eps>
(epstopdf)             \includegraphics on input line 519.
Package epstopdf Info: Output file is already uptodate.
<FIG_six_discrepancies-eps-converted-to.pdf, id=90, 407.5225pt x 489.83pt>
File: FIG_six_discrepancies-eps-converted-to.pdf Graphic file (type pdf)
<use FIG_six_discrepancies-eps-converted-to.pdf>
Package pdftex.def Info: FIG_six_discrepancies-eps-converted-to.pdf  used on in
put line 519.
(pdftex.def)             Requested size: 346.39575pt x 416.35745pt.

[16] [17 <./FIG_six_discrepancies-eps-converted-to.pdf>]
Package epstopdf Info: Source file: <FIG_dual_calib_post_theta1-d0.eps>
(epstopdf)                    date: 2019-12-17 15:45:11
(epstopdf)                    size: 101756 bytes
(epstopdf)             Output file: <FIG_dual_calib_post_theta1-d0-eps-converte
d-to.pdf>
(epstopdf)                    date: 2019-12-13 15:48:52
(epstopdf)                    size: 97944 bytes
(epstopdf)             Command: <epstopdf --outfile=FIG_dual_calib_post_theta1-
d0-eps-converted-to.pdf FIG_dual_calib_post_theta1-d0.eps>
(epstopdf)             \includegraphics on input line 556.
runsystem(epstopdf --outfile=FIG_dual_calib_post_theta1-d0-eps-converted-to.pdf
 FIG_dual_calib_post_theta1-d0.eps)...executed (allowed).

Package epstopdf Info: Result file: <FIG_dual_calib_post_theta1-d0-eps-converte
d-to.pdf>
(epstopdf)                    date: 2019-12-17 15:45:41
(epstopdf)                    size: 97944 bytes.
<FIG_dual_calib_post_theta1-d0-eps-converted-to.pdf, id=121, 226.8475pt x 151.5
6625pt>
File: FIG_dual_calib_post_theta1-d0-eps-converted-to.pdf Graphic file (type pdf
)
<use FIG_dual_calib_post_theta1-d0-eps-converted-to.pdf>
Package pdftex.def Info: FIG_dual_calib_post_theta1-d0-eps-converted-to.pdf  us
ed on input line 556.
(pdftex.def)             Requested size: 192.82127pt x 128.83191pt.
Package epstopdf Info: Source file: <FIG_dual_calib_post_theta2-d0.eps>
(epstopdf)                    date: 2019-12-17 15:45:12
(epstopdf)                    size: 99593 bytes
(epstopdf)             Output file: <FIG_dual_calib_post_theta2-d0-eps-converte
d-to.pdf>
(epstopdf)                    date: 2019-12-13 15:48:54
(epstopdf)                    size: 96521 bytes
(epstopdf)             Command: <epstopdf --outfile=FIG_dual_calib_post_theta2-
d0-eps-converted-to.pdf FIG_dual_calib_post_theta2-d0.eps>
(epstopdf)             \includegraphics on input line 557.
runsystem(epstopdf --outfile=FIG_dual_calib_post_theta2-d0-eps-converted-to.pdf
 FIG_dual_calib_post_theta2-d0.eps)...executed (allowed).

Package epstopdf Info: Result file: <FIG_dual_calib_post_theta2-d0-eps-converte
d-to.pdf>
(epstopdf)                    date: 2019-12-17 15:45:43
(epstopdf)                    size: 97241 bytes.
<FIG_dual_calib_post_theta2-d0-eps-converted-to.pdf, id=122, 226.8475pt x 151.5
6625pt>
File: FIG_dual_calib_post_theta2-d0-eps-converted-to.pdf Graphic file (type pdf
)
<use FIG_dual_calib_post_theta2-d0-eps-converted-to.pdf>
Package pdftex.def Info: FIG_dual_calib_post_theta2-d0-eps-converted-to.pdf  us
ed on input line 557.
(pdftex.def)             Requested size: 192.82127pt x 128.83191pt.
 [18]

LaTeX Warning: No positions in optional float specifier.
               Default added (so using `tbp') on input line 577.

[19 <./FIG_dual_calib_post_theta1-d0-eps-converted-to.pdf> <./FIG_dual_calib_po
st_theta2-d0-eps-converted-to.pdf>] [20] [21] [22]
Package epstopdf Info: Source file: <FIG_dual_calib_SDOE_comp_theta1-d0.eps>
(epstopdf)                    date: 2019-12-13 15:50:07
(epstopdf)                    size: 61443 bytes
(epstopdf)             Output file: <FIG_dual_calib_SDOE_comp_theta1-d0-eps-con
verted-to.pdf>
(epstopdf)                    date: 2019-12-13 15:51:08
(epstopdf)                    size: 54361 bytes
(epstopdf)             Command: <epstopdf --outfile=FIG_dual_calib_SDOE_comp_th
eta1-d0-eps-converted-to.pdf FIG_dual_calib_SDOE_comp_theta1-d0.eps>
(epstopdf)             \includegraphics on input line 697.
Package epstopdf Info: Output file is already uptodate.
<FIG_dual_calib_SDOE_comp_theta1-d0-eps-converted-to.pdf, id=187, 226.8475pt x 
91.34125pt>
File: FIG_dual_calib_SDOE_comp_theta1-d0-eps-converted-to.pdf Graphic file (typ
e pdf)
<use FIG_dual_calib_SDOE_comp_theta1-d0-eps-converted-to.pdf>
Package pdftex.def Info: FIG_dual_calib_SDOE_comp_theta1-d0-eps-converted-to.pd
f  used on input line 697.
(pdftex.def)             Requested size: 192.82127pt x 77.64041pt.
Package epstopdf Info: Source file: <FIG_dual_calib_SDOE_comp_theta2-d0.eps>
(epstopdf)                    date: 2019-12-13 15:50:08
(epstopdf)                    size: 60946 bytes
(epstopdf)             Output file: <FIG_dual_calib_SDOE_comp_theta2-d0-eps-con
verted-to.pdf>
(epstopdf)                    date: 2019-12-13 15:51:09
(epstopdf)                    size: 52184 bytes
(epstopdf)             Command: <epstopdf --outfile=FIG_dual_calib_SDOE_comp_th
eta2-d0-eps-converted-to.pdf FIG_dual_calib_SDOE_comp_theta2-d0.eps>
(epstopdf)             \includegraphics on input line 698.
Package epstopdf Info: Output file is already uptodate.
<FIG_dual_calib_SDOE_comp_theta2-d0-eps-converted-to.pdf, id=188, 226.8475pt x 
91.34125pt>
File: FIG_dual_calib_SDOE_comp_theta2-d0-eps-converted-to.pdf Graphic file (typ
e pdf)
<use FIG_dual_calib_SDOE_comp_theta2-d0-eps-converted-to.pdf>
Package pdftex.def Info: FIG_dual_calib_SDOE_comp_theta2-d0-eps-converted-to.pd
f  used on input line 698.
(pdftex.def)             Requested size: 192.82127pt x 77.64041pt.
Package epstopdf Info: Source file: <FIG_dual_calib_SDOE_comp_theta1-d1.eps>
(epstopdf)                    date: 2019-12-13 15:50:10
(epstopdf)                    size: 63076 bytes
(epstopdf)             Output file: <FIG_dual_calib_SDOE_comp_theta1-d1-eps-con
verted-to.pdf>
(epstopdf)                    date: 2019-12-13 15:51:10
(epstopdf)                    size: 54601 bytes
(epstopdf)             Command: <epstopdf --outfile=FIG_dual_calib_SDOE_comp_th
eta1-d1-eps-converted-to.pdf FIG_dual_calib_SDOE_comp_theta1-d1.eps>
(epstopdf)             \includegraphics on input line 700.
Package epstopdf Info: Output file is already uptodate.
<FIG_dual_calib_SDOE_comp_theta1-d1-eps-converted-to.pdf, id=189, 226.8475pt x 
91.34125pt>
File: FIG_dual_calib_SDOE_comp_theta1-d1-eps-converted-to.pdf Graphic file (typ
e pdf)
<use FIG_dual_calib_SDOE_comp_theta1-d1-eps-converted-to.pdf>
Package pdftex.def Info: FIG_dual_calib_SDOE_comp_theta1-d1-eps-converted-to.pd
f  used on input line 700.
(pdftex.def)             Requested size: 192.82127pt x 77.64041pt.
Package epstopdf Info: Source file: <FIG_dual_calib_SDOE_comp_theta2-d1.eps>
(epstopdf)                    date: 2019-12-13 15:50:10
(epstopdf)                    size: 63143 bytes
(epstopdf)             Output file: <FIG_dual_calib_SDOE_comp_theta2-d1-eps-con
verted-to.pdf>
(epstopdf)                    date: 2019-12-13 15:51:11
(epstopdf)                    size: 53341 bytes
(epstopdf)             Command: <epstopdf --outfile=FIG_dual_calib_SDOE_comp_th
eta2-d1-eps-converted-to.pdf FIG_dual_calib_SDOE_comp_theta2-d1.eps>
(epstopdf)             \includegraphics on input line 701.
Package epstopdf Info: Output file is already uptodate.
<FIG_dual_calib_SDOE_comp_theta2-d1-eps-converted-to.pdf, id=190, 226.8475pt x 
91.34125pt>
File: FIG_dual_calib_SDOE_comp_theta2-d1-eps-converted-to.pdf Graphic file (typ
e pdf)
<use FIG_dual_calib_SDOE_comp_theta2-d1-eps-converted-to.pdf>
Package pdftex.def Info: FIG_dual_calib_SDOE_comp_theta2-d1-eps-converted-to.pd
f  used on input line 701.
(pdftex.def)             Requested size: 192.82127pt x 77.64041pt.
Package epstopdf Info: Source file: <FIG_dual_calib_SDOE_comp_theta1-d2.eps>
(epstopdf)                    date: 2019-12-13 15:50:11
(epstopdf)                    size: 63199 bytes
(epstopdf)             Output file: <FIG_dual_calib_SDOE_comp_theta1-d2-eps-con
verted-to.pdf>
(epstopdf)                    date: 2019-12-13 15:51:11
(epstopdf)                    size: 54663 bytes
(epstopdf)             Command: <epstopdf --outfile=FIG_dual_calib_SDOE_comp_th
eta1-d2-eps-converted-to.pdf FIG_dual_calib_SDOE_comp_theta1-d2.eps>
(epstopdf)             \includegraphics on input line 703.
Package epstopdf Info: Output file is already uptodate.
<FIG_dual_calib_SDOE_comp_theta1-d2-eps-converted-to.pdf, id=191, 226.8475pt x 
91.34125pt>
File: FIG_dual_calib_SDOE_comp_theta1-d2-eps-converted-to.pdf Graphic file (typ
e pdf)
<use FIG_dual_calib_SDOE_comp_theta1-d2-eps-converted-to.pdf>
Package pdftex.def Info: FIG_dual_calib_SDOE_comp_theta1-d2-eps-converted-to.pd
f  used on input line 703.
(pdftex.def)             Requested size: 192.82127pt x 77.64041pt.
Package epstopdf Info: Source file: <FIG_dual_calib_SDOE_comp_theta2-d2.eps>
(epstopdf)                    date: 2019-12-13 15:50:12
(epstopdf)                    size: 60725 bytes
(epstopdf)             Output file: <FIG_dual_calib_SDOE_comp_theta2-d2-eps-con
verted-to.pdf>
(epstopdf)                    date: 2019-12-13 15:51:12
(epstopdf)                    size: 52521 bytes
(epstopdf)             Command: <epstopdf --outfile=FIG_dual_calib_SDOE_comp_th
eta2-d2-eps-converted-to.pdf FIG_dual_calib_SDOE_comp_theta2-d2.eps>
(epstopdf)             \includegraphics on input line 704.
Package epstopdf Info: Output file is already uptodate.
<FIG_dual_calib_SDOE_comp_theta2-d2-eps-converted-to.pdf, id=192, 226.8475pt x 
91.34125pt>
File: FIG_dual_calib_SDOE_comp_theta2-d2-eps-converted-to.pdf Graphic file (typ
e pdf)
<use FIG_dual_calib_SDOE_comp_theta2-d2-eps-converted-to.pdf>
Package pdftex.def Info: FIG_dual_calib_SDOE_comp_theta2-d2-eps-converted-to.pd
f  used on input line 704.
(pdftex.def)             Requested size: 192.82127pt x 77.64041pt.
Package epstopdf Info: Source file: <FIG_dual_calib_SDOE_comp_theta1-d3.eps>
(epstopdf)                    date: 2019-12-13 15:50:13
(epstopdf)                    size: 64441 bytes
(epstopdf)             Output file: <FIG_dual_calib_SDOE_comp_theta1-d3-eps-con
verted-to.pdf>
(epstopdf)                    date: 2019-12-13 15:51:13
(epstopdf)                    size: 55973 bytes
(epstopdf)             Command: <epstopdf --outfile=FIG_dual_calib_SDOE_comp_th
eta1-d3-eps-converted-to.pdf FIG_dual_calib_SDOE_comp_theta1-d3.eps>
(epstopdf)             \includegraphics on input line 706.
Package epstopdf Info: Output file is already uptodate.
<FIG_dual_calib_SDOE_comp_theta1-d3-eps-converted-to.pdf, id=193, 226.8475pt x 
91.34125pt>
File: FIG_dual_calib_SDOE_comp_theta1-d3-eps-converted-to.pdf Graphic file (typ
e pdf)
<use FIG_dual_calib_SDOE_comp_theta1-d3-eps-converted-to.pdf>
Package pdftex.def Info: FIG_dual_calib_SDOE_comp_theta1-d3-eps-converted-to.pd
f  used on input line 706.
(pdftex.def)             Requested size: 192.82127pt x 77.64041pt.
Package epstopdf Info: Source file: <FIG_dual_calib_SDOE_comp_theta2-d3.eps>
(epstopdf)                    date: 2019-12-13 15:50:14
(epstopdf)                    size: 61363 bytes
(epstopdf)             Output file: <FIG_dual_calib_SDOE_comp_theta2-d3-eps-con
verted-to.pdf>
(epstopdf)                    date: 2019-12-13 15:51:14
(epstopdf)                    size: 52833 bytes
(epstopdf)             Command: <epstopdf --outfile=FIG_dual_calib_SDOE_comp_th
eta2-d3-eps-converted-to.pdf FIG_dual_calib_SDOE_comp_theta2-d3.eps>
(epstopdf)             \includegraphics on input line 707.
Package epstopdf Info: Output file is already uptodate.
<FIG_dual_calib_SDOE_comp_theta2-d3-eps-converted-to.pdf, id=194, 226.8475pt x 
91.34125pt>
File: FIG_dual_calib_SDOE_comp_theta2-d3-eps-converted-to.pdf Graphic file (typ
e pdf)
<use FIG_dual_calib_SDOE_comp_theta2-d3-eps-converted-to.pdf>
Package pdftex.def Info: FIG_dual_calib_SDOE_comp_theta2-d3-eps-converted-to.pd
f  used on input line 707.
(pdftex.def)             Requested size: 192.82127pt x 77.64041pt.
Package epstopdf Info: Source file: <FIG_dual_calib_SDOE_comp_theta1-d4.eps>
(epstopdf)                    date: 2019-12-13 15:50:15
(epstopdf)                    size: 64696 bytes
(epstopdf)             Output file: <FIG_dual_calib_SDOE_comp_theta1-d4-eps-con
verted-to.pdf>
(epstopdf)                    date: 2019-12-13 15:51:15
(epstopdf)                    size: 54985 bytes
(epstopdf)             Command: <epstopdf --outfile=FIG_dual_calib_SDOE_comp_th
eta1-d4-eps-converted-to.pdf FIG_dual_calib_SDOE_comp_theta1-d4.eps>
(epstopdf)             \includegraphics on input line 709.
Package epstopdf Info: Output file is already uptodate.
<FIG_dual_calib_SDOE_comp_theta1-d4-eps-converted-to.pdf, id=195, 226.8475pt x 
91.34125pt>
File: FIG_dual_calib_SDOE_comp_theta1-d4-eps-converted-to.pdf Graphic file (typ
e pdf)
<use FIG_dual_calib_SDOE_comp_theta1-d4-eps-converted-to.pdf>
Package pdftex.def Info: FIG_dual_calib_SDOE_comp_theta1-d4-eps-converted-to.pd
f  used on input line 709.
(pdftex.def)             Requested size: 192.82127pt x 77.64041pt.
Package epstopdf Info: Source file: <FIG_dual_calib_SDOE_comp_theta2-d4.eps>
(epstopdf)                    date: 2019-12-13 15:50:16
(epstopdf)                    size: 60899 bytes
(epstopdf)             Output file: <FIG_dual_calib_SDOE_comp_theta2-d4-eps-con
verted-to.pdf>
(epstopdf)                    date: 2019-12-13 15:51:15
(epstopdf)                    size: 52847 bytes
(epstopdf)             Command: <epstopdf --outfile=FIG_dual_calib_SDOE_comp_th
eta2-d4-eps-converted-to.pdf FIG_dual_calib_SDOE_comp_theta2-d4.eps>
(epstopdf)             \includegraphics on input line 710.
Package epstopdf Info: Output file is already uptodate.
<FIG_dual_calib_SDOE_comp_theta2-d4-eps-converted-to.pdf, id=196, 226.8475pt x 
91.34125pt>
File: FIG_dual_calib_SDOE_comp_theta2-d4-eps-converted-to.pdf Graphic file (typ
e pdf)
<use FIG_dual_calib_SDOE_comp_theta2-d4-eps-converted-to.pdf>
Package pdftex.def Info: FIG_dual_calib_SDOE_comp_theta2-d4-eps-converted-to.pd
f  used on input line 710.
(pdftex.def)             Requested size: 192.82127pt x 77.64041pt.
Package epstopdf Info: Source file: <FIG_dual_calib_SDOE_comp_theta1-d5.eps>
(epstopdf)                    date: 2019-12-13 15:50:17
(epstopdf)                    size: 58580 bytes
(epstopdf)             Output file: <FIG_dual_calib_SDOE_comp_theta1-d5-eps-con
verted-to.pdf>
(epstopdf)                    date: 2019-12-13 15:51:16
(epstopdf)                    size: 52357 bytes
(epstopdf)             Command: <epstopdf --outfile=FIG_dual_calib_SDOE_comp_th
eta1-d5-eps-converted-to.pdf FIG_dual_calib_SDOE_comp_theta1-d5.eps>
(epstopdf)             \includegraphics on input line 712.
Package epstopdf Info: Output file is already uptodate.
<FIG_dual_calib_SDOE_comp_theta1-d5-eps-converted-to.pdf, id=197, 226.8475pt x 
91.34125pt>
File: FIG_dual_calib_SDOE_comp_theta1-d5-eps-converted-to.pdf Graphic file (typ
e pdf)
<use FIG_dual_calib_SDOE_comp_theta1-d5-eps-converted-to.pdf>
Package pdftex.def Info: FIG_dual_calib_SDOE_comp_theta1-d5-eps-converted-to.pd
f  used on input line 712.
(pdftex.def)             Requested size: 192.82127pt x 77.64041pt.
Package epstopdf Info: Source file: <FIG_dual_calib_SDOE_comp_theta2-d5.eps>
(epstopdf)                    date: 2019-12-13 15:50:17
(epstopdf)                    size: 61684 bytes
(epstopdf)             Output file: <FIG_dual_calib_SDOE_comp_theta2-d5-eps-con
verted-to.pdf>
(epstopdf)                    date: 2019-12-13 15:51:17
(epstopdf)                    size: 52400 bytes
(epstopdf)             Command: <epstopdf --outfile=FIG_dual_calib_SDOE_comp_th
eta2-d5-eps-converted-to.pdf FIG_dual_calib_SDOE_comp_theta2-d5.eps>
(epstopdf)             \includegraphics on input line 713.
Package epstopdf Info: Output file is already uptodate.
<FIG_dual_calib_SDOE_comp_theta2-d5-eps-converted-to.pdf, id=198, 226.8475pt x 
91.34125pt>
File: FIG_dual_calib_SDOE_comp_theta2-d5-eps-converted-to.pdf Graphic file (typ
e pdf)
<use FIG_dual_calib_SDOE_comp_theta2-d5-eps-converted-to.pdf>
Package pdftex.def Info: FIG_dual_calib_SDOE_comp_theta2-d5-eps-converted-to.pd
f  used on input line 713.
(pdftex.def)             Requested size: 192.82127pt x 77.64041pt.
Package epstopdf Info: Source file: <FIG_dual_calib_SDOE_comp_theta1-d6.eps>
(epstopdf)                    date: 2019-12-13 15:50:19
(epstopdf)                    size: 63353 bytes
(epstopdf)             Output file: <FIG_dual_calib_SDOE_comp_theta1-d6-eps-con
verted-to.pdf>
(epstopdf)                    date: 2019-12-13 15:51:18
(epstopdf)                    size: 54830 bytes
(epstopdf)             Command: <epstopdf --outfile=FIG_dual_calib_SDOE_comp_th
eta1-d6-eps-converted-to.pdf FIG_dual_calib_SDOE_comp_theta1-d6.eps>
(epstopdf)             \includegraphics on input line 715.
Package epstopdf Info: Output file is already uptodate.
<FIG_dual_calib_SDOE_comp_theta1-d6-eps-converted-to.pdf, id=199, 226.8475pt x 
91.34125pt>
File: FIG_dual_calib_SDOE_comp_theta1-d6-eps-converted-to.pdf Graphic file (typ
e pdf)
<use FIG_dual_calib_SDOE_comp_theta1-d6-eps-converted-to.pdf>
Package pdftex.def Info: FIG_dual_calib_SDOE_comp_theta1-d6-eps-converted-to.pd
f  used on input line 715.
(pdftex.def)             Requested size: 192.82127pt x 77.64041pt.
Package epstopdf Info: Source file: <FIG_dual_calib_SDOE_comp_theta2-d6.eps>
(epstopdf)                    date: 2019-12-13 15:50:19
(epstopdf)                    size: 63332 bytes
(epstopdf)             Output file: <FIG_dual_calib_SDOE_comp_theta2-d6-eps-con
verted-to.pdf>
(epstopdf)                    date: 2019-12-13 15:51:19
(epstopdf)                    size: 53382 bytes
(epstopdf)             Command: <epstopdf --outfile=FIG_dual_calib_SDOE_comp_th
eta2-d6-eps-converted-to.pdf FIG_dual_calib_SDOE_comp_theta2-d6.eps>
(epstopdf)             \includegraphics on input line 716.
Package epstopdf Info: Output file is already uptodate.
<FIG_dual_calib_SDOE_comp_theta2-d6-eps-converted-to.pdf, id=200, 226.8475pt x 
91.34125pt>
File: FIG_dual_calib_SDOE_comp_theta2-d6-eps-converted-to.pdf Graphic file (typ
e pdf)
<use FIG_dual_calib_SDOE_comp_theta2-d6-eps-converted-to.pdf>
Package pdftex.def Info: FIG_dual_calib_SDOE_comp_theta2-d6-eps-converted-to.pd
f  used on input line 716.
(pdftex.def)             Requested size: 192.82127pt x 77.64041pt.

Overfull \hbox (3.75832pt too wide) in paragraph at lines 695--719
 [][] 
 []


LaTeX Warning: No positions in optional float specifier.
               Default added (so using `tbp') on input line 723.

[23] [24] [25 <./FIG_dual_calib_SDOE_comp_theta1-d0-eps-converted-to.pdf> <./FI
G_dual_calib_SDOE_comp_theta2-d0-eps-converted-to.pdf> <./FIG_dual_calib_SDOE_c
omp_theta1-d1-eps-converted-to.pdf> <./FIG_dual_calib_SDOE_comp_theta2-d1-eps-c
onverted-to.pdf> <./FIG_dual_calib_SDOE_comp_theta1-d2-eps-converted-to.pdf> <.
/FIG_dual_calib_SDOE_comp_theta2-d2-eps-converted-to.pdf> <./FIG_dual_calib_SDO
E_comp_theta1-d3-eps-converted-to.pdf> <./FIG_dual_calib_SDOE_comp_theta2-d3-ep
s-converted-to.pdf> <./FIG_dual_calib_SDOE_comp_theta1-d4-eps-converted-to.pdf>
 <./FIG_dual_calib_SDOE_comp_theta2-d4-eps-converted-to.pdf> <./FIG_dual_calib_
SDOE_comp_theta1-d5-eps-converted-to.pdf> <./FIG_dual_calib_SDOE_comp_theta2-d5
-eps-converted-to.pdf> <./FIG_dual_calib_SDOE_comp_theta1-d6-eps-converted-to.p
df> <./FIG_dual_calib_SDOE_comp_theta2-d6-eps-converted-to.pdf>]
(CTO_dual_calib.bbl [26] [27] [28] [29] [30]) [31] (CTO_dual_calib.aux)

LaTeX Warning: There were multiply-defined labels.

 ) 
Here is how much of TeX's memory you used:
 4132 strings out of 493305
 64256 string characters out of 3138875
 126890 words of memory out of 3000000
 7593 multiletter control sequences out of 15000+200000
 18327 words of font info for 69 fonts, out of 3000000 for 9000
 1141 hyphenation exceptions out of 8191
 41i,14n,39p,534b,334s stack positions out of 5000i,500n,10000p,200000b,50000s
<C:/Program Files/MiKTeX 2.9/fonts/type1/public/amsfonts/cm/cmbx10.pfb><C:/Pr
ogram Files/MiKTeX 2.9/fonts/type1/public/amsfonts/cm/cmbx12.pfb><C:/Program Fi
les/MiKTeX 2.9/fonts/type1/public/amsfonts/cm/cmbx8.pfb><C:/Program Files/MiKTe
X 2.9/fonts/type1/public/amsfonts/cm/cmex10.pfb><C:/Program Files/MiKTeX 2.9/fo
nts/type1/public/amsfonts/cm/cmmi12.pfb><C:/Program Files/MiKTeX 2.9/fonts/type
1/public/amsfonts/cm/cmmi6.pfb><C:/Program Files/MiKTeX 2.9/fonts/type1/public/
amsfonts/cm/cmmi8.pfb><C:/Program Files/MiKTeX 2.9/fonts/type1/public/amsfonts/
cm/cmmib10.pfb><C:/Program Files/MiKTeX 2.9/fonts/type1/public/amsfonts/cm/cmr1
0.pfb><C:/Program Files/MiKTeX 2.9/fonts/type1/public/amsfonts/cm/cmr12.pfb><C:
/Program Files/MiKTeX 2.9/fonts/type1/public/amsfonts/cm/cmr8.pfb><C:/Program F
iles/MiKTeX 2.9/fonts/type1/public/amsfonts/cm/cmsy10.pfb><C:/Program Files/MiK
TeX 2.9/fonts/type1/public/amsfonts/cm/cmsy7.pfb><C:/Program Files/MiKTeX 2.9/f
onts/type1/public/amsfonts/cm/cmsy8.pfb><C:/Program Files/MiKTeX 2.9/fonts/type
1/public/amsfonts/cm/cmti12.pfb>
Output written on CTO_dual_calib.pdf (31 pages, 2553409 bytes).
PDF statistics:
 571 PDF objects out of 1000 (max. 8388607)
 0 named destinations out of 1000 (max. 500000)
 96 words of extra memory for PDF output out of 10000 (max. 10000000)

