This is pdfTeX, Version 3.14159265-2.6-1.40.21 (MiKTeX 2.9.7380 64-bit) (preloaded format=pdflatex 2020.4.18)  24 OCT 2020 11:57
entering extended mode
**./working_version.tex
(working_version.tex
LaTeX2e <2020-02-02> patch level 5
L3 programming layer <2020-04-06> (asme2ej.cls

LaTeX Warning: You have requested document class `asme2ej',
               but the document class provides `asme2e'.

Document Class: asme2e 2001/2/14 v2.0 Standard LaTeX document class
("C:\Program Files\MiKTeX 2.9\tex/latex/base\ifthen.sty"
Package: ifthen 2014/09/29 v1.1c Standard LaTeX ifthen package (DPC)
)
(C:\Users\Carl\AppData\Roaming\MiKTeX\2.9\tex/latex/psnfss\times.sty
Package: times 2020/03/25 PSNFSS-v9.3 (SPQR) 
)
(C:\Users\Carl\AppData\Roaming\MiKTeX\2.9\tex/latex/psnfss\mathptm.sty
Package: mathptm 2020/03/25 PSNFSS-v9.3 Times w/ Math (SPQR, WaS) 


Package mathptm Warning: This package is to be regarded as obsolete.
(mathptm)                See the PSNFSS documentation.

LaTeX Font Info:    Redeclaring symbol font `operators' on input line 31.
LaTeX Font Info:    Overwriting symbol font `operators' in version `normal'
(Font)                  OT1/cmr/m/n --> OT1/ptmcm/m/n on input line 31.
LaTeX Font Info:    Overwriting symbol font `operators' in version `bold'
(Font)                  OT1/cmr/bx/n --> OT1/ptmcm/m/n on input line 31.
LaTeX Font Info:    Redeclaring symbol font `letters' on input line 32.
LaTeX Font Info:    Overwriting symbol font `letters' in version `normal'
(Font)                  OML/cmm/m/it --> OML/ptmcm/m/it on input line 32.
LaTeX Font Info:    Overwriting symbol font `letters' in version `bold'
(Font)                  OML/cmm/b/it --> OML/ptmcm/m/it on input line 32.
LaTeX Font Info:    Redeclaring symbol font `symbols' on input line 33.
LaTeX Font Info:    Overwriting symbol font `symbols' in version `normal'
(Font)                  OMS/cmsy/m/n --> OMS/pzccm/m/n on input line 33.
LaTeX Font Info:    Overwriting symbol font `symbols' in version `bold'
(Font)                  OMS/cmsy/b/n --> OMS/pzccm/m/n on input line 33.
LaTeX Font Info:    Redeclaring symbol font `largesymbols' on input line 34.
LaTeX Font Info:    Overwriting symbol font `largesymbols' in version `normal'
(Font)                  OMX/cmex/m/n --> OMX/psycm/m/n on input line 34.
LaTeX Font Info:    Overwriting symbol font `largesymbols' in version `bold'
(Font)                  OMX/cmex/m/n --> OMX/psycm/m/n on input line 34.
\symbold=\mathgroup4
\symitalic=\mathgroup5
LaTeX Font Info:    Redeclaring math alphabet \mathbf on input line 37.
LaTeX Font Info:    Overwriting math alphabet `\mathbf' in version `normal'
(Font)                  OT1/cmr/bx/n --> OT1/ptm/bx/n on input line 37.
LaTeX Font Info:    Overwriting math alphabet `\mathbf' in version `bold'
(Font)                  OT1/cmr/bx/n --> OT1/ptm/bx/n on input line 37.
LaTeX Font Info:    Redeclaring math alphabet \mathit on input line 38.
LaTeX Font Info:    Overwriting math alphabet `\mathit' in version `normal'
(Font)                  OT1/cmr/m/it --> OT1/ptm/m/it on input line 38.
LaTeX Font Info:    Overwriting math alphabet `\mathit' in version `bold'
(Font)                  OT1/cmr/bx/it --> OT1/ptm/m/it on input line 38.
) ("C:\Program Files\MiKTeX 2.9\tex/generic/iftex\ifpdf.sty"
Package: ifpdf 2019/10/25 v3.4 ifpdf legacy package. Use iftex instead.

("C:\Program Files\MiKTeX 2.9\tex/generic/iftex\iftex.sty"
Package: iftex 2020/03/06 v1.0d TeX engine tests
))
Ten Point
LaTeX Font Info:    Trying to load font information for OT1+phv on input line 3
01.
(C:\Users\Carl\AppData\Roaming\MiKTeX\2.9\tex/latex/psnfss\ot1phv.fd
File: ot1phv.fd 2020/03/25 scalable font definitions for OT1/phv.
)
\c@part=\count167
\c@section=\count168
\c@subsection=\count169
\c@subsubsection=\count170
\c@paragraph=\count171
\c@subparagraph=\count172
\tempbox=\box45
\c@figure=\count173
\c@table=\count174
\@authcnt=\count175
\@tmpcnt=\count176
\bibindent=\dimen134
\tempbox=\box46
\minute=\count177
\hour=\count178
)
("C:\Program Files\MiKTeX 2.9\tex/latex/graphics\graphicx.sty"
Package: graphicx 2019/11/30 v1.2a Enhanced LaTeX Graphics (DPC,SPQR)

("C:\Program Files\MiKTeX 2.9\tex/latex/graphics\keyval.sty"
Package: keyval 2014/10/28 v1.15 key=value parser (DPC)
\KV@toks@=\toks15
)
("C:\Program Files\MiKTeX 2.9\tex/latex/graphics\graphics.sty"
Package: graphics 2019/11/30 v1.4a Standard LaTeX Graphics (DPC,SPQR)

("C:\Program Files\MiKTeX 2.9\tex/latex/graphics\trig.sty"
Package: trig 2016/01/03 v1.10 sin cos tan (DPC)
)
("C:\Program Files\MiKTeX 2.9\tex/latex/graphics-cfg\graphics.cfg"
File: graphics.cfg 2016/06/04 v1.11 sample graphics configuration
)
Package graphics Info: Driver file: pdftex.def on input line 105.

("C:\Program Files\MiKTeX 2.9\tex/latex/graphics-def\pdftex.def"
File: pdftex.def 2018/01/08 v1.0l Graphics/color driver for pdftex
))
\Gin@req@height=\dimen135
\Gin@req@width=\dimen136
)
("C:\Program Files\MiKTeX 2.9\tex/latex/amsmath\amsmath.sty"
Package: amsmath 2020/01/20 v2.17e AMS math features
\@mathmargin=\skip47

For additional information on amsmath, use the `?' option.
("C:\Program Files\MiKTeX 2.9\tex/latex/amsmath\amstext.sty"
Package: amstext 2000/06/29 v2.01 AMS text

("C:\Program Files\MiKTeX 2.9\tex/latex/amsmath\amsgen.sty"
File: amsgen.sty 1999/11/30 v2.0 generic functions
\@emptytoks=\toks16
\ex@=\dimen137
))
("C:\Program Files\MiKTeX 2.9\tex/latex/amsmath\amsbsy.sty"
Package: amsbsy 1999/11/29 v1.2d Bold Symbols
\pmbraise@=\dimen138
)
("C:\Program Files\MiKTeX 2.9\tex/latex/amsmath\amsopn.sty"
Package: amsopn 2016/03/08 v2.02 operator names
)
\inf@bad=\count179
LaTeX Info: Redefining \frac on input line 227.
\uproot@=\count180
\leftroot@=\count181
LaTeX Info: Redefining \overline on input line 389.
\classnum@=\count182
\DOTSCASE@=\count183
LaTeX Info: Redefining \ldots on input line 486.
LaTeX Info: Redefining \dots on input line 489.
LaTeX Info: Redefining \cdots on input line 610.
\Mathstrutbox@=\box47
\strutbox@=\box48
\big@size=\dimen139
LaTeX Font Info:    Redeclaring font encoding OML on input line 733.
LaTeX Font Info:    Redeclaring font encoding OMS on input line 734.
\macc@depth=\count184
\c@MaxMatrixCols=\count185
\dotsspace@=\muskip16
\c@parentequation=\count186
\dspbrk@lvl=\count187
\tag@help=\toks17
\row@=\count188
\column@=\count189
\maxfields@=\count190
\andhelp@=\toks18
\eqnshift@=\dimen140
\alignsep@=\dimen141
\tagshift@=\dimen142
\tagwidth@=\dimen143
\totwidth@=\dimen144
\lineht@=\dimen145
\@envbody=\toks19
\multlinegap=\skip48
\multlinetaggap=\skip49
\mathdisplay@stack=\toks20
LaTeX Info: Redefining \[ on input line 2859.
LaTeX Info: Redefining \] on input line 2860.
)
("C:\Program Files\MiKTeX 2.9\tex/latex/amsfonts\amssymb.sty"
Package: amssymb 2013/01/14 v3.01 AMS font symbols

("C:\Program Files\MiKTeX 2.9\tex/latex/amsfonts\amsfonts.sty"
Package: amsfonts 2013/01/14 v3.01 Basic AMSFonts support
\symAMSa=\mathgroup6
\symAMSb=\mathgroup7
LaTeX Font Info:    Redeclaring math symbol \hbar on input line 98.
LaTeX Font Info:    Overwriting math alphabet `\mathfrak' in version `bold'
(Font)                  U/euf/m/n --> U/euf/b/n on input line 106.
))
("C:\Program Files\MiKTeX 2.9\tex/latex/tools\bm.sty"
Package: bm 2019/07/24 v1.2d Bold Symbol Support (DPC/FMi)
LaTeX Info: Redefining \bm on input line 209.
)
("C:\Program Files\MiKTeX 2.9\tex/latex/tools\array.sty"
Package: array 2019/08/31 v2.4l Tabular extension package (FMi)
\col@sep=\dimen146
\ar@mcellbox=\box49
\extrarowheight=\dimen147
\NC@list=\toks21
\extratabsurround=\skip50
\backup@length=\skip51
\ar@cellbox=\box50
)
(C:\Users\Carl\AppData\Roaming\MiKTeX\2.9\tex/latex/caption\caption.sty
Package: caption 2020/05/10 v3.4j Customizing captions (AR)

(C:\Users\Carl\AppData\Roaming\MiKTeX\2.9\tex/latex/caption\caption3.sty
Package: caption3 2020/05/10 v1.11 caption3 kernel (AR)
Package caption3 Info: TeX engine: e-TeX on input line 61.
\captionmargin=\dimen148
\captionmargin@=\dimen149
\captionwidth=\dimen150
\caption@tempdima=\dimen151
\caption@indent=\dimen152
\caption@parindent=\dimen153
\caption@hangindent=\dimen154
\abovecaptionskip=\skip52
\belowcaptionskip=\skip53
Package caption Info: Unknown document class (or package),
(caption)             standard defaults will be used.
Package caption Info: \@makecaption = \long macro:#1#2-> \par \addvspace {6pt}{
\tensf \setbox \@tempboxa \hbox {\egtsf #1.\quad #2}\ifdim \wd \@tempboxa >\hsi
ze {\egtsf #1.\quad \ignorespaces #2}\par \else \hbox to\hsize {\hfil \box \@te
mpboxa \hfil }\fi } on input line 1053.
)

Package caption Warning: Unknown document class (or package),
(caption)                standard defaults will be used.
See the caption package documentation for explanation.

\c@caption@flags=\count191
\c@continuedfloat=\count192
) ("C:\Program Files\MiKTeX 2.9\tex/latex/l3backend\l3backend-pdfmode.def"
File: l3backend-pdfmode.def 2020-03-12 L3 backend support: PDF mode
\l__kernel_color_stack_int=\count193
\l__pdf_internal_box=\box51
)
(working_version.aux)
\openout1 = `working_version.aux'.

LaTeX Font Info:    Checking defaults for OML/cmm/m/it on input line 167.
LaTeX Font Info:    ... okay on input line 167.
LaTeX Font Info:    Checking defaults for OMS/cmsy/m/n on input line 167.
LaTeX Font Info:    ... okay on input line 167.
LaTeX Font Info:    Checking defaults for OT1/cmr/m/n on input line 167.
LaTeX Font Info:    ... okay on input line 167.
LaTeX Font Info:    Checking defaults for T1/cmr/m/n on input line 167.
LaTeX Font Info:    ... okay on input line 167.
LaTeX Font Info:    Checking defaults for TS1/cmr/m/n on input line 167.
LaTeX Font Info:    ... okay on input line 167.
LaTeX Font Info:    Checking defaults for OMX/cmex/m/n on input line 167.
LaTeX Font Info:    ... okay on input line 167.
LaTeX Font Info:    Checking defaults for U/cmr/m/n on input line 167.
LaTeX Font Info:    ... okay on input line 167.
LaTeX Font Info:    Trying to load font information for OT1+ptm on input line 1
67.

(C:\Users\Carl\AppData\Roaming\MiKTeX\2.9\tex/latex/psnfss\ot1ptm.fd
File: ot1ptm.fd 2001/06/04 font definitions for OT1/ptm.
)
("C:\Program Files\MiKTeX 2.9\tex/context/base/mkii\supp-pdf.mkii"
[Loading MPS to PDF converter (version 2006.09.02).]
\scratchcounter=\count194
\scratchdimen=\dimen155
\scratchbox=\box52
\nofMPsegments=\count195
\nofMParguments=\count196
\everyMPshowfont=\toks22
\MPscratchCnt=\count197
\MPscratchDim=\dimen156
\MPnumerator=\count198
\makeMPintoPDFobject=\count199
\everyMPtoPDFconversion=\toks23
) ("C:\Program Files\MiKTeX 2.9\tex/latex/epstopdf-pkg\epstopdf-base.sty"
Package: epstopdf-base 2020-01-24 v2.11 Base part for package epstopdf
Package epstopdf-base Info: Redefining graphics rule for `.eps' on input line 4
85.
)
Package caption Info: Begin \AtBeginDocument code.
Package caption Info: End \AtBeginDocument code.
LaTeX Font Info:    Trying to load font information for OT1+ptmcm on input line
 169.

(C:\Users\Carl\AppData\Roaming\MiKTeX\2.9\tex/latex/psnfss\ot1ptmcm.fd
File: ot1ptmcm.fd 2000/01/03 Fontinst v1.801 font definitions for OT1/ptmcm.
)
LaTeX Font Info:    Trying to load font information for OML+ptmcm on input line
 169.

(C:\Users\Carl\AppData\Roaming\MiKTeX\2.9\tex/latex/psnfss\omlptmcm.fd
File: omlptmcm.fd 2000/01/03 Fontinst v1.801 font definitions for OML/ptmcm.
)
LaTeX Font Info:    Trying to load font information for OMS+pzccm on input line
 169.

(C:\Users\Carl\AppData\Roaming\MiKTeX\2.9\tex/latex/psnfss\omspzccm.fd
File: omspzccm.fd 2000/01/03 Fontinst v1.801 font definitions for OMS/pzccm.
)
LaTeX Font Info:    Trying to load font information for OMX+psycm on input line
 169.

(C:\Users\Carl\AppData\Roaming\MiKTeX\2.9\tex/latex/psnfss\omxpsycm.fd
File: omxpsycm.fd 2000/01/03 Fontinst v1.801 font definitions for OMX/psycm.
)
LaTeX Font Info:    Font shape `OT1/ptm/bx/n' in size <10> not available
(Font)              Font shape `OT1/ptm/b/n' tried instead on input line 169.
LaTeX Font Info:    Font shape `OT1/ptm/bx/n' in size <7.4> not available
(Font)              Font shape `OT1/ptm/b/n' tried instead on input line 169.
LaTeX Font Info:    Font shape `OT1/ptm/bx/n' in size <6> not available
(Font)              Font shape `OT1/ptm/b/n' tried instead on input line 169.
LaTeX Font Info:    Trying to load font information for U+msa on input line 169
.

("C:\Program Files\MiKTeX 2.9\tex/latex/amsfonts\umsa.fd"
File: umsa.fd 2013/01/14 v3.01 AMS symbols A
)
LaTeX Font Info:    Trying to load font information for U+msb on input line 169
.

("C:\Program Files\MiKTeX 2.9\tex/latex/amsfonts\umsb.fd"
File: umsb.fd 2013/01/14 v3.01 AMS symbols B
)
Underfull \hbox (badness 10000) detected at line 169
[]
 []

LaTeX Font Info:    Font shape `OT1/ptm/bx/n' in size <8> not available
(Font)              Font shape `OT1/ptm/b/n' tried instead on input line 169.
LaTeX Font Info:    Font shape `OT1/ptm/bx/n' in size <5> not available
(Font)              Font shape `OT1/ptm/b/n' tried instead on input line 169.

Overfull \vbox (16.9018pt too high) has occurred while \output is active []

LaTeX Font Info:    Trying to load font information for TS1+ptm on input line 2
21.

(C:\Users\Carl\AppData\Roaming\MiKTeX\2.9\tex/latex/psnfss\ts1ptm.fd
File: ts1ptm.fd 2001/06/04 font definitions for TS1/ptm.
) [1{C:/Users/Carl/AppData/Local/MiKTeX/2.9/pdftex/config/pdftex.map}


] [2]
Overfull \vbox (12.63289pt too high) has occurred while \output is active []


[3]
Underfull \hbox (badness 1596) in paragraph at lines 461--473
\OT1/ptmcm/m/n/10 (\OT1/ptm/b/n/10 x\OML/ptmcm/m/it/10 ; \OT1/ptm/b/n/10 t[]\OM
L/ptmcm/m/it/10 ; \OT1/ptm/b/n/10 t[]\OT1/ptmcm/m/n/10 )$ \OT1/ptm/m/n/10 where
 $\OT1/ptm/b/n/10 t[]$ \OT1/ptm/m/n/10 de-notes the pa-ram-e-ters tar-geted for

 []


Underfull \hbox (badness 2057) in paragraph at lines 475--491
[]\OT1/ptm/m/n/10 The pur-pose of ad-di-tional ob-ser-va-tion er-ror $\OML/ptmc
m/m/it/10 []$ \OT1/ptm/m/n/10 is
 []


Underfull \vbox (badness 10000) has occurred while \output is active []

 [4]

LaTeX Warning: `h' float specifier changed to `ht'.


Underfull \vbox (badness 2065) has occurred while \output is active []

 [5]
Package epstopdf Info: Source file: <FIG_obj_fn.eps>
(epstopdf)                    date: 2020-04-18 13:43:49
(epstopdf)                    size: 513404 bytes
(epstopdf)             Output file: <FIG_obj_fn-eps-converted-to.pdf>
(epstopdf)                    date: 2020-05-30 11:05:41
(epstopdf)                    size: 541889 bytes
(epstopdf)             Command: <epstopdf --outfile=FIG_obj_fn-eps-converted-to
.pdf FIG_obj_fn.eps>
(epstopdf)             \includegraphics on input line 683.
Package epstopdf Info: Output file is already uptodate.


pdfTeX warning: pdflatex.exe (file ./FIG_obj_fn-eps-converted-to.pdf): PDF incl
usion: found PDF version <1.7>, but at most version <1.5> allowed
<FIG_obj_fn-eps-converted-to.pdf, id=28, 302.12875pt x 302.12875pt>
File: FIG_obj_fn-eps-converted-to.pdf Graphic file (type pdf)
<use FIG_obj_fn-eps-converted-to.pdf>
Package pdftex.def Info: FIG_obj_fn-eps-converted-to.pdf  used on input line 68
3.
(pdftex.def)             Requested size: 256.81064pt x 256.81064pt.

Overfull \hbox (15.42856pt too wide) in paragraph at lines 683--685
 [][] 
 []

Package epstopdf Info: Source file: <FIG_theta_1_dependence_on_t2.eps>
(epstopdf)                    date: 2020-10-07 08:34:11
(epstopdf)                    size: 189350 bytes
(epstopdf)             Output file: <FIG_theta_1_dependence_on_t2-eps-converted
-to.pdf>
(epstopdf)                    date: 2020-10-07 08:36:59
(epstopdf)                    size: 42704 bytes
(epstopdf)             Command: <epstopdf --outfile=FIG_theta_1_dependence_on_t
2-eps-converted-to.pdf FIG_theta_1_dependence_on_t2.eps>
(epstopdf)             \includegraphics on input line 703.
Package epstopdf Info: Output file is already uptodate.


pdfTeX warning: pdflatex.exe (file ./FIG_theta_1_dependence_on_t2-eps-converted
-to.pdf): PDF inclusion: found PDF version <1.7>, but at most version <1.5> all
owed
<FIG_theta_1_dependence_on_t2-eps-converted-to.pdf, id=29, 204.765pt x 144.54pt
>
File: FIG_theta_1_dependence_on_t2-eps-converted-to.pdf Graphic file (type pdf)

<use FIG_theta_1_dependence_on_t2-eps-converted-to.pdf>
Package pdftex.def Info: FIG_theta_1_dependence_on_t2-eps-converted-to.pdf  use
d on input line 703.
(pdftex.def)             Requested size: 174.05106pt x 122.85956pt.
Package epstopdf Info: Source file: <FIG_true_optimal_theta1_theta2.eps>
(epstopdf)                    date: 2020-10-21 08:16:10
(epstopdf)                    size: 31400 bytes
(epstopdf)             Output file: <FIG_true_optimal_theta1_theta2-eps-convert
ed-to.pdf>
(epstopdf)                    date: 2020-10-21 08:17:18
(epstopdf)                    size: 11954 bytes
(epstopdf)             Command: <epstopdf --outfile=FIG_true_optimal_theta1_the
ta2-eps-converted-to.pdf FIG_true_optimal_theta1_theta2.eps>
(epstopdf)             \includegraphics on input line 713.
Package epstopdf Info: Output file is already uptodate.


pdfTeX warning: pdflatex.exe (file ./FIG_true_optimal_theta1_theta2-eps-convert
ed-to.pdf): PDF inclusion: found PDF version <1.7>, but at most version <1.5> a
llowed
<FIG_true_optimal_theta1_theta2-eps-converted-to.pdf, id=30, 203.76125pt x 307.
1475pt>
File: FIG_true_optimal_theta1_theta2-eps-converted-to.pdf Graphic file (type pd
f)
<use FIG_true_optimal_theta1_theta2-eps-converted-to.pdf>
Package pdftex.def Info: FIG_true_optimal_theta1_theta2-eps-converted-to.pdf  u
sed on input line 713.
(pdftex.def)             Requested size: 173.19786pt x 261.0766pt.
[6 <./FIG_obj_fn-eps-converted-to.pdf> <./FIG_theta_1_dependence_on_t2-eps-conv
erted-to.pdf> <./FIG_true_optimal_theta1_theta2-eps-converted-to.pdf>]
Package epstopdf Info: Source file: <FIG_six_discrepancies.eps>
(epstopdf)                    date: 2020-10-07 08:48:54
(epstopdf)                    size: 2629932 bytes
(epstopdf)             Output file: <FIG_six_discrepancies-eps-converted-to.pdf
>
(epstopdf)                    date: 2020-10-07 08:49:22
(epstopdf)                    size: 934095 bytes
(epstopdf)             Command: <epstopdf --outfile=FIG_six_discrepancies-eps-c
onverted-to.pdf FIG_six_discrepancies.eps>
(epstopdf)             \includegraphics on input line 753.
Package epstopdf Info: Output file is already uptodate.


pdfTeX warning: pdflatex.exe (file ./FIG_six_discrepancies-eps-converted-to.pdf
): PDF inclusion: found PDF version <1.7>, but at most version <1.5> allowed
<FIG_six_discrepancies-eps-converted-to.pdf, id=68, 407.5225pt x 603.25375pt>
File: FIG_six_discrepancies-eps-converted-to.pdf Graphic file (type pdf)
<use FIG_six_discrepancies-eps-converted-to.pdf>
Package pdftex.def Info: FIG_six_discrepancies-eps-converted-to.pdf  used on in
put line 753.
(pdftex.def)             Requested size: 346.39575pt x 512.76811pt.
Package epstopdf Info: Source file: <FIG_observed_data.eps>
(epstopdf)                    date: 2020-10-21 08:16:10
(epstopdf)                    size: 419225 bytes
(epstopdf)             Output file: <FIG_observed_data-eps-converted-to.pdf>
(epstopdf)                    date: 2020-10-21 08:17:19
(epstopdf)                    size: 330526 bytes
(epstopdf)             Command: <epstopdf --outfile=FIG_observed_data-eps-conve
rted-to.pdf FIG_observed_data.eps>
(epstopdf)             \includegraphics on input line 771.
Package epstopdf Info: Output file is already uptodate.


pdfTeX warning: pdflatex.exe (file ./FIG_observed_data-eps-converted-to.pdf): P
DF inclusion: found PDF version <1.7>, but at most version <1.5> allowed
<FIG_observed_data-eps-converted-to.pdf, id=69, 244.915pt x 226.8475pt>
File: FIG_observed_data-eps-converted-to.pdf Graphic file (type pdf)
<use FIG_observed_data-eps-converted-to.pdf>
Package pdftex.def Info: FIG_observed_data-eps-converted-to.pdf  used on input 
line 771.
(pdftex.def)             Requested size: 208.17871pt x 192.82127pt.
Package epstopdf Info: Source file: <FIG_AS_vs_SFD_obs_locs.eps>
(epstopdf)                    date: 2020-10-13 13:27:18
(epstopdf)                    size: 101914 bytes
(epstopdf)             Output file: <FIG_AS_vs_SFD_obs_locs-eps-converted-to.pd
f>
(epstopdf)                    date: 2020-10-14 08:23:13
(epstopdf)                    size: 61736 bytes
(epstopdf)             Command: <epstopdf --outfile=FIG_AS_vs_SFD_obs_locs-eps-
converted-to.pdf FIG_AS_vs_SFD_obs_locs.eps>
(epstopdf)             \includegraphics on input line 785.
Package epstopdf Info: Output file is already uptodate.


pdfTeX warning: pdflatex.exe (file ./FIG_AS_vs_SFD_obs_locs-eps-converted-to.pd
f): PDF inclusion: found PDF version <1.7>, but at most version <1.5> allowed
<FIG_AS_vs_SFD_obs_locs-eps-converted-to.pdf, id=70, 207.77625pt x 188.705pt>
File: FIG_AS_vs_SFD_obs_locs-eps-converted-to.pdf Graphic file (type pdf)
<use FIG_AS_vs_SFD_obs_locs-eps-converted-to.pdf>
Package pdftex.def Info: FIG_AS_vs_SFD_obs_locs-eps-converted-to.pdf  used on i
nput line 785.
(pdftex.def)             Requested size: 176.61063pt x 160.4pt.
Package epstopdf Info: Source file: <FIG_dual_calib_SDOE_comp_theta1-d0.eps>
(epstopdf)                    date: 2020-10-10 08:52:48
(epstopdf)                    size: 56576 bytes
(epstopdf)             Output file: <FIG_dual_calib_SDOE_comp_theta1-d0-eps-con
verted-to.pdf>
(epstopdf)                    date: 2020-10-10 08:53:25
(epstopdf)                    size: 44109 bytes
(epstopdf)             Command: <epstopdf --outfile=FIG_dual_calib_SDOE_comp_th
eta1-d0-eps-converted-to.pdf FIG_dual_calib_SDOE_comp_theta1-d0.eps>
(epstopdf)             \includegraphics on input line 815.
Package epstopdf Info: Output file is already uptodate.


pdfTeX warning: pdflatex.exe (file ./FIG_dual_calib_SDOE_comp_theta1-d0-eps-con
verted-to.pdf): PDF inclusion: found PDF version <1.7>, but at most version <1.
5> allowed
<FIG_dual_calib_SDOE_comp_theta1-d0-eps-converted-to.pdf, id=71, 226.8475pt x 9
1.34125pt>
File: FIG_dual_calib_SDOE_comp_theta1-d0-eps-converted-to.pdf Graphic file (typ
e pdf)
<use FIG_dual_calib_SDOE_comp_theta1-d0-eps-converted-to.pdf>
Package pdftex.def Info: FIG_dual_calib_SDOE_comp_theta1-d0-eps-converted-to.pd
f  used on input line 815.
(pdftex.def)             Requested size: 192.82127pt x 77.64041pt.
Package epstopdf Info: Source file: <FIG_dual_calib_SDOE_comp_theta2-d0.eps>
(epstopdf)                    date: 2020-10-10 08:52:49
(epstopdf)                    size: 60878 bytes
(epstopdf)             Output file: <FIG_dual_calib_SDOE_comp_theta2-d0-eps-con
verted-to.pdf>
(epstopdf)                    date: 2020-10-10 08:53:25
(epstopdf)                    size: 46249 bytes
(epstopdf)             Command: <epstopdf --outfile=FIG_dual_calib_SDOE_comp_th
eta2-d0-eps-converted-to.pdf FIG_dual_calib_SDOE_comp_theta2-d0.eps>
(epstopdf)             \includegraphics on input line 816.
Package epstopdf Info: Output file is already uptodate.


pdfTeX warning: pdflatex.exe (file ./FIG_dual_calib_SDOE_comp_theta2-d0-eps-con
verted-to.pdf): PDF inclusion: found PDF version <1.7>, but at most version <1.
5> allowed
<FIG_dual_calib_SDOE_comp_theta2-d0-eps-converted-to.pdf, id=72, 226.8475pt x 9
1.34125pt>
File: FIG_dual_calib_SDOE_comp_theta2-d0-eps-converted-to.pdf Graphic file (typ
e pdf)
<use FIG_dual_calib_SDOE_comp_theta2-d0-eps-converted-to.pdf>
Package pdftex.def Info: FIG_dual_calib_SDOE_comp_theta2-d0-eps-converted-to.pd
f  used on input line 816.
(pdftex.def)             Requested size: 192.82127pt x 77.64041pt.
Package epstopdf Info: Source file: <FIG_dual_calib_SDOE_comp_theta1-d1.eps>
(epstopdf)                    date: 2020-10-10 08:52:49
(epstopdf)                    size: 58212 bytes
(epstopdf)             Output file: <FIG_dual_calib_SDOE_comp_theta1-d1-eps-con
verted-to.pdf>
(epstopdf)                    date: 2020-10-10 08:53:26
(epstopdf)                    size: 45364 bytes
(epstopdf)             Command: <epstopdf --outfile=FIG_dual_calib_SDOE_comp_th
eta1-d1-eps-converted-to.pdf FIG_dual_calib_SDOE_comp_theta1-d1.eps>
(epstopdf)             \includegraphics on input line 818.
Package epstopdf Info: Output file is already uptodate.


pdfTeX warning: pdflatex.exe (file ./FIG_dual_calib_SDOE_comp_theta1-d1-eps-con
verted-to.pdf): PDF inclusion: found PDF version <1.7>, but at most version <1.
5> allowed
<FIG_dual_calib_SDOE_comp_theta1-d1-eps-converted-to.pdf, id=73, 226.8475pt x 9
1.34125pt>
File: FIG_dual_calib_SDOE_comp_theta1-d1-eps-converted-to.pdf Graphic file (typ
e pdf)
<use FIG_dual_calib_SDOE_comp_theta1-d1-eps-converted-to.pdf>
Package pdftex.def Info: FIG_dual_calib_SDOE_comp_theta1-d1-eps-converted-to.pd
f  used on input line 818.
(pdftex.def)             Requested size: 192.82127pt x 77.64041pt.
Package epstopdf Info: Source file: <FIG_dual_calib_SDOE_comp_theta2-d1.eps>
(epstopdf)                    date: 2020-10-10 08:52:50
(epstopdf)                    size: 63524 bytes
(epstopdf)             Output file: <FIG_dual_calib_SDOE_comp_theta2-d1-eps-con
verted-to.pdf>
(epstopdf)                    date: 2020-10-10 08:53:27
(epstopdf)                    size: 48959 bytes
(epstopdf)             Command: <epstopdf --outfile=FIG_dual_calib_SDOE_comp_th
eta2-d1-eps-converted-to.pdf FIG_dual_calib_SDOE_comp_theta2-d1.eps>
(epstopdf)             \includegraphics on input line 819.
Package epstopdf Info: Output file is already uptodate.


pdfTeX warning: pdflatex.exe (file ./FIG_dual_calib_SDOE_comp_theta2-d1-eps-con
verted-to.pdf): PDF inclusion: found PDF version <1.7>, but at most version <1.
5> allowed
<FIG_dual_calib_SDOE_comp_theta2-d1-eps-converted-to.pdf, id=74, 226.8475pt x 9
1.34125pt>
File: FIG_dual_calib_SDOE_comp_theta2-d1-eps-converted-to.pdf Graphic file (typ
e pdf)
<use FIG_dual_calib_SDOE_comp_theta2-d1-eps-converted-to.pdf>
Package pdftex.def Info: FIG_dual_calib_SDOE_comp_theta2-d1-eps-converted-to.pd
f  used on input line 819.
(pdftex.def)             Requested size: 192.82127pt x 77.64041pt.
Package epstopdf Info: Source file: <FIG_dual_calib_SDOE_comp_theta1-d2.eps>
(epstopdf)                    date: 2020-10-10 08:52:51
(epstopdf)                    size: 57657 bytes
(epstopdf)             Output file: <FIG_dual_calib_SDOE_comp_theta1-d2-eps-con
verted-to.pdf>
(epstopdf)                    date: 2020-10-10 08:53:27
(epstopdf)                    size: 45455 bytes
(epstopdf)             Command: <epstopdf --outfile=FIG_dual_calib_SDOE_comp_th
eta1-d2-eps-converted-to.pdf FIG_dual_calib_SDOE_comp_theta1-d2.eps>
(epstopdf)             \includegraphics on input line 821.
Package epstopdf Info: Output file is already uptodate.


pdfTeX warning: pdflatex.exe (file ./FIG_dual_calib_SDOE_comp_theta1-d2-eps-con
verted-to.pdf): PDF inclusion: found PDF version <1.7>, but at most version <1.
5> allowed
<FIG_dual_calib_SDOE_comp_theta1-d2-eps-converted-to.pdf, id=75, 226.8475pt x 9
1.34125pt>
File: FIG_dual_calib_SDOE_comp_theta1-d2-eps-converted-to.pdf Graphic file (typ
e pdf)
<use FIG_dual_calib_SDOE_comp_theta1-d2-eps-converted-to.pdf>
Package pdftex.def Info: FIG_dual_calib_SDOE_comp_theta1-d2-eps-converted-to.pd
f  used on input line 821.
(pdftex.def)             Requested size: 192.82127pt x 77.64041pt.
Package epstopdf Info: Source file: <FIG_dual_calib_SDOE_comp_theta2-d2.eps>
(epstopdf)                    date: 2020-10-10 08:52:51
(epstopdf)                    size: 61353 bytes
(epstopdf)             Output file: <FIG_dual_calib_SDOE_comp_theta2-d2-eps-con
verted-to.pdf>
(epstopdf)                    date: 2020-10-10 08:53:28
(epstopdf)                    size: 46353 bytes
(epstopdf)             Command: <epstopdf --outfile=FIG_dual_calib_SDOE_comp_th
eta2-d2-eps-converted-to.pdf FIG_dual_calib_SDOE_comp_theta2-d2.eps>
(epstopdf)             \includegraphics on input line 822.
Package epstopdf Info: Output file is already uptodate.


pdfTeX warning: pdflatex.exe (file ./FIG_dual_calib_SDOE_comp_theta2-d2-eps-con
verted-to.pdf): PDF inclusion: found PDF version <1.7>, but at most version <1.
5> allowed
<FIG_dual_calib_SDOE_comp_theta2-d2-eps-converted-to.pdf, id=76, 226.8475pt x 9
1.34125pt>
File: FIG_dual_calib_SDOE_comp_theta2-d2-eps-converted-to.pdf Graphic file (typ
e pdf)
<use FIG_dual_calib_SDOE_comp_theta2-d2-eps-converted-to.pdf>
Package pdftex.def Info: FIG_dual_calib_SDOE_comp_theta2-d2-eps-converted-to.pd
f  used on input line 822.
(pdftex.def)             Requested size: 192.82127pt x 77.64041pt.
Package epstopdf Info: Source file: <FIG_dual_calib_SDOE_comp_theta1-d3.eps>
(epstopdf)                    date: 2020-10-10 08:52:52
(epstopdf)                    size: 60272 bytes
(epstopdf)             Output file: <FIG_dual_calib_SDOE_comp_theta1-d3-eps-con
verted-to.pdf>
(epstopdf)                    date: 2020-10-10 08:53:29
(epstopdf)                    size: 46459 bytes
(epstopdf)             Command: <epstopdf --outfile=FIG_dual_calib_SDOE_comp_th
eta1-d3-eps-converted-to.pdf FIG_dual_calib_SDOE_comp_theta1-d3.eps>
(epstopdf)             \includegraphics on input line 824.
Package epstopdf Info: Output file is already uptodate.


pdfTeX warning: pdflatex.exe (file ./FIG_dual_calib_SDOE_comp_theta1-d3-eps-con
verted-to.pdf): PDF inclusion: found PDF version <1.7>, but at most version <1.
5> allowed
<FIG_dual_calib_SDOE_comp_theta1-d3-eps-converted-to.pdf, id=77, 226.8475pt x 9
1.34125pt>
File: FIG_dual_calib_SDOE_comp_theta1-d3-eps-converted-to.pdf Graphic file (typ
e pdf)
<use FIG_dual_calib_SDOE_comp_theta1-d3-eps-converted-to.pdf>
Package pdftex.def Info: FIG_dual_calib_SDOE_comp_theta1-d3-eps-converted-to.pd
f  used on input line 824.
(pdftex.def)             Requested size: 192.82127pt x 77.64041pt.
Package epstopdf Info: Source file: <FIG_dual_calib_SDOE_comp_theta2-d3.eps>
(epstopdf)                    date: 2020-10-10 08:52:52
(epstopdf)                    size: 62620 bytes
(epstopdf)             Output file: <FIG_dual_calib_SDOE_comp_theta2-d3-eps-con
verted-to.pdf>
(epstopdf)                    date: 2020-10-10 08:53:29
(epstopdf)                    size: 47294 bytes
(epstopdf)             Command: <epstopdf --outfile=FIG_dual_calib_SDOE_comp_th
eta2-d3-eps-converted-to.pdf FIG_dual_calib_SDOE_comp_theta2-d3.eps>
(epstopdf)             \includegraphics on input line 825.
Package epstopdf Info: Output file is already uptodate.


pdfTeX warning: pdflatex.exe (file ./FIG_dual_calib_SDOE_comp_theta2-d3-eps-con
verted-to.pdf): PDF inclusion: found PDF version <1.7>, but at most version <1.
5> allowed
<FIG_dual_calib_SDOE_comp_theta2-d3-eps-converted-to.pdf, id=78, 226.8475pt x 9
1.34125pt>
File: FIG_dual_calib_SDOE_comp_theta2-d3-eps-converted-to.pdf Graphic file (typ
e pdf)
<use FIG_dual_calib_SDOE_comp_theta2-d3-eps-converted-to.pdf>
Package pdftex.def Info: FIG_dual_calib_SDOE_comp_theta2-d3-eps-converted-to.pd
f  used on input line 825.
(pdftex.def)             Requested size: 192.82127pt x 77.64041pt.
Package epstopdf Info: Source file: <FIG_dual_calib_SDOE_comp_theta1-d4.eps>
(epstopdf)                    date: 2020-10-10 08:52:53
(epstopdf)                    size: 60452 bytes
(epstopdf)             Output file: <FIG_dual_calib_SDOE_comp_theta1-d4-eps-con
verted-to.pdf>
(epstopdf)                    date: 2020-10-10 08:53:30
(epstopdf)                    size: 48278 bytes
(epstopdf)             Command: <epstopdf --outfile=FIG_dual_calib_SDOE_comp_th
eta1-d4-eps-converted-to.pdf FIG_dual_calib_SDOE_comp_theta1-d4.eps>
(epstopdf)             \includegraphics on input line 827.
Package epstopdf Info: Output file is already uptodate.


pdfTeX warning: pdflatex.exe (file ./FIG_dual_calib_SDOE_comp_theta1-d4-eps-con
verted-to.pdf): PDF inclusion: found PDF version <1.7>, but at most version <1.
5> allowed
<FIG_dual_calib_SDOE_comp_theta1-d4-eps-converted-to.pdf, id=79, 226.8475pt x 9
1.34125pt>
File: FIG_dual_calib_SDOE_comp_theta1-d4-eps-converted-to.pdf Graphic file (typ
e pdf)
<use FIG_dual_calib_SDOE_comp_theta1-d4-eps-converted-to.pdf>
Package pdftex.def Info: FIG_dual_calib_SDOE_comp_theta1-d4-eps-converted-to.pd
f  used on input line 827.
(pdftex.def)             Requested size: 192.82127pt x 77.64041pt.
Package epstopdf Info: Source file: <FIG_dual_calib_SDOE_comp_theta2-d4.eps>
(epstopdf)                    date: 2020-10-10 08:52:53
(epstopdf)                    size: 61173 bytes
(epstopdf)             Output file: <FIG_dual_calib_SDOE_comp_theta2-d4-eps-con
verted-to.pdf>
(epstopdf)                    date: 2020-10-10 08:53:31
(epstopdf)                    size: 45436 bytes
(epstopdf)             Command: <epstopdf --outfile=FIG_dual_calib_SDOE_comp_th
eta2-d4-eps-converted-to.pdf FIG_dual_calib_SDOE_comp_theta2-d4.eps>
(epstopdf)             \includegraphics on input line 828.
Package epstopdf Info: Output file is already uptodate.


pdfTeX warning: pdflatex.exe (file ./FIG_dual_calib_SDOE_comp_theta2-d4-eps-con
verted-to.pdf): PDF inclusion: found PDF version <1.7>, but at most version <1.
5> allowed
<FIG_dual_calib_SDOE_comp_theta2-d4-eps-converted-to.pdf, id=80, 226.8475pt x 9
1.34125pt>
File: FIG_dual_calib_SDOE_comp_theta2-d4-eps-converted-to.pdf Graphic file (typ
e pdf)
<use FIG_dual_calib_SDOE_comp_theta2-d4-eps-converted-to.pdf>
Package pdftex.def Info: FIG_dual_calib_SDOE_comp_theta2-d4-eps-converted-to.pd
f  used on input line 828.
(pdftex.def)             Requested size: 192.82127pt x 77.64041pt.

Underfull \hbox (badness 5105) in paragraph at lines 829--829
[]|$\OML/ptmcm/m/it/10 f[]$\OT1/ptm/m/n/10 , $\OML/ptmcm/m/it/10 a \OT1/ptmcm/m
/n/10 = \OML/ptmcm/m/it/10 :\OT1/ptmcm/m/n/10 055$\OT1/ptm/m/n/10 ,
 []

Package epstopdf Info: Source file: <FIG_dual_calib_SDOE_comp_theta1-d5.eps>
(epstopdf)                    date: 2020-10-10 08:52:54
(epstopdf)                    size: 52900 bytes
(epstopdf)             Output file: <FIG_dual_calib_SDOE_comp_theta1-d5-eps-con
verted-to.pdf>
(epstopdf)                    date: 2020-10-10 08:53:31
(epstopdf)                    size: 40981 bytes
(epstopdf)             Command: <epstopdf --outfile=FIG_dual_calib_SDOE_comp_th
eta1-d5-eps-converted-to.pdf FIG_dual_calib_SDOE_comp_theta1-d5.eps>
(epstopdf)             \includegraphics on input line 830.
Package epstopdf Info: Output file is already uptodate.


pdfTeX warning: pdflatex.exe (file ./FIG_dual_calib_SDOE_comp_theta1-d5-eps-con
verted-to.pdf): PDF inclusion: found PDF version <1.7>, but at most version <1.
5> allowed
<FIG_dual_calib_SDOE_comp_theta1-d5-eps-converted-to.pdf, id=81, 226.8475pt x 9
1.34125pt>
File: FIG_dual_calib_SDOE_comp_theta1-d5-eps-converted-to.pdf Graphic file (typ
e pdf)
<use FIG_dual_calib_SDOE_comp_theta1-d5-eps-converted-to.pdf>
Package pdftex.def Info: FIG_dual_calib_SDOE_comp_theta1-d5-eps-converted-to.pd
f  used on input line 830.
(pdftex.def)             Requested size: 192.82127pt x 77.64041pt.
Package epstopdf Info: Source file: <FIG_dual_calib_SDOE_comp_theta2-d5.eps>
(epstopdf)                    date: 2020-10-10 08:52:55
(epstopdf)                    size: 58059 bytes
(epstopdf)             Output file: <FIG_dual_calib_SDOE_comp_theta2-d5-eps-con
verted-to.pdf>
(epstopdf)                    date: 2020-10-10 08:53:32
(epstopdf)                    size: 43944 bytes
(epstopdf)             Command: <epstopdf --outfile=FIG_dual_calib_SDOE_comp_th
eta2-d5-eps-converted-to.pdf FIG_dual_calib_SDOE_comp_theta2-d5.eps>
(epstopdf)             \includegraphics on input line 831.
Package epstopdf Info: Output file is already uptodate.


pdfTeX warning: pdflatex.exe (file ./FIG_dual_calib_SDOE_comp_theta2-d5-eps-con
verted-to.pdf): PDF inclusion: found PDF version <1.7>, but at most version <1.
5> allowed
<FIG_dual_calib_SDOE_comp_theta2-d5-eps-converted-to.pdf, id=82, 226.8475pt x 9
1.34125pt>
File: FIG_dual_calib_SDOE_comp_theta2-d5-eps-converted-to.pdf Graphic file (typ
e pdf)
<use FIG_dual_calib_SDOE_comp_theta2-d5-eps-converted-to.pdf>
Package pdftex.def Info: FIG_dual_calib_SDOE_comp_theta2-d5-eps-converted-to.pd
f  used on input line 831.
(pdftex.def)             Requested size: 192.82127pt x 77.64041pt.

Underfull \hbox (badness 5105) in paragraph at lines 832--832
[]|$\OML/ptmcm/m/it/10 f[]$\OT1/ptm/m/n/10 , $\OML/ptmcm/m/it/10 a \OT1/ptmcm/m
/n/10 = \OML/ptmcm/m/it/10 :\OT1/ptmcm/m/n/10 055$\OT1/ptm/m/n/10 ,
 []

Package epstopdf Info: Source file: <FIG_dual_calib_SDOE_comp_theta1-d6.eps>
(epstopdf)                    date: 2020-10-10 08:52:55
(epstopdf)                    size: 58157 bytes
(epstopdf)             Output file: <FIG_dual_calib_SDOE_comp_theta1-d6-eps-con
verted-to.pdf>
(epstopdf)                    date: 2020-10-10 08:53:33
(epstopdf)                    size: 46135 bytes
(epstopdf)             Command: <epstopdf --outfile=FIG_dual_calib_SDOE_comp_th
eta1-d6-eps-converted-to.pdf FIG_dual_calib_SDOE_comp_theta1-d6.eps>
(epstopdf)             \includegraphics on input line 833.
Package epstopdf Info: Output file is already uptodate.


pdfTeX warning: pdflatex.exe (file ./FIG_dual_calib_SDOE_comp_theta1-d6-eps-con
verted-to.pdf): PDF inclusion: found PDF version <1.7>, but at most version <1.
5> allowed
<FIG_dual_calib_SDOE_comp_theta1-d6-eps-converted-to.pdf, id=83, 226.8475pt x 9
1.34125pt>
File: FIG_dual_calib_SDOE_comp_theta1-d6-eps-converted-to.pdf Graphic file (typ
e pdf)
<use FIG_dual_calib_SDOE_comp_theta1-d6-eps-converted-to.pdf>
Package pdftex.def Info: FIG_dual_calib_SDOE_comp_theta1-d6-eps-converted-to.pd
f  used on input line 833.
(pdftex.def)             Requested size: 192.82127pt x 77.64041pt.
Package epstopdf Info: Source file: <FIG_dual_calib_SDOE_comp_theta2-d6.eps>
(epstopdf)                    date: 2020-10-10 08:52:56
(epstopdf)                    size: 60333 bytes
(epstopdf)             Output file: <FIG_dual_calib_SDOE_comp_theta2-d6-eps-con
verted-to.pdf>
(epstopdf)                    date: 2020-10-10 08:53:33
(epstopdf)                    size: 46281 bytes
(epstopdf)             Command: <epstopdf --outfile=FIG_dual_calib_SDOE_comp_th
eta2-d6-eps-converted-to.pdf FIG_dual_calib_SDOE_comp_theta2-d6.eps>
(epstopdf)             \includegraphics on input line 834.
Package epstopdf Info: Output file is already uptodate.


pdfTeX warning: pdflatex.exe (file ./FIG_dual_calib_SDOE_comp_theta2-d6-eps-con
verted-to.pdf): PDF inclusion: found PDF version <1.7>, but at most version <1.
5> allowed
<FIG_dual_calib_SDOE_comp_theta2-d6-eps-converted-to.pdf, id=84, 226.8475pt x 9
1.34125pt>
File: FIG_dual_calib_SDOE_comp_theta2-d6-eps-converted-to.pdf Graphic file (typ
e pdf)
<use FIG_dual_calib_SDOE_comp_theta2-d6-eps-converted-to.pdf>
Package pdftex.def Info: FIG_dual_calib_SDOE_comp_theta2-d6-eps-converted-to.pd
f  used on input line 834.
(pdftex.def)             Requested size: 192.82127pt x 77.64041pt.

LaTeX Warning: No positions in optional float specifier.
               Default added (so using `tbp') on input line 841.

<oscillator.png, id=85, 458.46281pt x 182.18062pt>
File: oscillator.png Graphic file (type png)
<use oscillator.png>
Package pdftex.def Info: oscillator.png  used on input line 894.
(pdftex.def)             Requested size: 389.69522pt x 154.85425pt.
[7]
<schematic.png, id=91, 469.755pt x 175.7475pt>
File: schematic.png Graphic file (type png)
<use schematic.png>
Package pdftex.def Info: schematic.png  used on input line 910.
(pdftex.def)             Requested size: 399.29364pt x 149.38606pt.

Underfull \vbox (badness 10000) has occurred while \output is active []


Underfull \vbox (badness 10000) has occurred while \output is active []

 [8 <./FIG_six_discrepancies-eps-converted-to.pdf>] [9 <./FIG_observed_data-eps
-converted-to.pdf> <./FIG_AS_vs_SFD_obs_locs-eps-converted-to.pdf>]
Underfull \vbox (badness 10000) has occurred while \output is active []

<impulse.png, id=132, 509.77026pt x 149.87537pt>
File: impulse.png Graphic file (type png)
<use impulse.png>
Package pdftex.def Info: impulse.png  used on input line 1087.
(pdftex.def)             Requested size: 420.79546pt x 123.71957pt.
<vibration.png, id=133, 455.301pt x 136.8312pt>
File: vibration.png Graphic file (type png)
<use vibration.png>
Package pdftex.def Info: vibration.png  used on input line 1097.
(pdftex.def)             Requested size: 420.79546pt x 126.46455pt.

Underfull \vbox (badness 1221) has occurred while \output is active []

 [10 <./FIG_dual_calib_SDOE_comp_theta1-d0-eps-converted-to.pdf> <./FIG_dual_ca
lib_SDOE_comp_theta2-d0-eps-converted-to.pdf> <./FIG_dual_calib_SDOE_comp_theta
1-d1-eps-converted-to.pdf> <./FIG_dual_calib_SDOE_comp_theta2-d1-eps-converted-
to.pdf> <./FIG_dual_calib_SDOE_comp_theta1-d2-eps-converted-to.pdf> <./FIG_dual
_calib_SDOE_comp_theta2-d2-eps-converted-to.pdf> <./FIG_dual_calib_SDOE_comp_th
eta1-d3-eps-converted-to.pdf> <./FIG_dual_calib_SDOE_comp_theta2-d3-eps-convert
ed-to.pdf> <./FIG_dual_calib_SDOE_comp_theta1-d4-eps-converted-to.pdf> <./FIG_d
ual_calib_SDOE_comp_theta2-d4-eps-converted-to.pdf> <./FIG_dual_calib_SDOE_comp
_theta1-d5-eps-converted-to.pdf> <./FIG_dual_calib_SDOE_comp_theta2-d5-eps-conv
erted-to.pdf> <./FIG_dual_calib_SDOE_comp_theta1-d6-eps-converted-to.pdf> <./FI
G_dual_calib_SDOE_comp_theta2-d6-eps-converted-to.pdf>]
Underfull \vbox (badness 10000) has occurred while \output is active []

<dvs.png, id=291, 741.43666pt x 475.7775pt>
File: dvs.png Graphic file (type png)
<use dvs.png>
Package pdftex.def Info: dvs.png  used on input line 1121.
(pdftex.def)             Requested size: 205.17624pt x 131.6632pt.

Underfull \vbox (badness 1783) has occurred while \output is active []

 [11 <./oscillator.png> <./schematic.png>]
Underfull \vbox (badness 10000) has occurred while \output is active []

 [12]
Underfull \vbox (badness 10000) has occurred while \output is active []

Package epstopdf Info: Source file: <FIG_DVS_DCTO_input_posteriors.eps>
(epstopdf)                    date: 2020-10-24 11:17:21
(epstopdf)                    size: 193477 bytes
(epstopdf)             Output file: <FIG_DVS_DCTO_input_posteriors-eps-converte
d-to.pdf>
(epstopdf)                    date: 2020-10-24 11:33:13
(epstopdf)                    size: 150243 bytes
(epstopdf)             Command: <epstopdf --outfile=FIG_DVS_DCTO_input_posterio
rs-eps-converted-to.pdf FIG_DVS_DCTO_input_posteriors.eps>
(epstopdf)             \includegraphics on input line 1194.
Package epstopdf Info: Output file is already uptodate.


pdfTeX warning: pdflatex.exe (file ./FIG_DVS_DCTO_input_posteriors-eps-converte
d-to.pdf): PDF inclusion: found PDF version <1.7>, but at most version <1.5> al
lowed
<FIG_DVS_DCTO_input_posteriors-eps-converted-to.pdf, id=300, 226.8475pt x 377.4
1pt>
File: FIG_DVS_DCTO_input_posteriors-eps-converted-to.pdf Graphic file (type pdf
)
<use FIG_DVS_DCTO_input_posteriors-eps-converted-to.pdf>
Package pdftex.def Info: FIG_DVS_DCTO_input_posteriors-eps-converted-to.pdf  us
ed on input line 1194.
(pdftex.def)             Requested size: 192.82127pt x 320.8pt.

Underfull \vbox (badness 10000) has occurred while \output is active []

 [13 <./impulse.png> <./vibration.png>]
Package epstopdf Info: Source file: <FIG_DVS_DCTO_prior_and_posterior_output.ep
s>
(epstopdf)                    date: 2020-10-24 11:32:20
(epstopdf)                    size: 192244 bytes
(epstopdf)             Output file: <FIG_DVS_DCTO_prior_and_posterior_output-ep
s-converted-to.pdf>
(epstopdf)                    date: 2020-10-24 11:33:14
(epstopdf)                    size: 171885 bytes
(epstopdf)             Command: <epstopdf --outfile=FIG_DVS_DCTO_prior_and_post
erior_output-eps-converted-to.pdf FIG_DVS_DCTO_prior_and_posterior_output.eps>
(epstopdf)             \includegraphics on input line 1220.
Package epstopdf Info: Output file is already uptodate.


pdfTeX warning: pdflatex.exe (file ./FIG_DVS_DCTO_prior_and_posterior_output-ep
s-converted-to.pdf): PDF inclusion: found PDF version <1.7>, but at most versio
n <1.5> allowed
<FIG_DVS_DCTO_prior_and_posterior_output-eps-converted-to.pdf, id=307, 188.705p
t x 452.69125pt>
File: FIG_DVS_DCTO_prior_and_posterior_output-eps-converted-to.pdf Graphic file
 (type pdf)
<use FIG_DVS_DCTO_prior_and_posterior_output-eps-converted-to.pdf>
Package pdftex.def Info: FIG_DVS_DCTO_prior_and_posterior_output-eps-converted-
to.pdf  used on input line 1220.
(pdftex.def)             Requested size: 160.4pt x 384.78937pt.

Underfull \vbox (badness 4582) has occurred while \output is active []

 [14 <./dvs.png> <./FIG_DVS_DCTO_input_posteriors-eps-converted-to.pdf> <./FIG_
DVS_DCTO_prior_and_posterior_output-eps-converted-to.pdf>] (working_version.bbl

Underfull \vbox (badness 10000) has occurred while \output is active []

 [15]
Underfull \hbox (badness 5091) in paragraph at lines 186--190
[]\OT1/ptm/m/n/10 Gelfand, A. E., and Smith, A. F. M., 1990.
 []


Underfull \vbox (badness 10000) has occurred while \output is active []

) [16]
(working_version.aux) ) 
Here is how much of TeX's memory you used:
 4455 strings out of 480930
 75325 string characters out of 2909550
 312417 words of memory out of 3000000
 20239 multiletter control sequences out of 15000+200000
 576753 words of font info for 110 fonts, out of 3000000 for 9000
 1141 hyphenation exceptions out of 8191
 38i,14n,43p,728b,359s stack positions out of 5000i,500n,10000p,200000b,50000s
{C:/Program Files/MiKTeX 2.9/fonts/enc/dvips/base/8r.enc
}<C:/Program Files/MiKTeX 2.9/fonts/type1/public/amsfonts/cm/cmex10.pfb><C:/Pro
gram Files/MiKTeX 2.9/fonts/type1/public/amsfonts/cmextra/cmex9.pfb><C:/Program
 Files/MiKTeX 2.9/fonts/type1/public/amsfonts/cm/cmmi10.pfb><C:/Program Files/M
iKTeX 2.9/fonts/type1/public/amsfonts/cm/cmr10.pfb><C:/Program Files/MiKTeX 2.9
/fonts/type1/public/amsfonts/cm/cmsy10.pfb><C:/Users/Carl/AppData/Roaming/MiKTe
X/2.9/fonts/type1/urw/helvetic/uhvb8a.pfb><C:/Users/Carl/AppData/Roaming/MiKTeX
/2.9/fonts/type1/urw/helvetic/uhvr8a.pfb><C:/Users/Carl/AppData/Roaming/MiKTeX/
2.9/fonts/type1/urw/symbol/usyr.pfb><C:/Users/Carl/AppData/Roaming/MiKTeX/2.9/f
onts/type1/urw/times/utmb8a.pfb><C:/Users/Carl/AppData/Roaming/MiKTeX/2.9/fonts
/type1/urw/times/utmr8a.pfb><C:/Users/Carl/AppData/Roaming/MiKTeX/2.9/fonts/typ
e1/urw/times/utmri8a.pfb><C:/Users/Carl/AppData/Roaming/MiKTeX/2.9/fonts/type1/
urw/zapfchan/uzcmi8a.pfb>
Output written on working_version.pdf (16 pages, 4650283 bytes).
PDF statistics:
 379 PDF objects out of 1000 (max. 8388607)
 0 named destinations out of 1000 (max. 500000)
 136 words of extra memory for PDF output out of 10000 (max. 10000000)

